{"C:\\Users\\peerf\\OneDrive - Shenkar College\\Documents\\שנקר הנדסת תוכנה\\שנה ג\\שירותי מארג האינטרנט - דויד אביגד\\ABtest\\controller\\external.controller.js":{"path":"C:\\Users\\peerf\\OneDrive - Shenkar College\\Documents\\שנקר הנדסת תוכנה\\שנה ג\\שירותי מארג האינטרנט - דויד אביגד\\ABtest\\controller\\external.controller.js","statementMap":{"0":{"start":{"line":6,"column":4},"end":{"line":6,"column":32}},"1":{"start":{"line":7,"column":31},"end":{"line":7,"column":59}},"2":{"start":{"line":8,"column":28},"end":{"line":8,"column":57}},"3":{"start":{"line":9,"column":26},"end":{"line":9,"column":67}},"4":{"start":{"line":10,"column":29},"end":{"line":10,"column":77}},"5":{"start":{"line":11,"column":23},"end":{"line":11,"column":67}},"6":{"start":{"line":15,"column":4},"end":{"line":15,"column":42}},"7":{"start":{"line":16,"column":44},"end":{"line":16,"column":80}},"8":{"start":{"line":17,"column":44},"end":{"line":17,"column":82}},"9":{"start":{"line":20,"column":4},"end":{"line":20,"column":50}},"10":{"start":{"line":21,"column":28},"end":{"line":21,"column":64}},"11":{"start":{"line":23,"column":16},"end":{"line":35,"column":1}},"12":{"start":{"line":24,"column":2},"end":{"line":24,"column":65}},"13":{"start":{"line":25,"column":15},"end":{"line":25,"column":44}},"14":{"start":{"line":26,"column":2},"end":{"line":33,"column":6}},"15":{"start":{"line":27,"column":4},"end":{"line":33,"column":6}},"16":{"start":{"line":34,"column":2},"end":{"line":34,"column":66}},"17":{"start":{"line":37,"column":20},"end":{"line":43,"column":1}},"18":{"start":{"line":38,"column":2},"end":{"line":38,"column":21}},"19":{"start":{"line":39,"column":2},"end":{"line":39,"column":69}},"20":{"start":{"line":39,"column":21},"end":{"line":39,"column":69}},"21":{"start":{"line":40,"column":2},"end":{"line":40,"column":68}},"22":{"start":{"line":40,"column":21},"end":{"line":40,"column":68}},"23":{"start":{"line":41,"column":2},"end":{"line":42,"column":48}},"24":{"start":{"line":42,"column":4},"end":{"line":42,"column":48}},"25":{"start":{"line":45,"column":26},"end":{"line":56,"column":1}},"26":{"start":{"line":46,"column":21},"end":{"line":46,"column":70}},"27":{"start":{"line":47,"column":2},"end":{"line":47,"column":58}},"28":{"start":{"line":47,"column":19},"end":{"line":47,"column":58}},"29":{"start":{"line":48,"column":2},"end":{"line":55,"column":3}},"30":{"start":{"line":49,"column":20},"end":{"line":49,"column":43}},"31":{"start":{"line":50,"column":4},"end":{"line":50,"column":73}},"32":{"start":{"line":51,"column":20},"end":{"line":51,"column":71}},"33":{"start":{"line":52,"column":4},"end":{"line":52,"column":34}},"34":{"start":{"line":54,"column":4},"end":{"line":54,"column":72}},"35":{"start":{"line":58,"column":31},"end":{"line":77,"column":1}},"36":{"start":{"line":65,"column":26},"end":{"line":65,"column":49}},"37":{"start":{"line":66,"column":2},"end":{"line":76,"column":3}},"38":{"start":{"line":67,"column":4},"end":{"line":71,"column":5}},"39":{"start":{"line":68,"column":6},"end":{"line":70,"column":7}},"40":{"start":{"line":69,"column":8},"end":{"line":69,"column":49}},"41":{"start":{"line":72,"column":23},"end":{"line":72,"column":71}},"42":{"start":{"line":73,"column":4},"end":{"line":73,"column":44}},"43":{"start":{"line":75,"column":4},"end":{"line":75,"column":60}},"44":{"start":{"line":79,"column":21},"end":{"line":85,"column":1}},"45":{"start":{"line":80,"column":2},"end":{"line":80,"column":56}},"46":{"start":{"line":81,"column":16},"end":{"line":81,"column":77}},"47":{"start":{"line":82,"column":25},"end":{"line":82,"column":50}},"48":{"start":{"line":83,"column":22},"end":{"line":83,"column":66}},"49":{"start":{"line":84,"column":2},"end":{"line":84,"column":17}},"50":{"start":{"line":87,"column":34},"end":{"line":92,"column":1}},"51":{"start":{"line":88,"column":21},"end":{"line":88,"column":70}},"52":{"start":{"line":89,"column":2},"end":{"line":89,"column":58}},"53":{"start":{"line":89,"column":19},"end":{"line":89,"column":58}},"54":{"start":{"line":90,"column":2},"end":{"line":90,"column":51}},"55":{"start":{"line":90,"column":38},"end":{"line":90,"column":51}},"56":{"start":{"line":91,"column":2},"end":{"line":91,"column":14}},"57":{"start":{"line":94,"column":19},"end":{"line":116,"column":1}},"58":{"start":{"line":95,"column":35},"end":{"line":95,"column":43}},"59":{"start":{"line":96,"column":2},"end":{"line":97,"column":48}},"60":{"start":{"line":97,"column":4},"end":{"line":97,"column":48}},"61":{"start":{"line":98,"column":15},"end":{"line":98,"column":44}},"62":{"start":{"line":99,"column":2},"end":{"line":99,"column":37}},"63":{"start":{"line":99,"column":13},"end":{"line":99,"column":37}},"64":{"start":{"line":100,"column":26},"end":{"line":100,"column":49}},"65":{"start":{"line":101,"column":2},"end":{"line":112,"column":3}},"66":{"start":{"line":102,"column":4},"end":{"line":111,"column":5}},"67":{"start":{"line":103,"column":22},"end":{"line":103,"column":45}},"68":{"start":{"line":104,"column":23},"end":{"line":107,"column":7}},"69":{"start":{"line":108,"column":6},"end":{"line":110,"column":9}},"70":{"start":{"line":113,"column":2},"end":{"line":115,"column":5}},"71":{"start":{"line":118,"column":34},"end":{"line":128,"column":1}},"72":{"start":{"line":119,"column":2},"end":{"line":119,"column":51}},"73":{"start":{"line":119,"column":27},"end":{"line":119,"column":51}},"74":{"start":{"line":120,"column":30},"end":{"line":120,"column":38}},"75":{"start":{"line":121,"column":2},"end":{"line":121,"column":108}},"76":{"start":{"line":121,"column":29},"end":{"line":121,"column":108}},"77":{"start":{"line":122,"column":20},"end":{"line":122,"column":58}},"78":{"start":{"line":123,"column":2},"end":{"line":123,"column":65}},"79":{"start":{"line":123,"column":16},"end":{"line":123,"column":65}},"80":{"start":{"line":124,"column":2},"end":{"line":124,"column":52}},"81":{"start":{"line":124,"column":42},"end":{"line":124,"column":50}},"82":{"start":{"line":125,"column":24},"end":{"line":125,"column":69}},"83":{"start":{"line":126,"column":2},"end":{"line":126,"column":73}},"84":{"start":{"line":126,"column":22},"end":{"line":126,"column":73}},"85":{"start":{"line":127,"column":2},"end":{"line":127,"column":38}},"86":{"start":{"line":130,"column":41},"end":{"line":140,"column":1}},"87":{"start":{"line":131,"column":2},"end":{"line":131,"column":75}},"88":{"start":{"line":131,"column":32},"end":{"line":131,"column":75}},"89":{"start":{"line":132,"column":23},"end":{"line":132,"column":46}},"90":{"start":{"line":133,"column":29},"end":{"line":133,"column":37}},"91":{"start":{"line":134,"column":2},"end":{"line":134,"column":103}},"92":{"start":{"line":134,"column":29},"end":{"line":134,"column":103}},"93":{"start":{"line":135,"column":23},"end":{"line":135,"column":140}},"94":{"start":{"line":135,"column":89},"end":{"line":135,"column":138}},"95":{"start":{"line":136,"column":2},"end":{"line":136,"column":89}},"96":{"start":{"line":136,"column":34},"end":{"line":136,"column":40}},"97":{"start":{"line":136,"column":43},"end":{"line":136,"column":89}},"98":{"start":{"line":137,"column":28},"end":{"line":137,"column":87}},"99":{"start":{"line":138,"column":2},"end":{"line":138,"column":78}},"100":{"start":{"line":138,"column":26},"end":{"line":138,"column":78}},"101":{"start":{"line":139,"column":2},"end":{"line":139,"column":42}},"102":{"start":{"line":144,"column":0},"end":{"line":144,"column":101}}},"fnMap":{"0":{"name":"(anonymous_0)","decl":{"start":{"line":23,"column":16},"end":{"line":23,"column":17}},"loc":{"start":{"line":23,"column":42},"end":{"line":35,"column":1}},"line":23},"1":{"name":"(anonymous_1)","decl":{"start":{"line":37,"column":20},"end":{"line":37,"column":21}},"loc":{"start":{"line":37,"column":63},"end":{"line":43,"column":1}},"line":37},"2":{"name":"(anonymous_2)","decl":{"start":{"line":45,"column":26},"end":{"line":45,"column":27}},"loc":{"start":{"line":45,"column":66},"end":{"line":56,"column":1}},"line":45},"3":{"name":"(anonymous_3)","decl":{"start":{"line":58,"column":31},"end":{"line":58,"column":32}},"loc":{"start":{"line":64,"column":5},"end":{"line":77,"column":1}},"line":64},"4":{"name":"(anonymous_4)","decl":{"start":{"line":79,"column":21},"end":{"line":79,"column":22}},"loc":{"start":{"line":79,"column":56},"end":{"line":85,"column":1}},"line":79},"5":{"name":"(anonymous_5)","decl":{"start":{"line":87,"column":34},"end":{"line":87,"column":35}},"loc":{"start":{"line":87,"column":58},"end":{"line":92,"column":1}},"line":87},"6":{"name":"(anonymous_6)","decl":{"start":{"line":94,"column":19},"end":{"line":94,"column":20}},"loc":{"start":{"line":94,"column":39},"end":{"line":116,"column":1}},"line":94},"7":{"name":"(anonymous_7)","decl":{"start":{"line":118,"column":34},"end":{"line":118,"column":35}},"loc":{"start":{"line":118,"column":54},"end":{"line":128,"column":1}},"line":118},"8":{"name":"(anonymous_8)","decl":{"start":{"line":124,"column":34},"end":{"line":124,"column":35}},"loc":{"start":{"line":124,"column":42},"end":{"line":124,"column":50}},"line":124},"9":{"name":"(anonymous_9)","decl":{"start":{"line":130,"column":41},"end":{"line":130,"column":42}},"loc":{"start":{"line":130,"column":61},"end":{"line":140,"column":1}},"line":130},"10":{"name":"(anonymous_10)","decl":{"start":{"line":135,"column":52},"end":{"line":135,"column":53}},"loc":{"start":{"line":135,"column":89},"end":{"line":135,"column":138}},"line":135},"11":{"name":"(anonymous_11)","decl":{"start":{"line":136,"column":25},"end":{"line":136,"column":26}},"loc":{"start":{"line":136,"column":34},"end":{"line":136,"column":40}},"line":136}},"branchMap":{"0":{"loc":{"start":{"line":26,"column":2},"end":{"line":33,"column":6}},"type":"if","locations":[{"start":{"line":26,"column":2},"end":{"line":33,"column":6}},{"start":{"line":26,"column":2},"end":{"line":33,"column":6}}],"line":26},"1":{"loc":{"start":{"line":39,"column":2},"end":{"line":39,"column":69}},"type":"if","locations":[{"start":{"line":39,"column":2},"end":{"line":39,"column":69}},{"start":{"line":39,"column":2},"end":{"line":39,"column":69}}],"line":39},"2":{"loc":{"start":{"line":40,"column":2},"end":{"line":40,"column":68}},"type":"if","locations":[{"start":{"line":40,"column":2},"end":{"line":40,"column":68}},{"start":{"line":40,"column":2},"end":{"line":40,"column":68}}],"line":40},"3":{"loc":{"start":{"line":41,"column":2},"end":{"line":42,"column":48}},"type":"if","locations":[{"start":{"line":41,"column":2},"end":{"line":42,"column":48}},{"start":{"line":41,"column":2},"end":{"line":42,"column":48}}],"line":41},"4":{"loc":{"start":{"line":47,"column":2},"end":{"line":47,"column":58}},"type":"if","locations":[{"start":{"line":47,"column":2},"end":{"line":47,"column":58}},{"start":{"line":47,"column":2},"end":{"line":47,"column":58}}],"line":47},"5":{"loc":{"start":{"line":48,"column":2},"end":{"line":55,"column":3}},"type":"if","locations":[{"start":{"line":48,"column":2},"end":{"line":55,"column":3}},{"start":{"line":48,"column":2},"end":{"line":55,"column":3}}],"line":48},"6":{"loc":{"start":{"line":66,"column":2},"end":{"line":76,"column":3}},"type":"if","locations":[{"start":{"line":66,"column":2},"end":{"line":76,"column":3}},{"start":{"line":66,"column":2},"end":{"line":76,"column":3}}],"line":66},"7":{"loc":{"start":{"line":68,"column":6},"end":{"line":70,"column":7}},"type":"if","locations":[{"start":{"line":68,"column":6},"end":{"line":70,"column":7}},{"start":{"line":68,"column":6},"end":{"line":70,"column":7}}],"line":68},"8":{"loc":{"start":{"line":89,"column":2},"end":{"line":89,"column":58}},"type":"if","locations":[{"start":{"line":89,"column":2},"end":{"line":89,"column":58}},{"start":{"line":89,"column":2},"end":{"line":89,"column":58}}],"line":89},"9":{"loc":{"start":{"line":90,"column":2},"end":{"line":90,"column":51}},"type":"if","locations":[{"start":{"line":90,"column":2},"end":{"line":90,"column":51}},{"start":{"line":90,"column":2},"end":{"line":90,"column":51}}],"line":90},"10":{"loc":{"start":{"line":96,"column":2},"end":{"line":97,"column":48}},"type":"if","locations":[{"start":{"line":96,"column":2},"end":{"line":97,"column":48}},{"start":{"line":96,"column":2},"end":{"line":97,"column":48}}],"line":96},"11":{"loc":{"start":{"line":99,"column":2},"end":{"line":99,"column":37}},"type":"if","locations":[{"start":{"line":99,"column":2},"end":{"line":99,"column":37}},{"start":{"line":99,"column":2},"end":{"line":99,"column":37}}],"line":99},"12":{"loc":{"start":{"line":102,"column":4},"end":{"line":111,"column":5}},"type":"if","locations":[{"start":{"line":102,"column":4},"end":{"line":111,"column":5}},{"start":{"line":102,"column":4},"end":{"line":111,"column":5}}],"line":102},"13":{"loc":{"start":{"line":119,"column":2},"end":{"line":119,"column":51}},"type":"if","locations":[{"start":{"line":119,"column":2},"end":{"line":119,"column":51}},{"start":{"line":119,"column":2},"end":{"line":119,"column":51}}],"line":119},"14":{"loc":{"start":{"line":121,"column":2},"end":{"line":121,"column":108}},"type":"if","locations":[{"start":{"line":121,"column":2},"end":{"line":121,"column":108}},{"start":{"line":121,"column":2},"end":{"line":121,"column":108}}],"line":121},"15":{"loc":{"start":{"line":121,"column":6},"end":{"line":121,"column":27}},"type":"binary-expr","locations":[{"start":{"line":121,"column":6},"end":{"line":121,"column":17}},{"start":{"line":121,"column":21},"end":{"line":121,"column":27}}],"line":121},"16":{"loc":{"start":{"line":123,"column":2},"end":{"line":123,"column":65}},"type":"if","locations":[{"start":{"line":123,"column":2},"end":{"line":123,"column":65}},{"start":{"line":123,"column":2},"end":{"line":123,"column":65}}],"line":123},"17":{"loc":{"start":{"line":126,"column":2},"end":{"line":126,"column":73}},"type":"if","locations":[{"start":{"line":126,"column":2},"end":{"line":126,"column":73}},{"start":{"line":126,"column":2},"end":{"line":126,"column":73}}],"line":126},"18":{"loc":{"start":{"line":131,"column":2},"end":{"line":131,"column":75}},"type":"if","locations":[{"start":{"line":131,"column":2},"end":{"line":131,"column":75}},{"start":{"line":131,"column":2},"end":{"line":131,"column":75}}],"line":131},"19":{"loc":{"start":{"line":134,"column":2},"end":{"line":134,"column":103}},"type":"if","locations":[{"start":{"line":134,"column":2},"end":{"line":134,"column":103}},{"start":{"line":134,"column":2},"end":{"line":134,"column":103}}],"line":134},"20":{"loc":{"start":{"line":134,"column":6},"end":{"line":134,"column":27}},"type":"binary-expr","locations":[{"start":{"line":134,"column":6},"end":{"line":134,"column":17}},{"start":{"line":134,"column":21},"end":{"line":134,"column":27}}],"line":134},"21":{"loc":{"start":{"line":136,"column":2},"end":{"line":136,"column":89}},"type":"if","locations":[{"start":{"line":136,"column":2},"end":{"line":136,"column":89}},{"start":{"line":136,"column":2},"end":{"line":136,"column":89}}],"line":136},"22":{"loc":{"start":{"line":138,"column":2},"end":{"line":138,"column":78}},"type":"if","locations":[{"start":{"line":138,"column":2},"end":{"line":138,"column":78}},{"start":{"line":138,"column":2},"end":{"line":138,"column":78}}],"line":138}},"s":{"0":1,"1":1,"2":1,"3":1,"4":1,"5":1,"6":1,"7":1,"8":1,"9":1,"10":1,"11":1,"12":0,"13":0,"14":0,"15":0,"16":0,"17":1,"18":0,"19":0,"20":0,"21":0,"22":0,"23":0,"24":0,"25":1,"26":0,"27":0,"28":0,"29":0,"30":0,"31":0,"32":0,"33":0,"34":0,"35":1,"36":0,"37":0,"38":0,"39":0,"40":0,"41":0,"42":0,"43":0,"44":1,"45":0,"46":0,"47":0,"48":0,"49":0,"50":1,"51":0,"52":0,"53":0,"54":0,"55":0,"56":0,"57":1,"58":0,"59":0,"60":0,"61":0,"62":0,"63":0,"64":0,"65":0,"66":0,"67":0,"68":0,"69":0,"70":0,"71":1,"72":4,"73":0,"74":3,"75":3,"76":1,"77":2,"78":2,"79":1,"80":1,"81":2,"82":1,"83":1,"84":0,"85":1,"86":1,"87":0,"88":0,"89":0,"90":0,"91":0,"92":0,"93":0,"94":0,"95":0,"96":0,"97":0,"98":0,"99":0,"100":0,"101":0,"102":1},"f":{"0":0,"1":0,"2":0,"3":0,"4":0,"5":0,"6":0,"7":4,"8":2,"9":0,"10":0,"11":0},"b":{"0":[0,0],"1":[0,0],"2":[0,0],"3":[0,0],"4":[0,0],"5":[0,0],"6":[0,0],"7":[0,0],"8":[0,0],"9":[0,0],"10":[0,0],"11":[0,0],"12":[0,0],"13":[0,3],"14":[1,2],"15":[3,3],"16":[1,1],"17":[0,1],"18":[0,0],"19":[0,0],"20":[0,0],"21":[0,0],"22":[0,0]},"_coverageSchema":"1a1c01bbd47fc00a2c39e90264f33305004495a9","hash":"e8c4137a25129fa15e4150ecc9cdec06e82db396","contentHash":"9a7e39c4814d97e4f481b0e34f13bfa067254ea65e9396ddceff53027b8e974f"},"C:\\Users\\peerf\\OneDrive - Shenkar College\\Documents\\שנקר הנדסת תוכנה\\שנה ג\\שירותי מארג האינטרנט - דויד אביגד\\ABtest\\controller\\user.controller.js":{"path":"C:\\Users\\peerf\\OneDrive - Shenkar College\\Documents\\שנקר הנדסת תוכנה\\שנה ג\\שירותי מארג האינטרנט - דויד אביגד\\ABtest\\controller\\user.controller.js","statementMap":{"0":{"start":{"line":1,"column":48},"end":{"line":1,"column":63}},"1":{"start":{"line":5,"column":4},"end":{"line":5,"column":40}},"2":{"start":{"line":6,"column":28},"end":{"line":6,"column":66}},"3":{"start":{"line":7,"column":26},"end":{"line":7,"column":65}},"4":{"start":{"line":8,"column":30},"end":{"line":8,"column":66}},"5":{"start":{"line":10,"column":23},"end":{"line":10,"column":65}},"6":{"start":{"line":12,"column":24},"end":{"line":12,"column":40}},"7":{"start":{"line":14,"column":22},"end":{"line":20,"column":1}},"8":{"start":{"line":15,"column":15},"end":{"line":15,"column":34}},"9":{"start":{"line":16,"column":2},"end":{"line":16,"column":26}},"10":{"start":{"line":16,"column":13},"end":{"line":16,"column":26}},"11":{"start":{"line":17,"column":17},"end":{"line":17,"column":58}},"12":{"start":{"line":18,"column":2},"end":{"line":18,"column":46}},"13":{"start":{"line":18,"column":13},"end":{"line":18,"column":46}},"14":{"start":{"line":19,"column":2},"end":{"line":19,"column":14}},"15":{"start":{"line":22,"column":16},"end":{"line":29,"column":1}},"16":{"start":{"line":23,"column":15},"end":{"line":23,"column":29}},"17":{"start":{"line":24,"column":2},"end":{"line":24,"column":62}},"18":{"start":{"line":24,"column":28},"end":{"line":24,"column":62}},"19":{"start":{"line":25,"column":15},"end":{"line":25,"column":23}},"20":{"start":{"line":26,"column":18},"end":{"line":26,"column":55}},"21":{"start":{"line":27,"column":2},"end":{"line":27,"column":54}},"22":{"start":{"line":27,"column":16},"end":{"line":27,"column":54}},"23":{"start":{"line":28,"column":2},"end":{"line":28,"column":17}},"24":{"start":{"line":31,"column":25},"end":{"line":43,"column":1}},"25":{"start":{"line":32,"column":2},"end":{"line":32,"column":48}},"26":{"start":{"line":32,"column":13},"end":{"line":32,"column":48}},"27":{"start":{"line":33,"column":2},"end":{"line":33,"column":65}},"28":{"start":{"line":33,"column":27},"end":{"line":33,"column":65}},"29":{"start":{"line":34,"column":19},"end":{"line":34,"column":60}},"30":{"start":{"line":35,"column":15},"end":{"line":35,"column":26}},"31":{"start":{"line":36,"column":2},"end":{"line":36,"column":51}},"32":{"start":{"line":36,"column":13},"end":{"line":36,"column":51}},"33":{"start":{"line":37,"column":2},"end":{"line":39,"column":3}},"34":{"start":{"line":38,"column":4},"end":{"line":38,"column":26}},"35":{"start":{"line":40,"column":2},"end":{"line":40,"column":36}},"36":{"start":{"line":41,"column":22},"end":{"line":41,"column":69}},"37":{"start":{"line":42,"column":2},"end":{"line":42,"column":21}},"38":{"start":{"line":45,"column":26},"end":{"line":50,"column":1}},"39":{"start":{"line":46,"column":2},"end":{"line":48,"column":3}},"40":{"start":{"line":47,"column":4},"end":{"line":47,"column":17}},"41":{"start":{"line":49,"column":2},"end":{"line":49,"column":26}},"42":{"start":{"line":52,"column":18},"end":{"line":55,"column":1}},"43":{"start":{"line":53,"column":15},"end":{"line":53,"column":29}},"44":{"start":{"line":54,"column":2},"end":{"line":54,"column":74}},"45":{"start":{"line":57,"column":18},"end":{"line":59,"column":1}},"46":{"start":{"line":58,"column":2},"end":{"line":58,"column":53}},"47":{"start":{"line":61,"column":21},"end":{"line":63,"column":1}},"48":{"start":{"line":62,"column":2},"end":{"line":62,"column":18}},"49":{"start":{"line":65,"column":20},"end":{"line":67,"column":1}},"50":{"start":{"line":66,"column":2},"end":{"line":66,"column":52}},"51":{"start":{"line":69,"column":0},"end":{"line":78,"column":2}}},"fnMap":{"0":{"name":"(anonymous_0)","decl":{"start":{"line":12,"column":24},"end":{"line":12,"column":25}},"loc":{"start":{"line":12,"column":38},"end":{"line":12,"column":40}},"line":12},"1":{"name":"(anonymous_1)","decl":{"start":{"line":14,"column":22},"end":{"line":14,"column":23}},"loc":{"start":{"line":14,"column":42},"end":{"line":20,"column":1}},"line":14},"2":{"name":"(anonymous_2)","decl":{"start":{"line":22,"column":16},"end":{"line":22,"column":17}},"loc":{"start":{"line":22,"column":36},"end":{"line":29,"column":1}},"line":22},"3":{"name":"(anonymous_3)","decl":{"start":{"line":31,"column":25},"end":{"line":31,"column":26}},"loc":{"start":{"line":31,"column":53},"end":{"line":43,"column":1}},"line":31},"4":{"name":"(anonymous_4)","decl":{"start":{"line":45,"column":26},"end":{"line":45,"column":27}},"loc":{"start":{"line":45,"column":36},"end":{"line":50,"column":1}},"line":45},"5":{"name":"(anonymous_5)","decl":{"start":{"line":52,"column":18},"end":{"line":52,"column":19}},"loc":{"start":{"line":52,"column":24},"end":{"line":55,"column":1}},"line":52},"6":{"name":"(anonymous_6)","decl":{"start":{"line":57,"column":18},"end":{"line":57,"column":19}},"loc":{"start":{"line":57,"column":32},"end":{"line":59,"column":1}},"line":57},"7":{"name":"(anonymous_7)","decl":{"start":{"line":61,"column":21},"end":{"line":61,"column":22}},"loc":{"start":{"line":61,"column":27},"end":{"line":63,"column":1}},"line":61},"8":{"name":"(anonymous_8)","decl":{"start":{"line":65,"column":20},"end":{"line":65,"column":21}},"loc":{"start":{"line":65,"column":40},"end":{"line":67,"column":1}},"line":65}},"branchMap":{"0":{"loc":{"start":{"line":16,"column":2},"end":{"line":16,"column":26}},"type":"if","locations":[{"start":{"line":16,"column":2},"end":{"line":16,"column":26}},{"start":{"line":16,"column":2},"end":{"line":16,"column":26}}],"line":16},"1":{"loc":{"start":{"line":18,"column":2},"end":{"line":18,"column":46}},"type":"if","locations":[{"start":{"line":18,"column":2},"end":{"line":18,"column":46}},{"start":{"line":18,"column":2},"end":{"line":18,"column":46}}],"line":18},"2":{"loc":{"start":{"line":24,"column":2},"end":{"line":24,"column":62}},"type":"if","locations":[{"start":{"line":24,"column":2},"end":{"line":24,"column":62}},{"start":{"line":24,"column":2},"end":{"line":24,"column":62}}],"line":24},"3":{"loc":{"start":{"line":27,"column":2},"end":{"line":27,"column":54}},"type":"if","locations":[{"start":{"line":27,"column":2},"end":{"line":27,"column":54}},{"start":{"line":27,"column":2},"end":{"line":27,"column":54}}],"line":27},"4":{"loc":{"start":{"line":32,"column":2},"end":{"line":32,"column":48}},"type":"if","locations":[{"start":{"line":32,"column":2},"end":{"line":32,"column":48}},{"start":{"line":32,"column":2},"end":{"line":32,"column":48}}],"line":32},"5":{"loc":{"start":{"line":33,"column":2},"end":{"line":33,"column":65}},"type":"if","locations":[{"start":{"line":33,"column":2},"end":{"line":33,"column":65}},{"start":{"line":33,"column":2},"end":{"line":33,"column":65}}],"line":33},"6":{"loc":{"start":{"line":36,"column":2},"end":{"line":36,"column":51}},"type":"if","locations":[{"start":{"line":36,"column":2},"end":{"line":36,"column":51}},{"start":{"line":36,"column":2},"end":{"line":36,"column":51}}],"line":36},"7":{"loc":{"start":{"line":37,"column":2},"end":{"line":39,"column":3}},"type":"if","locations":[{"start":{"line":37,"column":2},"end":{"line":39,"column":3}},{"start":{"line":37,"column":2},"end":{"line":39,"column":3}}],"line":37},"8":{"loc":{"start":{"line":46,"column":2},"end":{"line":48,"column":3}},"type":"if","locations":[{"start":{"line":46,"column":2},"end":{"line":48,"column":3}},{"start":{"line":46,"column":2},"end":{"line":48,"column":3}}],"line":46},"9":{"loc":{"start":{"line":46,"column":6},"end":{"line":46,"column":56}},"type":"binary-expr","locations":[{"start":{"line":46,"column":6},"end":{"line":46,"column":23}},{"start":{"line":46,"column":27},"end":{"line":46,"column":56}}],"line":46},"10":{"loc":{"start":{"line":58,"column":9},"end":{"line":58,"column":52}},"type":"cond-expr","locations":[{"start":{"line":58,"column":28},"end":{"line":58,"column":44}},{"start":{"line":58,"column":47},"end":{"line":58,"column":52}}],"line":58}},"s":{"0":1,"1":1,"2":1,"3":1,"4":1,"5":1,"6":1,"7":1,"8":0,"9":0,"10":0,"11":0,"12":0,"13":0,"14":0,"15":1,"16":0,"17":0,"18":0,"19":0,"20":0,"21":0,"22":0,"23":0,"24":1,"25":0,"26":0,"27":0,"28":0,"29":0,"30":0,"31":0,"32":0,"33":0,"34":0,"35":0,"36":0,"37":0,"38":1,"39":0,"40":0,"41":0,"42":1,"43":0,"44":0,"45":1,"46":0,"47":1,"48":0,"49":1,"50":0,"51":1},"f":{"0":0,"1":0,"2":0,"3":0,"4":0,"5":0,"6":0,"7":0,"8":0},"b":{"0":[0,0],"1":[0,0],"2":[0,0],"3":[0,0],"4":[0,0],"5":[0,0],"6":[0,0],"7":[0,0],"8":[0,0],"9":[0,0],"10":[0,0]},"_coverageSchema":"1a1c01bbd47fc00a2c39e90264f33305004495a9","hash":"350691224938f21de1e8b601ab64ec349ad1c95a","contentHash":"d0472881743f098537cdccc7e8b3c0f52d5c27f225ee9cd06edc973db8672cf4"},"C:\\Users\\peerf\\OneDrive - Shenkar College\\Documents\\שנקר הנדסת תוכנה\\שנה ג\\שירותי מארג האינטרנט - דויד אביגד\\ABtest\\errors\\NotFound.errors.js":{"path":"C:\\Users\\peerf\\OneDrive - Shenkar College\\Documents\\שנקר הנדסת תוכנה\\שנה ג\\שירותי מארג האינטרנט - דויד אביגד\\ABtest\\errors\\NotFound.errors.js","statementMap":{"0":{"start":{"line":3,"column":4},"end":{"line":3,"column":19}},"1":{"start":{"line":4,"column":4},"end":{"line":4,"column":38}},"2":{"start":{"line":5,"column":4},"end":{"line":5,"column":22}},"3":{"start":{"line":11,"column":4},"end":{"line":11,"column":36}},"4":{"start":{"line":12,"column":4},"end":{"line":12,"column":38}},"5":{"start":{"line":13,"column":4},"end":{"line":13,"column":25}},"6":{"start":{"line":19,"column":4},"end":{"line":19,"column":48}},"7":{"start":{"line":20,"column":4},"end":{"line":20,"column":38}},"8":{"start":{"line":21,"column":4},"end":{"line":21,"column":29}},"9":{"start":{"line":25,"column":0},"end":{"line":25,"column":54}}},"fnMap":{"0":{"name":"(anonymous_0)","decl":{"start":{"line":2,"column":2},"end":{"line":2,"column":3}},"loc":{"start":{"line":2,"column":23},"end":{"line":6,"column":3}},"line":2},"1":{"name":"(anonymous_1)","decl":{"start":{"line":10,"column":2},"end":{"line":10,"column":3}},"loc":{"start":{"line":10,"column":22},"end":{"line":14,"column":3}},"line":10},"2":{"name":"(anonymous_2)","decl":{"start":{"line":18,"column":2},"end":{"line":18,"column":3}},"loc":{"start":{"line":18,"column":24},"end":{"line":22,"column":3}},"line":18}},"branchMap":{},"s":{"0":2,"1":2,"2":2,"3":1,"4":1,"5":1,"6":1,"7":1,"8":1,"9":1},"f":{"0":2,"1":1,"2":1},"b":{},"_coverageSchema":"1a1c01bbd47fc00a2c39e90264f33305004495a9","hash":"605d9018cae7c8e37142ce632613f8ac3a602c1a","contentHash":"864df9cd830d3347fa2e27545b7b77171ab11d286bb7ac7d5e8f94f5e7458012"},"C:\\Users\\peerf\\OneDrive - Shenkar College\\Documents\\שנקר הנדסת תוכנה\\שנה ג\\שירותי מארג האינטרנט - דויד אביגד\\ABtest\\errors\\validation.errors.js":{"path":"C:\\Users\\peerf\\OneDrive - Shenkar College\\Documents\\שנקר הנדסת תוכנה\\שנה ג\\שירותי מארג האינטרנט - דויד אביגד\\ABtest\\errors\\validation.errors.js","statementMap":{"0":{"start":{"line":3,"column":4},"end":{"line":3,"column":19}},"1":{"start":{"line":4,"column":4},"end":{"line":4,"column":38}},"2":{"start":{"line":5,"column":4},"end":{"line":5,"column":22}},"3":{"start":{"line":11,"column":4},"end":{"line":11,"column":49}},"4":{"start":{"line":12,"column":4},"end":{"line":12,"column":38}},"5":{"start":{"line":13,"column":4},"end":{"line":13,"column":29}},"6":{"start":{"line":19,"column":4},"end":{"line":19,"column":48}},"7":{"start":{"line":20,"column":4},"end":{"line":20,"column":38}},"8":{"start":{"line":21,"column":4},"end":{"line":21,"column":29}},"9":{"start":{"line":27,"column":4},"end":{"line":27,"column":37}},"10":{"start":{"line":33,"column":4},"end":{"line":33,"column":54}},"11":{"start":{"line":34,"column":4},"end":{"line":34,"column":38}},"12":{"start":{"line":38,"column":0},"end":{"line":44,"column":2}}},"fnMap":{"0":{"name":"(anonymous_0)","decl":{"start":{"line":2,"column":2},"end":{"line":2,"column":3}},"loc":{"start":{"line":2,"column":23},"end":{"line":6,"column":3}},"line":2},"1":{"name":"(anonymous_1)","decl":{"start":{"line":10,"column":2},"end":{"line":10,"column":3}},"loc":{"start":{"line":10,"column":24},"end":{"line":14,"column":3}},"line":10},"2":{"name":"(anonymous_2)","decl":{"start":{"line":18,"column":2},"end":{"line":18,"column":3}},"loc":{"start":{"line":18,"column":24},"end":{"line":22,"column":3}},"line":18},"3":{"name":"(anonymous_3)","decl":{"start":{"line":26,"column":2},"end":{"line":26,"column":3}},"loc":{"start":{"line":26,"column":16},"end":{"line":28,"column":3}},"line":26},"4":{"name":"(anonymous_4)","decl":{"start":{"line":32,"column":2},"end":{"line":32,"column":3}},"loc":{"start":{"line":32,"column":16},"end":{"line":35,"column":3}},"line":32}},"branchMap":{},"s":{"0":1,"1":1,"2":1,"3":1,"4":1,"5":1,"6":0,"7":0,"8":0,"9":0,"10":0,"11":0,"12":1},"f":{"0":1,"1":1,"2":0,"3":0,"4":0},"b":{},"_coverageSchema":"1a1c01bbd47fc00a2c39e90264f33305004495a9","hash":"3d3012e2d0159e45ec8a6164e7a6b6fa84443ae2","contentHash":"cddf93e0c80b791eb2ea6b259d799933aa695c699ae0fb35a8625b06150f5cb0"},"C:\\Users\\peerf\\OneDrive - Shenkar College\\Documents\\שנקר הנדסת תוכנה\\שנה ג\\שירותי מארג האינטרנט - דויד אביגד\\ABtest\\validators\\body.validator.js":{"path":"C:\\Users\\peerf\\OneDrive - Shenkar College\\Documents\\שנקר הנדסת תוכנה\\שנה ג\\שירותי מארג האינטרנט - דויד אביגד\\ABtest\\validators\\body.validator.js","statementMap":{"0":{"start":{"line":1,"column":24},"end":{"line":1,"column":64}},"1":{"start":{"line":2,"column":0},"end":{"line":6,"column":2}},"2":{"start":{"line":3,"column":2},"end":{"line":4,"column":28}},"3":{"start":{"line":4,"column":4},"end":{"line":4,"column":28}},"4":{"start":{"line":5,"column":2},"end":{"line":5,"column":14}}},"fnMap":{"0":{"name":"(anonymous_0)","decl":{"start":{"line":2,"column":24},"end":{"line":2,"column":25}},"loc":{"start":{"line":2,"column":33},"end":{"line":6,"column":1}},"line":2}},"branchMap":{"0":{"loc":{"start":{"line":3,"column":2},"end":{"line":4,"column":28}},"type":"if","locations":[{"start":{"line":3,"column":2},"end":{"line":4,"column":28}},{"start":{"line":3,"column":2},"end":{"line":4,"column":28}}],"line":3},"1":{"loc":{"start":{"line":3,"column":6},"end":{"line":3,"column":75}},"type":"binary-expr","locations":[{"start":{"line":3,"column":6},"end":{"line":3,"column":37}},{"start":{"line":3,"column":41},"end":{"line":3,"column":75}}],"line":3}},"s":{"0":1,"1":1,"2":4,"3":1,"4":3},"f":{"0":4},"b":{"0":[1,3],"1":[4,4]},"_coverageSchema":"1a1c01bbd47fc00a2c39e90264f33305004495a9","hash":"aa03ba53c70f0fed5ab5d5fd2ef6f92bc204b593","contentHash":"03098781f4a278dd39f5999cc3acccb89517006ea1713deaa0d1a058ba0872a9"},"C:\\Users\\peerf\\OneDrive - Shenkar College\\Documents\\שנקר הנדסת תוכנה\\שנה ג\\שירותי מארג האינטרנט - דויד אביגד\\ABtest\\errors\\BadRequest.errors.js":{"path":"C:\\Users\\peerf\\OneDrive - Shenkar College\\Documents\\שנקר הנדסת תוכנה\\שנה ג\\שירותי מארג האינטרנט - דויד אביגד\\ABtest\\errors\\BadRequest.errors.js","statementMap":{"0":{"start":{"line":3,"column":4},"end":{"line":3,"column":19}},"1":{"start":{"line":4,"column":4},"end":{"line":4,"column":38}},"2":{"start":{"line":5,"column":4},"end":{"line":5,"column":22}},"3":{"start":{"line":11,"column":4},"end":{"line":11,"column":39}},"4":{"start":{"line":12,"column":4},"end":{"line":12,"column":38}},"5":{"start":{"line":13,"column":4},"end":{"line":13,"column":29}},"6":{"start":{"line":19,"column":4},"end":{"line":19,"column":32}},"7":{"start":{"line":20,"column":4},"end":{"line":20,"column":38}},"8":{"start":{"line":26,"column":4},"end":{"line":26,"column":62}},"9":{"start":{"line":27,"column":4},"end":{"line":27,"column":38}},"10":{"start":{"line":31,"column":0},"end":{"line":31,"column":69}}},"fnMap":{"0":{"name":"(anonymous_0)","decl":{"start":{"line":2,"column":2},"end":{"line":2,"column":3}},"loc":{"start":{"line":2,"column":23},"end":{"line":6,"column":3}},"line":2},"1":{"name":"(anonymous_1)","decl":{"start":{"line":10,"column":2},"end":{"line":10,"column":3}},"loc":{"start":{"line":10,"column":24},"end":{"line":14,"column":3}},"line":10},"2":{"name":"(anonymous_2)","decl":{"start":{"line":18,"column":2},"end":{"line":18,"column":3}},"loc":{"start":{"line":18,"column":16},"end":{"line":21,"column":3}},"line":18},"3":{"name":"(anonymous_3)","decl":{"start":{"line":25,"column":2},"end":{"line":25,"column":3}},"loc":{"start":{"line":25,"column":28},"end":{"line":28,"column":3}},"line":25}},"branchMap":{},"s":{"0":1,"1":1,"2":1,"3":0,"4":0,"5":0,"6":1,"7":1,"8":0,"9":0,"10":1},"f":{"0":1,"1":0,"2":1,"3":0},"b":{},"_coverageSchema":"1a1c01bbd47fc00a2c39e90264f33305004495a9","hash":"b77fa7a1eba825d272c98c360cfbf16b89bf283a","contentHash":"9040e8743fa9f74d751b6171290eb7cf80f906e3e84691246a21a4344cf0e507"},"C:\\Users\\peerf\\OneDrive - Shenkar College\\Documents\\שנקר הנדסת תוכנה\\שנה ג\\שירותי מארג האינטרנט - דויד אביגד\\ABtest\\errors\\internal.errors.js":{"path":"C:\\Users\\peerf\\OneDrive - Shenkar College\\Documents\\שנקר הנדסת תוכנה\\שנה ג\\שירותי מארג האינטרנט - דויד אביגד\\ABtest\\errors\\internal.errors.js","statementMap":{"0":{"start":{"line":3,"column":4},"end":{"line":3,"column":19}},"1":{"start":{"line":4,"column":4},"end":{"line":4,"column":38}},"2":{"start":{"line":5,"column":4},"end":{"line":5,"column":22}},"3":{"start":{"line":11,"column":4},"end":{"line":11,"column":65}},"4":{"start":{"line":12,"column":4},"end":{"line":12,"column":38}},"5":{"start":{"line":13,"column":4},"end":{"line":13,"column":25}},"6":{"start":{"line":17,"column":0},"end":{"line":17,"column":39}}},"fnMap":{"0":{"name":"(anonymous_0)","decl":{"start":{"line":2,"column":2},"end":{"line":2,"column":3}},"loc":{"start":{"line":2,"column":23},"end":{"line":6,"column":3}},"line":2},"1":{"name":"(anonymous_1)","decl":{"start":{"line":10,"column":2},"end":{"line":10,"column":3}},"loc":{"start":{"line":10,"column":22},"end":{"line":14,"column":3}},"line":10}},"branchMap":{},"s":{"0":1,"1":1,"2":1,"3":1,"4":1,"5":1,"6":1},"f":{"0":1,"1":1},"b":{},"_coverageSchema":"1a1c01bbd47fc00a2c39e90264f33305004495a9","hash":"8b7e797ac0312f7cf595fa981dd0dd9b41e73f89","contentHash":"1f6dbe6df6fa64e956670747b069733020fa731bd639fc042b57a7fb2c238661"},"C:\\Users\\peerf\\OneDrive - Shenkar College\\Documents\\שנקר הנדסת תוכנה\\שנה ג\\שירותי מארג האינטרנט - דויד אביגד\\ABtest\\repositories\\user.repository.js":{"path":"C:\\Users\\peerf\\OneDrive - Shenkar College\\Documents\\שנקר הנדסת תוכנה\\שנה ג\\שירותי מארג האינטרנט - דויד אביגד\\ABtest\\repositories\\user.repository.js","statementMap":{"0":{"start":{"line":1,"column":21},"end":{"line":1,"column":51}},"1":{"start":{"line":3,"column":0},"end":{"line":27,"column":5}},"2":{"start":{"line":5,"column":4},"end":{"line":5,"column":18}},"3":{"start":{"line":8,"column":4},"end":{"line":8,"column":46}},"4":{"start":{"line":12,"column":4},"end":{"line":12,"column":92}},"5":{"start":{"line":16,"column":4},"end":{"line":16,"column":73}},"6":{"start":{"line":20,"column":17},"end":{"line":20,"column":34}},"7":{"start":{"line":21,"column":4},"end":{"line":21,"column":16}},"8":{"start":{"line":25,"column":4},"end":{"line":25,"column":36}}},"fnMap":{"0":{"name":"(anonymous_0)","decl":{"start":{"line":4,"column":2},"end":{"line":4,"column":3}},"loc":{"start":{"line":4,"column":16},"end":{"line":6,"column":3}},"line":4},"1":{"name":"(anonymous_1)","decl":{"start":{"line":7,"column":2},"end":{"line":7,"column":3}},"loc":{"start":{"line":7,"column":23},"end":{"line":9,"column":3}},"line":7},"2":{"name":"(anonymous_2)","decl":{"start":{"line":11,"column":2},"end":{"line":11,"column":3}},"loc":{"start":{"line":11,"column":48},"end":{"line":13,"column":3}},"line":11},"3":{"name":"(anonymous_3)","decl":{"start":{"line":15,"column":2},"end":{"line":15,"column":3}},"loc":{"start":{"line":15,"column":29},"end":{"line":17,"column":3}},"line":15},"4":{"name":"(anonymous_4)","decl":{"start":{"line":19,"column":2},"end":{"line":19,"column":3}},"loc":{"start":{"line":19,"column":19},"end":{"line":22,"column":3}},"line":19},"5":{"name":"(anonymous_5)","decl":{"start":{"line":24,"column":2},"end":{"line":24,"column":3}},"loc":{"start":{"line":24,"column":26},"end":{"line":26,"column":3}},"line":24}},"branchMap":{},"s":{"0":1,"1":1,"2":1,"3":0,"4":0,"5":0,"6":0,"7":0,"8":0},"f":{"0":1,"1":0,"2":0,"3":0,"4":0,"5":0},"b":{},"_coverageSchema":"1a1c01bbd47fc00a2c39e90264f33305004495a9","hash":"8ffa40ab6d9ddaaac4efa5fdabbcdf6be3c797a2","contentHash":"add7f2b295e656d0ab617c34452c4f440382030d444bbe304c0cdc37f424ee78"},"C:\\Users\\peerf\\OneDrive - Shenkar College\\Documents\\שנקר הנדסת תוכנה\\שנה ג\\שירותי מארג האינטרנט - דויד אביגד\\ABtest\\db\\mongo.storage.js":{"path":"C:\\Users\\peerf\\OneDrive - Shenkar College\\Documents\\שנקר הנדסת תוכנה\\שנה ג\\שירותי מארג האינטרנט - דויד אביגד\\ABtest\\db\\mongo.storage.js","statementMap":{"0":{"start":{"line":1,"column":17},"end":{"line":1,"column":36}},"1":{"start":{"line":2,"column":0},"end":{"line":2,"column":35}},"2":{"start":{"line":3,"column":13},"end":{"line":3,"column":28}},"3":{"start":{"line":5,"column":0},"end":{"line":70,"column":2}},"4":{"start":{"line":8,"column":8},"end":{"line":8,"column":75}},"5":{"start":{"line":9,"column":8},"end":{"line":12,"column":11}},"6":{"start":{"line":13,"column":8},"end":{"line":13,"column":23}},"7":{"start":{"line":17,"column":30},"end":{"line":17,"column":180}},"8":{"start":{"line":18,"column":8},"end":{"line":21,"column":69}},"9":{"start":{"line":20,"column":24},"end":{"line":20,"column":81}},"10":{"start":{"line":21,"column":28},"end":{"line":21,"column":67}},"11":{"start":{"line":25,"column":8},"end":{"line":25,"column":35}},"12":{"start":{"line":29,"column":20},"end":{"line":29,"column":22}},"13":{"start":{"line":30,"column":8},"end":{"line":30,"column":25}},"14":{"start":{"line":31,"column":8},"end":{"line":33,"column":9}},"15":{"start":{"line":32,"column":12},"end":{"line":32,"column":31}},"16":{"start":{"line":34,"column":8},"end":{"line":34,"column":36}},"17":{"start":{"line":38,"column":20},"end":{"line":38,"column":22}},"18":{"start":{"line":39,"column":8},"end":{"line":39,"column":25}},"19":{"start":{"line":40,"column":8},"end":{"line":40,"column":36}},"20":{"start":{"line":44,"column":8},"end":{"line":44,"column":39}},"21":{"start":{"line":48,"column":23},"end":{"line":48,"column":43}},"22":{"start":{"line":49,"column":8},"end":{"line":49,"column":29}},"23":{"start":{"line":53,"column":8},"end":{"line":53,"column":38}},"24":{"start":{"line":57,"column":8},"end":{"line":57,"column":48}},"25":{"start":{"line":61,"column":8},"end":{"line":64,"column":11}},"26":{"start":{"line":68,"column":8},"end":{"line":68,"column":61}}},"fnMap":{"0":{"name":"(anonymous_0)","decl":{"start":{"line":6,"column":4},"end":{"line":6,"column":5}},"loc":{"start":{"line":6,"column":24},"end":{"line":14,"column":5}},"line":6},"1":{"name":"(anonymous_1)","decl":{"start":{"line":16,"column":4},"end":{"line":16,"column":5}},"loc":{"start":{"line":16,"column":14},"end":{"line":22,"column":5}},"line":16},"2":{"name":"(anonymous_2)","decl":{"start":{"line":20,"column":18},"end":{"line":20,"column":19}},"loc":{"start":{"line":20,"column":24},"end":{"line":20,"column":81}},"line":20},"3":{"name":"(anonymous_3)","decl":{"start":{"line":21,"column":19},"end":{"line":21,"column":20}},"loc":{"start":{"line":21,"column":28},"end":{"line":21,"column":67}},"line":21},"4":{"name":"(anonymous_4)","decl":{"start":{"line":24,"column":4},"end":{"line":24,"column":5}},"loc":{"start":{"line":24,"column":11},"end":{"line":26,"column":5}},"line":24},"5":{"name":"(anonymous_5)","decl":{"start":{"line":28,"column":4},"end":{"line":28,"column":5}},"loc":{"start":{"line":28,"column":50},"end":{"line":35,"column":5}},"line":28},"6":{"name":"(anonymous_6)","decl":{"start":{"line":37,"column":4},"end":{"line":37,"column":5}},"loc":{"start":{"line":37,"column":32},"end":{"line":41,"column":5}},"line":37},"7":{"name":"(anonymous_7)","decl":{"start":{"line":43,"column":4},"end":{"line":43,"column":5}},"loc":{"start":{"line":43,"column":17},"end":{"line":45,"column":5}},"line":43},"8":{"name":"(anonymous_8)","decl":{"start":{"line":47,"column":4},"end":{"line":47,"column":5}},"loc":{"start":{"line":47,"column":17},"end":{"line":50,"column":5}},"line":47},"9":{"name":"(anonymous_9)","decl":{"start":{"line":52,"column":4},"end":{"line":52,"column":5}},"loc":{"start":{"line":52,"column":21},"end":{"line":54,"column":5}},"line":52},"10":{"name":"(anonymous_10)","decl":{"start":{"line":56,"column":4},"end":{"line":56,"column":5}},"loc":{"start":{"line":56,"column":15},"end":{"line":58,"column":5}},"line":56},"11":{"name":"(anonymous_11)","decl":{"start":{"line":60,"column":4},"end":{"line":60,"column":5}},"loc":{"start":{"line":60,"column":21},"end":{"line":65,"column":5}},"line":60},"12":{"name":"(anonymous_12)","decl":{"start":{"line":67,"column":4},"end":{"line":67,"column":5}},"loc":{"start":{"line":67,"column":38},"end":{"line":69,"column":5}},"line":67}},"branchMap":{"0":{"loc":{"start":{"line":31,"column":8},"end":{"line":33,"column":9}},"type":"if","locations":[{"start":{"line":31,"column":8},"end":{"line":33,"column":9}},{"start":{"line":31,"column":8},"end":{"line":33,"column":9}}],"line":31},"1":{"loc":{"start":{"line":31,"column":12},"end":{"line":31,"column":26}},"type":"binary-expr","locations":[{"start":{"line":31,"column":12},"end":{"line":31,"column":16}},{"start":{"line":31,"column":20},"end":{"line":31,"column":26}}],"line":31}},"s":{"0":1,"1":1,"2":1,"3":1,"4":3,"5":3,"6":3,"7":3,"8":3,"9":0,"10":0,"11":0,"12":0,"13":0,"14":0,"15":0,"16":0,"17":0,"18":0,"19":0,"20":0,"21":0,"22":0,"23":0,"24":0,"25":0,"26":0},"f":{"0":3,"1":3,"2":0,"3":0,"4":0,"5":0,"6":0,"7":0,"8":0,"9":0,"10":0,"11":0,"12":0},"b":{"0":[0,0],"1":[0,0]},"_coverageSchema":"1a1c01bbd47fc00a2c39e90264f33305004495a9","hash":"0fa5be198fb1fb7d4da1045d150401239a8ea642","contentHash":"312b10cb1677a01b1f530bf919df69355f4545413ac771cac597c99c850081e6"},"C:\\Users\\peerf\\OneDrive - Shenkar College\\Documents\\שנקר הנדסת תוכנה\\שנה ג\\שירותי מארג האינטרנט - דויד אביגד\\ABtest\\models\\User.model.js":{"path":"C:\\Users\\peerf\\OneDrive - Shenkar College\\Documents\\שנקר הנדסת תוכנה\\שנה ג\\שירותי מארג האינטרנט - דויד אביגד\\ABtest\\models\\User.model.js","statementMap":{"0":{"start":{"line":1,"column":21},"end":{"line":1,"column":36}},"1":{"start":{"line":2,"column":26},"end":{"line":2,"column":45}},"2":{"start":{"line":4,"column":19},"end":{"line":18,"column":1}},"3":{"start":{"line":20,"column":0},"end":{"line":20,"column":43}}},"fnMap":{},"branchMap":{},"s":{"0":1,"1":1,"2":1,"3":1},"f":{},"b":{},"_coverageSchema":"1a1c01bbd47fc00a2c39e90264f33305004495a9","hash":"addc19246d2b63f836d8acf487db9727f57905fe","contentHash":"66c67b6387f4ef041dc3382f7405275f3f5e50dc77edc4c3c26e29884365f666"},"C:\\Users\\peerf\\OneDrive - Shenkar College\\Documents\\שנקר הנדסת תוכנה\\שנה ג\\שירותי מארג האינטרנט - דויד אביגד\\ABtest\\controller\\goal.controller.js":{"path":"C:\\Users\\peerf\\OneDrive - Shenkar College\\Documents\\שנקר הנדסת תוכנה\\שנה ג\\שירותי מארג האינטרנט - דויד אביגד\\ABtest\\controller\\goal.controller.js","statementMap":{"0":{"start":{"line":1,"column":29},"end":{"line":1,"column":77}},"1":{"start":{"line":2,"column":23},"end":{"line":2,"column":65}},"2":{"start":{"line":3,"column":27},"end":{"line":3,"column":63}},"3":{"start":{"line":4,"column":28},"end":{"line":4,"column":64}},"4":{"start":{"line":5,"column":24},"end":{"line":5,"column":63}},"5":{"start":{"line":6,"column":22},"end":{"line":6,"column":60}},"6":{"start":{"line":8,"column":0},"end":{"line":78,"column":1}},"7":{"start":{"line":10,"column":19},"end":{"line":10,"column":32}},"8":{"start":{"line":11,"column":26},"end":{"line":11,"column":34}},"9":{"start":{"line":12,"column":8},"end":{"line":15,"column":67}},"10":{"start":{"line":13,"column":12},"end":{"line":13,"column":91}},"11":{"start":{"line":15,"column":12},"end":{"line":15,"column":67}},"12":{"start":{"line":19,"column":19},"end":{"line":19,"column":32}},"13":{"start":{"line":20,"column":8},"end":{"line":23,"column":69}},"14":{"start":{"line":21,"column":12},"end":{"line":21,"column":96}},"15":{"start":{"line":23,"column":12},"end":{"line":23,"column":69}},"16":{"start":{"line":27,"column":19},"end":{"line":27,"column":32}},"17":{"start":{"line":28,"column":8},"end":{"line":31,"column":79}},"18":{"start":{"line":29,"column":12},"end":{"line":29,"column":82}},"19":{"start":{"line":31,"column":12},"end":{"line":31,"column":79}},"20":{"start":{"line":35,"column":19},"end":{"line":35,"column":32}},"21":{"start":{"line":36,"column":8},"end":{"line":39,"column":59}},"22":{"start":{"line":37,"column":12},"end":{"line":37,"column":68}},"23":{"start":{"line":39,"column":12},"end":{"line":39,"column":59}},"24":{"start":{"line":42,"column":24},"end":{"line":42,"column":32}},"25":{"start":{"line":43,"column":8},"end":{"line":46,"column":48}},"26":{"start":{"line":44,"column":12},"end":{"line":44,"column":71}},"27":{"start":{"line":46,"column":12},"end":{"line":46,"column":48}},"28":{"start":{"line":49,"column":23},"end":{"line":49,"column":36}},"29":{"start":{"line":50,"column":24},"end":{"line":50,"column":32}},"30":{"start":{"line":52,"column":8},"end":{"line":55,"column":53}},"31":{"start":{"line":53,"column":12},"end":{"line":53,"column":79}},"32":{"start":{"line":55,"column":12},"end":{"line":55,"column":53}},"33":{"start":{"line":59,"column":24},"end":{"line":59,"column":37}},"34":{"start":{"line":60,"column":8},"end":{"line":60,"column":72}},"35":{"start":{"line":60,"column":21},"end":{"line":60,"column":72}},"36":{"start":{"line":61,"column":23},"end":{"line":61,"column":58}},"37":{"start":{"line":62,"column":8},"end":{"line":62,"column":80}},"38":{"start":{"line":62,"column":21},"end":{"line":62,"column":80}},"39":{"start":{"line":63,"column":8},"end":{"line":63,"column":37}},"40":{"start":{"line":66,"column":24},"end":{"line":66,"column":37}},"41":{"start":{"line":67,"column":8},"end":{"line":67,"column":85}},"42":{"start":{"line":67,"column":21},"end":{"line":67,"column":85}},"43":{"start":{"line":68,"column":8},"end":{"line":68,"column":83}},"44":{"start":{"line":71,"column":24},"end":{"line":71,"column":37}},"45":{"start":{"line":72,"column":8},"end":{"line":72,"column":85}},"46":{"start":{"line":72,"column":21},"end":{"line":72,"column":85}},"47":{"start":{"line":73,"column":8},"end":{"line":73,"column":79}}},"fnMap":{"0":{"name":"(anonymous_0)","decl":{"start":{"line":9,"column":24},"end":{"line":9,"column":25}},"loc":{"start":{"line":9,"column":44},"end":{"line":16,"column":5}},"line":9},"1":{"name":"(anonymous_1)","decl":{"start":{"line":18,"column":32},"end":{"line":18,"column":33}},"loc":{"start":{"line":18,"column":52},"end":{"line":24,"column":5}},"line":18},"2":{"name":"(anonymous_2)","decl":{"start":{"line":26,"column":36},"end":{"line":26,"column":37}},"loc":{"start":{"line":26,"column":56},"end":{"line":32,"column":5}},"line":26},"3":{"name":"(anonymous_3)","decl":{"start":{"line":34,"column":22},"end":{"line":34,"column":23}},"loc":{"start":{"line":34,"column":42},"end":{"line":40,"column":5}},"line":34},"4":{"name":"(anonymous_4)","decl":{"start":{"line":41,"column":16},"end":{"line":41,"column":17}},"loc":{"start":{"line":41,"column":35},"end":{"line":47,"column":5}},"line":41},"5":{"name":"(anonymous_5)","decl":{"start":{"line":48,"column":16},"end":{"line":48,"column":17}},"loc":{"start":{"line":48,"column":35},"end":{"line":56,"column":5}},"line":48},"6":{"name":"(anonymous_6)","decl":{"start":{"line":58,"column":16},"end":{"line":58,"column":17}},"loc":{"start":{"line":58,"column":34},"end":{"line":64,"column":5}},"line":58},"7":{"name":"(anonymous_7)","decl":{"start":{"line":65,"column":29},"end":{"line":65,"column":30}},"loc":{"start":{"line":65,"column":47},"end":{"line":69,"column":5}},"line":65},"8":{"name":"(anonymous_8)","decl":{"start":{"line":70,"column":25},"end":{"line":70,"column":26}},"loc":{"start":{"line":70,"column":44},"end":{"line":74,"column":5}},"line":70}},"branchMap":{"0":{"loc":{"start":{"line":12,"column":8},"end":{"line":15,"column":67}},"type":"if","locations":[{"start":{"line":12,"column":8},"end":{"line":15,"column":67}},{"start":{"line":12,"column":8},"end":{"line":15,"column":67}}],"line":12},"1":{"loc":{"start":{"line":12,"column":12},"end":{"line":12,"column":25}},"type":"binary-expr","locations":[{"start":{"line":12,"column":12},"end":{"line":12,"column":14}},{"start":{"line":12,"column":18},"end":{"line":12,"column":25}}],"line":12},"2":{"loc":{"start":{"line":20,"column":8},"end":{"line":23,"column":69}},"type":"if","locations":[{"start":{"line":20,"column":8},"end":{"line":23,"column":69}},{"start":{"line":20,"column":8},"end":{"line":23,"column":69}}],"line":20},"3":{"loc":{"start":{"line":21,"column":45},"end":{"line":21,"column":93}},"type":"binary-expr","locations":[{"start":{"line":21,"column":45},"end":{"line":21,"column":88}},{"start":{"line":21,"column":92},"end":{"line":21,"column":93}}],"line":21},"4":{"loc":{"start":{"line":28,"column":8},"end":{"line":31,"column":79}},"type":"if","locations":[{"start":{"line":28,"column":8},"end":{"line":31,"column":79}},{"start":{"line":28,"column":8},"end":{"line":31,"column":79}}],"line":28},"5":{"loc":{"start":{"line":36,"column":8},"end":{"line":39,"column":59}},"type":"if","locations":[{"start":{"line":36,"column":8},"end":{"line":39,"column":59}},{"start":{"line":36,"column":8},"end":{"line":39,"column":59}}],"line":36},"6":{"loc":{"start":{"line":43,"column":8},"end":{"line":46,"column":48}},"type":"if","locations":[{"start":{"line":43,"column":8},"end":{"line":46,"column":48}},{"start":{"line":43,"column":8},"end":{"line":46,"column":48}}],"line":43},"7":{"loc":{"start":{"line":52,"column":8},"end":{"line":55,"column":53}},"type":"if","locations":[{"start":{"line":52,"column":8},"end":{"line":55,"column":53}},{"start":{"line":52,"column":8},"end":{"line":55,"column":53}}],"line":52},"8":{"loc":{"start":{"line":52,"column":11},"end":{"line":52,"column":28}},"type":"binary-expr","locations":[{"start":{"line":52,"column":11},"end":{"line":52,"column":17}},{"start":{"line":52,"column":21},"end":{"line":52,"column":28}}],"line":52},"9":{"loc":{"start":{"line":60,"column":8},"end":{"line":60,"column":72}},"type":"if","locations":[{"start":{"line":60,"column":8},"end":{"line":60,"column":72}},{"start":{"line":60,"column":8},"end":{"line":60,"column":72}}],"line":60},"10":{"loc":{"start":{"line":62,"column":8},"end":{"line":62,"column":80}},"type":"if","locations":[{"start":{"line":62,"column":8},"end":{"line":62,"column":80}},{"start":{"line":62,"column":8},"end":{"line":62,"column":80}}],"line":62},"11":{"loc":{"start":{"line":67,"column":8},"end":{"line":67,"column":85}},"type":"if","locations":[{"start":{"line":67,"column":8},"end":{"line":67,"column":85}},{"start":{"line":67,"column":8},"end":{"line":67,"column":85}}],"line":67},"12":{"loc":{"start":{"line":72,"column":8},"end":{"line":72,"column":85}},"type":"if","locations":[{"start":{"line":72,"column":8},"end":{"line":72,"column":85}},{"start":{"line":72,"column":8},"end":{"line":72,"column":85}}],"line":72}},"s":{"0":1,"1":1,"2":1,"3":1,"4":1,"5":1,"6":1,"7":0,"8":0,"9":0,"10":0,"11":0,"12":0,"13":0,"14":0,"15":0,"16":0,"17":0,"18":0,"19":0,"20":0,"21":0,"22":0,"23":0,"24":0,"25":0,"26":0,"27":0,"28":0,"29":0,"30":0,"31":0,"32":0,"33":0,"34":0,"35":0,"36":0,"37":0,"38":0,"39":0,"40":0,"41":0,"42":0,"43":0,"44":0,"45":0,"46":0,"47":0},"f":{"0":0,"1":0,"2":0,"3":0,"4":0,"5":0,"6":0,"7":0,"8":0},"b":{"0":[0,0],"1":[0,0],"2":[0,0],"3":[0,0],"4":[0,0],"5":[0,0],"6":[0,0],"7":[0,0],"8":[0,0],"9":[0,0],"10":[0,0],"11":[0,0],"12":[0,0]},"_coverageSchema":"1a1c01bbd47fc00a2c39e90264f33305004495a9","hash":"cc0293e88a7cbe4a6a841f7bf375a5108531a995","contentHash":"de18e9f6f0fd3534556e55c4ac2a57d7d9e2f06d5cc6351949f4a7e633cc88a2"},"C:\\Users\\peerf\\OneDrive - Shenkar College\\Documents\\שנקר הנדסת תוכנה\\שנה ג\\שירותי מארג האינטרנט - דויד אביגד\\ABtest\\repositories\\experiment.repository.js":{"path":"C:\\Users\\peerf\\OneDrive - Shenkar College\\Documents\\שנקר הנדסת תוכנה\\שנה ג\\שירותי מארג האינטרנט - דויד אביגד\\ABtest\\repositories\\experiment.repository.js","statementMap":{"0":{"start":{"line":1,"column":21},"end":{"line":1,"column":51}},"1":{"start":{"line":2,"column":21},"end":{"line":2,"column":45}},"2":{"start":{"line":3,"column":19},"end":{"line":3,"column":38}},"3":{"start":{"line":4,"column":14},"end":{"line":4,"column":32}},"4":{"start":{"line":5,"column":28},"end":{"line":5,"column":64}},"5":{"start":{"line":7,"column":0},"end":{"line":120,"column":5}},"6":{"start":{"line":9,"column":8},"end":{"line":9,"column":28}},"7":{"start":{"line":13,"column":8},"end":{"line":13,"column":61}},"8":{"start":{"line":17,"column":20},"end":{"line":17,"column":22}},"9":{"start":{"line":18,"column":8},"end":{"line":18,"column":25}},"10":{"start":{"line":19,"column":8},"end":{"line":21,"column":9}},"11":{"start":{"line":20,"column":12},"end":{"line":20,"column":31}},"12":{"start":{"line":22,"column":8},"end":{"line":22,"column":62}},"13":{"start":{"line":26,"column":20},"end":{"line":26,"column":22}},"14":{"start":{"line":27,"column":8},"end":{"line":27,"column":25}},"15":{"start":{"line":28,"column":8},"end":{"line":28,"column":62}},"16":{"start":{"line":32,"column":8},"end":{"line":32,"column":65}},"17":{"start":{"line":36,"column":8},"end":{"line":45,"column":9}},"18":{"start":{"line":37,"column":26},"end":{"line":37,"column":50}},"19":{"start":{"line":38,"column":24},"end":{"line":38,"column":49}},"20":{"start":{"line":39,"column":12},"end":{"line":44,"column":41}},"21":{"start":{"line":50,"column":8},"end":{"line":50,"column":108}},"22":{"start":{"line":55,"column":23},"end":{"line":64,"column":20}},"23":{"start":{"line":57,"column":16},"end":{"line":62,"column":17}},"24":{"start":{"line":59,"column":20},"end":{"line":59,"column":89}},"25":{"start":{"line":61,"column":20},"end":{"line":61,"column":91}},"26":{"start":{"line":63,"column":16},"end":{"line":63,"column":27}},"27":{"start":{"line":67,"column":23},"end":{"line":77,"column":9}},"28":{"start":{"line":69,"column":20},"end":{"line":73,"column":21}},"29":{"start":{"line":70,"column":24},"end":{"line":70,"column":78}},"30":{"start":{"line":72,"column":24},"end":{"line":72,"column":80}},"31":{"start":{"line":74,"column":20},"end":{"line":74,"column":31}},"32":{"start":{"line":78,"column":24},"end":{"line":83,"column":9}},"33":{"start":{"line":80,"column":24},"end":{"line":80,"column":39}},"34":{"start":{"line":81,"column":24},"end":{"line":81,"column":35}},"35":{"start":{"line":86,"column":8},"end":{"line":86,"column":62}},"36":{"start":{"line":91,"column":27},"end":{"line":91,"column":50}},"37":{"start":{"line":93,"column":8},"end":{"line":94,"column":25}},"38":{"start":{"line":93,"column":24},"end":{"line":93,"column":52}},"39":{"start":{"line":94,"column":13},"end":{"line":94,"column":25}},"40":{"start":{"line":98,"column":8},"end":{"line":98,"column":84}},"41":{"start":{"line":102,"column":8},"end":{"line":102,"column":99}},"42":{"start":{"line":106,"column":8},"end":{"line":106,"column":99}},"43":{"start":{"line":110,"column":8},"end":{"line":113,"column":10}},"44":{"start":{"line":117,"column":4},"end":{"line":117,"column":78}}},"fnMap":{"0":{"name":"(anonymous_0)","decl":{"start":{"line":8,"column":4},"end":{"line":8,"column":5}},"loc":{"start":{"line":8,"column":18},"end":{"line":10,"column":5}},"line":8},"1":{"name":"(anonymous_1)","decl":{"start":{"line":12,"column":4},"end":{"line":12,"column":5}},"loc":{"start":{"line":12,"column":11},"end":{"line":14,"column":5}},"line":12},"2":{"name":"(anonymous_2)","decl":{"start":{"line":16,"column":4},"end":{"line":16,"column":5}},"loc":{"start":{"line":16,"column":50},"end":{"line":23,"column":5}},"line":16},"3":{"name":"(anonymous_3)","decl":{"start":{"line":25,"column":4},"end":{"line":25,"column":5}},"loc":{"start":{"line":25,"column":32},"end":{"line":29,"column":5}},"line":25},"4":{"name":"(anonymous_4)","decl":{"start":{"line":31,"column":4},"end":{"line":31,"column":5}},"loc":{"start":{"line":31,"column":17},"end":{"line":33,"column":5}},"line":31},"5":{"name":"(anonymous_5)","decl":{"start":{"line":35,"column":4},"end":{"line":35,"column":5}},"loc":{"start":{"line":35,"column":28},"end":{"line":46,"column":5}},"line":35},"6":{"name":"(anonymous_6)","decl":{"start":{"line":49,"column":4},"end":{"line":49,"column":5}},"loc":{"start":{"line":49,"column":27},"end":{"line":51,"column":5}},"line":49},"7":{"name":"(anonymous_7)","decl":{"start":{"line":53,"column":4},"end":{"line":53,"column":5}},"loc":{"start":{"line":53,"column":47},"end":{"line":88,"column":5}},"line":53},"8":{"name":"(anonymous_8)","decl":{"start":{"line":55,"column":72},"end":{"line":55,"column":73}},"loc":{"start":{"line":55,"column":91},"end":{"line":64,"column":13}},"line":55},"9":{"name":"(anonymous_9)","decl":{"start":{"line":68,"column":52},"end":{"line":68,"column":53}},"loc":{"start":{"line":68,"column":75},"end":{"line":75,"column":17}},"line":68},"10":{"name":"(anonymous_10)","decl":{"start":{"line":79,"column":83},"end":{"line":79,"column":84}},"loc":{"start":{"line":79,"column":106},"end":{"line":82,"column":21}},"line":79},"11":{"name":"(anonymous_11)","decl":{"start":{"line":90,"column":4},"end":{"line":90,"column":5}},"loc":{"start":{"line":90,"column":27},"end":{"line":95,"column":5}},"line":90},"12":{"name":"(anonymous_12)","decl":{"start":{"line":97,"column":4},"end":{"line":97,"column":5}},"loc":{"start":{"line":97,"column":48},"end":{"line":99,"column":5}},"line":97},"13":{"name":"(anonymous_13)","decl":{"start":{"line":101,"column":4},"end":{"line":101,"column":5}},"loc":{"start":{"line":101,"column":40},"end":{"line":103,"column":5}},"line":101},"14":{"name":"(anonymous_14)","decl":{"start":{"line":105,"column":4},"end":{"line":105,"column":5}},"loc":{"start":{"line":105,"column":43},"end":{"line":107,"column":5}},"line":105},"15":{"name":"(anonymous_15)","decl":{"start":{"line":109,"column":4},"end":{"line":109,"column":5}},"loc":{"start":{"line":109,"column":37},"end":{"line":114,"column":5}},"line":109},"16":{"name":"(anonymous_16)","decl":{"start":{"line":116,"column":2},"end":{"line":116,"column":3}},"loc":{"start":{"line":116,"column":32},"end":{"line":118,"column":3}},"line":116}},"branchMap":{"0":{"loc":{"start":{"line":19,"column":8},"end":{"line":21,"column":9}},"type":"if","locations":[{"start":{"line":19,"column":8},"end":{"line":21,"column":9}},{"start":{"line":19,"column":8},"end":{"line":21,"column":9}}],"line":19},"1":{"loc":{"start":{"line":19,"column":12},"end":{"line":19,"column":26}},"type":"binary-expr","locations":[{"start":{"line":19,"column":12},"end":{"line":19,"column":16}},{"start":{"line":19,"column":20},"end":{"line":19,"column":26}}],"line":19},"2":{"loc":{"start":{"line":36,"column":8},"end":{"line":45,"column":9}},"type":"if","locations":[{"start":{"line":36,"column":8},"end":{"line":45,"column":9}},{"start":{"line":36,"column":8},"end":{"line":45,"column":9}}],"line":36},"3":{"loc":{"start":{"line":57,"column":16},"end":{"line":62,"column":17}},"type":"if","locations":[{"start":{"line":57,"column":16},"end":{"line":62,"column":17}},{"start":{"line":57,"column":16},"end":{"line":62,"column":17}}],"line":57},"4":{"loc":{"start":{"line":69,"column":20},"end":{"line":73,"column":21}},"type":"if","locations":[{"start":{"line":69,"column":20},"end":{"line":73,"column":21}},{"start":{"line":69,"column":20},"end":{"line":73,"column":21}}],"line":69},"5":{"loc":{"start":{"line":93,"column":8},"end":{"line":94,"column":25}},"type":"if","locations":[{"start":{"line":93,"column":8},"end":{"line":94,"column":25}},{"start":{"line":93,"column":8},"end":{"line":94,"column":25}}],"line":93}},"s":{"0":1,"1":1,"2":1,"3":1,"4":1,"5":1,"6":1,"7":0,"8":0,"9":0,"10":0,"11":0,"12":0,"13":0,"14":0,"15":0,"16":0,"17":0,"18":0,"19":0,"20":0,"21":0,"22":0,"23":0,"24":0,"25":0,"26":0,"27":0,"28":0,"29":0,"30":0,"31":0,"32":0,"33":0,"34":0,"35":0,"36":0,"37":0,"38":0,"39":0,"40":0,"41":0,"42":0,"43":0,"44":0},"f":{"0":1,"1":0,"2":0,"3":0,"4":0,"5":0,"6":0,"7":0,"8":0,"9":0,"10":0,"11":0,"12":0,"13":0,"14":0,"15":0,"16":0},"b":{"0":[0,0],"1":[0,0],"2":[0,0],"3":[0,0],"4":[0,0],"5":[0,0]},"_coverageSchema":"1a1c01bbd47fc00a2c39e90264f33305004495a9","hash":"6b85ecc02c514cb37074318f777dae18fa0cb22b","contentHash":"048e58e069db447c13068cb633d9ca744cac0053be720b56c87e5c57165066f0"},"C:\\Users\\peerf\\OneDrive - Shenkar College\\Documents\\שנקר הנדסת תוכנה\\שנה ג\\שירותי מארג האינטרנט - דויד אביגד\\ABtest\\models\\Experiment.model.js":{"path":"C:\\Users\\peerf\\OneDrive - Shenkar College\\Documents\\שנקר הנדסת תוכנה\\שנה ג\\שירותי מארג האינטרנט - דויד אביגד\\ABtest\\models\\Experiment.model.js","statementMap":{"0":{"start":{"line":1,"column":51},"end":{"line":1,"column":70}},"1":{"start":{"line":2,"column":12},"end":{"line":2,"column":33}},"2":{"start":{"line":4,"column":24},"end":{"line":12,"column":19}},"3":{"start":{"line":8,"column":37},"end":{"line":8,"column":55}},"4":{"start":{"line":14,"column":25},"end":{"line":120,"column":1}},"5":{"start":{"line":28,"column":35},"end":{"line":28,"column":57}},"6":{"start":{"line":35,"column":35},"end":{"line":35,"column":51}},"7":{"start":{"line":68,"column":20},"end":{"line":68,"column":65}},"8":{"start":{"line":81,"column":16},"end":{"line":81,"column":43}},"9":{"start":{"line":91,"column":43},"end":{"line":91,"column":45}},"10":{"start":{"line":99,"column":44},"end":{"line":99,"column":48}},"11":{"start":{"line":105,"column":16},"end":{"line":105,"column":43}},"12":{"start":{"line":111,"column":38},"end":{"line":111,"column":86}},"13":{"start":{"line":123,"column":23},"end":{"line":131,"column":6}},"14":{"start":{"line":132,"column":4},"end":{"line":132,"column":81}},"15":{"start":{"line":132,"column":37},"end":{"line":132,"column":79}},"16":{"start":{"line":136,"column":4},"end":{"line":136,"column":74}},"17":{"start":{"line":136,"column":40},"end":{"line":136,"column":72}},"18":{"start":{"line":139,"column":0},"end":{"line":139,"column":55}}},"fnMap":{"0":{"name":"(anonymous_0)","decl":{"start":{"line":8,"column":23},"end":{"line":8,"column":24}},"loc":{"start":{"line":8,"column":37},"end":{"line":8,"column":55}},"line":8},"1":{"name":"(anonymous_1)","decl":{"start":{"line":28,"column":29},"end":{"line":28,"column":30}},"loc":{"start":{"line":28,"column":35},"end":{"line":28,"column":57}},"line":28},"2":{"name":"(anonymous_2)","decl":{"start":{"line":35,"column":29},"end":{"line":35,"column":30}},"loc":{"start":{"line":35,"column":35},"end":{"line":35,"column":51}},"line":35},"3":{"name":"(anonymous_3)","decl":{"start":{"line":67,"column":27},"end":{"line":67,"column":28}},"loc":{"start":{"line":67,"column":41},"end":{"line":69,"column":17}},"line":67},"4":{"name":"(anonymous_4)","decl":{"start":{"line":80,"column":22},"end":{"line":80,"column":23}},"loc":{"start":{"line":80,"column":34},"end":{"line":82,"column":13}},"line":80},"5":{"name":"(anonymous_5)","decl":{"start":{"line":91,"column":35},"end":{"line":91,"column":36}},"loc":{"start":{"line":91,"column":43},"end":{"line":91,"column":45}},"line":91},"6":{"name":"(anonymous_6)","decl":{"start":{"line":99,"column":35},"end":{"line":99,"column":36}},"loc":{"start":{"line":99,"column":44},"end":{"line":99,"column":48}},"line":99},"7":{"name":"(anonymous_7)","decl":{"start":{"line":104,"column":22},"end":{"line":104,"column":23}},"loc":{"start":{"line":104,"column":34},"end":{"line":106,"column":13}},"line":104},"8":{"name":"(anonymous_8)","decl":{"start":{"line":111,"column":27},"end":{"line":111,"column":28}},"loc":{"start":{"line":111,"column":38},"end":{"line":111,"column":86}},"line":111},"9":{"name":"deviceValidator","decl":{"start":{"line":122,"column":9},"end":{"line":122,"column":24}},"loc":{"start":{"line":122,"column":34},"end":{"line":133,"column":1}},"line":122},"10":{"name":"(anonymous_10)","decl":{"start":{"line":132,"column":25},"end":{"line":132,"column":26}},"loc":{"start":{"line":132,"column":37},"end":{"line":132,"column":79}},"line":132},"11":{"name":"countryValidator","decl":{"start":{"line":135,"column":9},"end":{"line":135,"column":25}},"loc":{"start":{"line":135,"column":37},"end":{"line":137,"column":1}},"line":135},"12":{"name":"(anonymous_12)","decl":{"start":{"line":136,"column":27},"end":{"line":136,"column":28}},"loc":{"start":{"line":136,"column":40},"end":{"line":136,"column":72}},"line":136}},"branchMap":{"0":{"loc":{"start":{"line":111,"column":38},"end":{"line":111,"column":86}},"type":"binary-expr","locations":[{"start":{"line":111,"column":38},"end":{"line":111,"column":54}},{"start":{"line":111,"column":58},"end":{"line":111,"column":86}}],"line":111}},"s":{"0":1,"1":1,"2":1,"3":0,"4":1,"5":0,"6":0,"7":0,"8":0,"9":0,"10":0,"11":0,"12":0,"13":0,"14":0,"15":0,"16":0,"17":0,"18":1},"f":{"0":0,"1":0,"2":0,"3":0,"4":0,"5":0,"6":0,"7":0,"8":0,"9":0,"10":0,"11":0,"12":0},"b":{"0":[0,0]},"_coverageSchema":"1a1c01bbd47fc00a2c39e90264f33305004495a9","hash":"1003aa6f58446f166edc0dc4a506feb5d0dd1784","contentHash":"d2361122b73e581b4531a7ac894bc7f3d24b254d2f90ae1c195e592e86b7b25a"},"C:\\Users\\peerf\\OneDrive - Shenkar College\\Documents\\שנקר הנדסת תוכנה\\שנה ג\\שירותי מארג האינטרנט - דויד אביגד\\ABtest\\repositories\\goal.repository.js":{"path":"C:\\Users\\peerf\\OneDrive - Shenkar College\\Documents\\שנקר הנדסת תוכנה\\שנה ג\\שירותי מארג האינטרנט - דויד אביגד\\ABtest\\repositories\\goal.repository.js","statementMap":{"0":{"start":{"line":1,"column":21},"end":{"line":1,"column":51}},"1":{"start":{"line":3,"column":0},"end":{"line":26,"column":5}},"2":{"start":{"line":5,"column":4},"end":{"line":5,"column":18}},"3":{"start":{"line":9,"column":4},"end":{"line":9,"column":55}},"4":{"start":{"line":13,"column":4},"end":{"line":13,"column":63}},"5":{"start":{"line":17,"column":4},"end":{"line":19,"column":7}},"6":{"start":{"line":22,"column":23},"end":{"line":22,"column":46}},"7":{"start":{"line":23,"column":4},"end":{"line":24,"column":21}},"8":{"start":{"line":23,"column":20},"end":{"line":23,"column":58}},"9":{"start":{"line":24,"column":9},"end":{"line":24,"column":21}}},"fnMap":{"0":{"name":"(anonymous_0)","decl":{"start":{"line":4,"column":2},"end":{"line":4,"column":3}},"loc":{"start":{"line":4,"column":16},"end":{"line":6,"column":3}},"line":4},"1":{"name":"(anonymous_1)","decl":{"start":{"line":8,"column":2},"end":{"line":8,"column":3}},"loc":{"start":{"line":8,"column":34},"end":{"line":10,"column":3}},"line":8},"2":{"name":"(anonymous_2)","decl":{"start":{"line":12,"column":2},"end":{"line":12,"column":3}},"loc":{"start":{"line":12,"column":30},"end":{"line":14,"column":3}},"line":12},"3":{"name":"(anonymous_3)","decl":{"start":{"line":16,"column":2},"end":{"line":16,"column":3}},"loc":{"start":{"line":16,"column":44},"end":{"line":20,"column":3}},"line":16},"4":{"name":"(anonymous_4)","decl":{"start":{"line":21,"column":2},"end":{"line":21,"column":3}},"loc":{"start":{"line":21,"column":35},"end":{"line":25,"column":3}},"line":21}},"branchMap":{"0":{"loc":{"start":{"line":9,"column":11},"end":{"line":9,"column":54}},"type":"binary-expr","locations":[{"start":{"line":9,"column":11},"end":{"line":9,"column":46}},{"start":{"line":9,"column":50},"end":{"line":9,"column":54}}],"line":9},"1":{"loc":{"start":{"line":23,"column":4},"end":{"line":24,"column":21}},"type":"if","locations":[{"start":{"line":23,"column":4},"end":{"line":24,"column":21}},{"start":{"line":23,"column":4},"end":{"line":24,"column":21}}],"line":23}},"s":{"0":1,"1":1,"2":1,"3":0,"4":0,"5":0,"6":0,"7":0,"8":0,"9":0},"f":{"0":1,"1":0,"2":0,"3":0,"4":0},"b":{"0":[0,0],"1":[0,0]},"_coverageSchema":"1a1c01bbd47fc00a2c39e90264f33305004495a9","hash":"c77963884fd3db717bc597cbfb20b920aac82531","contentHash":"9d6953cab377a6c1071d3d3527c0c8942b9dfc833473adc2dde7b21fb6c3e245"},"C:\\Users\\peerf\\OneDrive - Shenkar College\\Documents\\שנקר הנדסת תוכנה\\שנה ג\\שירותי מארג האינטרנט - דויד אביגד\\ABtest\\models\\Goal.model.js":{"path":"C:\\Users\\peerf\\OneDrive - Shenkar College\\Documents\\שנקר הנדסת תוכנה\\שנה ג\\שירותי מארג האינטרנט - דויד אביגד\\ABtest\\models\\Goal.model.js","statementMap":{"0":{"start":{"line":1,"column":24},"end":{"line":1,"column":43}},"1":{"start":{"line":3,"column":19},"end":{"line":23,"column":5}},"2":{"start":{"line":26,"column":0},"end":{"line":26,"column":43}}},"fnMap":{},"branchMap":{},"s":{"0":1,"1":1,"2":1},"f":{},"b":{},"_coverageSchema":"1a1c01bbd47fc00a2c39e90264f33305004495a9","hash":"3c7c3bcdabb02d8a61cb1136f726362f931e4de2","contentHash":"58b9ab2e7994783421c92642bcc27bbe1c988f2583a538e43f3732bdf6ba1e63"},"C:\\Users\\peerf\\OneDrive - Shenkar College\\Documents\\שנקר הנדסת תוכנה\\שנה ג\\שירותי מארג האינטרנט - דויד אביגד\\ABtest\\Service\\utils.js":{"path":"C:\\Users\\peerf\\OneDrive - Shenkar College\\Documents\\שנקר הנדסת תוכנה\\שנה ג\\שירותי מארג האינטרנט - דויד אביגד\\ABtest\\Service\\utils.js","statementMap":{"0":{"start":{"line":1,"column":14},"end":{"line":1,"column":35}},"1":{"start":{"line":2,"column":15},"end":{"line":2,"column":38}},"2":{"start":{"line":3,"column":18},"end":{"line":3,"column":39}},"3":{"start":{"line":4,"column":31},"end":{"line":4,"column":79}},"4":{"start":{"line":5,"column":27},"end":{"line":5,"column":63}},"5":{"start":{"line":6,"column":28},"end":{"line":6,"column":64}},"6":{"start":{"line":7,"column":46},"end":{"line":7,"column":61}},"7":{"start":{"line":9,"column":20},"end":{"line":13,"column":1}},"8":{"start":{"line":10,"column":19},"end":{"line":10,"column":34}},"9":{"start":{"line":11,"column":4},"end":{"line":11,"column":60}},"10":{"start":{"line":11,"column":17},"end":{"line":11,"column":60}},"11":{"start":{"line":12,"column":4},"end":{"line":12,"column":18}},"12":{"start":{"line":15,"column":20},"end":{"line":20,"column":1}},"13":{"start":{"line":16,"column":4},"end":{"line":16,"column":56}},"14":{"start":{"line":16,"column":14},"end":{"line":16,"column":56}},"15":{"start":{"line":17,"column":19},"end":{"line":17,"column":36}},"16":{"start":{"line":18,"column":4},"end":{"line":18,"column":60}},"17":{"start":{"line":18,"column":17},"end":{"line":18,"column":60}},"18":{"start":{"line":19,"column":4},"end":{"line":19,"column":18}},"19":{"start":{"line":22,"column":25},"end":{"line":30,"column":1}},"20":{"start":{"line":23,"column":26},"end":{"line":23,"column":59}},"21":{"start":{"line":24,"column":19},"end":{"line":27,"column":5}},"22":{"start":{"line":28,"column":4},"end":{"line":28,"column":65}},"23":{"start":{"line":28,"column":17},"end":{"line":28,"column":65}},"24":{"start":{"line":29,"column":4},"end":{"line":29,"column":18}},"25":{"start":{"line":32,"column":21},"end":{"line":34,"column":1}},"26":{"start":{"line":33,"column":4},"end":{"line":33,"column":20}},"27":{"start":{"line":36,"column":20},"end":{"line":36,"column":57}},"28":{"start":{"line":36,"column":31},"end":{"line":36,"column":57}},"29":{"start":{"line":38,"column":22},"end":{"line":38,"column":68}},"30":{"start":{"line":38,"column":38},"end":{"line":38,"column":68}},"31":{"start":{"line":40,"column":24},"end":{"line":58,"column":1}},"32":{"start":{"line":41,"column":4},"end":{"line":57,"column":5}},"33":{"start":{"line":42,"column":20},"end":{"line":42,"column":56}},"34":{"start":{"line":43,"column":34},"end":{"line":43,"column":62}},"35":{"start":{"line":44,"column":8},"end":{"line":54,"column":28}},"36":{"start":{"line":46,"column":16},"end":{"line":48,"column":62}},"37":{"start":{"line":49,"column":37},"end":{"line":49,"column":64}},"38":{"start":{"line":50,"column":31},"end":{"line":50,"column":115}},"39":{"start":{"line":51,"column":38},"end":{"line":51,"column":95}},"40":{"start":{"line":53,"column":12},"end":{"line":53,"column":26}},"41":{"start":{"line":54,"column":15},"end":{"line":54,"column":28}},"42":{"start":{"line":56,"column":8},"end":{"line":56,"column":20}},"43":{"start":{"line":60,"column":0},"end":{"line":65,"column":2}}},"fnMap":{"0":{"name":"(anonymous_0)","decl":{"start":{"line":9,"column":20},"end":{"line":9,"column":21}},"loc":{"start":{"line":9,"column":36},"end":{"line":13,"column":1}},"line":9},"1":{"name":"(anonymous_1)","decl":{"start":{"line":15,"column":20},"end":{"line":15,"column":21}},"loc":{"start":{"line":15,"column":29},"end":{"line":20,"column":1}},"line":15},"2":{"name":"(anonymous_2)","decl":{"start":{"line":22,"column":25},"end":{"line":22,"column":26}},"loc":{"start":{"line":22,"column":34},"end":{"line":30,"column":1}},"line":22},"3":{"name":"(anonymous_3)","decl":{"start":{"line":32,"column":21},"end":{"line":32,"column":22}},"loc":{"start":{"line":32,"column":27},"end":{"line":34,"column":1}},"line":32},"4":{"name":"(anonymous_4)","decl":{"start":{"line":36,"column":20},"end":{"line":36,"column":21}},"loc":{"start":{"line":36,"column":31},"end":{"line":36,"column":57}},"line":36},"5":{"name":"(anonymous_5)","decl":{"start":{"line":38,"column":22},"end":{"line":38,"column":23}},"loc":{"start":{"line":38,"column":38},"end":{"line":38,"column":68}},"line":38},"6":{"name":"(anonymous_6)","decl":{"start":{"line":40,"column":24},"end":{"line":40,"column":25}},"loc":{"start":{"line":40,"column":58},"end":{"line":58,"column":1}},"line":40}},"branchMap":{"0":{"loc":{"start":{"line":11,"column":4},"end":{"line":11,"column":60}},"type":"if","locations":[{"start":{"line":11,"column":4},"end":{"line":11,"column":60}},{"start":{"line":11,"column":4},"end":{"line":11,"column":60}}],"line":11},"1":{"loc":{"start":{"line":16,"column":4},"end":{"line":16,"column":56}},"type":"if","locations":[{"start":{"line":16,"column":4},"end":{"line":16,"column":56}},{"start":{"line":16,"column":4},"end":{"line":16,"column":56}}],"line":16},"2":{"loc":{"start":{"line":18,"column":4},"end":{"line":18,"column":60}},"type":"if","locations":[{"start":{"line":18,"column":4},"end":{"line":18,"column":60}},{"start":{"line":18,"column":4},"end":{"line":18,"column":60}}],"line":18},"3":{"loc":{"start":{"line":26,"column":16},"end":{"line":26,"column":54}},"type":"binary-expr","locations":[{"start":{"line":26,"column":16},"end":{"line":26,"column":41}},{"start":{"line":26,"column":45},"end":{"line":26,"column":54}}],"line":26},"4":{"loc":{"start":{"line":28,"column":4},"end":{"line":28,"column":65}},"type":"if","locations":[{"start":{"line":28,"column":4},"end":{"line":28,"column":65}},{"start":{"line":28,"column":4},"end":{"line":28,"column":65}}],"line":28},"5":{"loc":{"start":{"line":44,"column":8},"end":{"line":54,"column":28}},"type":"if","locations":[{"start":{"line":44,"column":8},"end":{"line":54,"column":28}},{"start":{"line":44,"column":8},"end":{"line":54,"column":28}}],"line":44},"6":{"loc":{"start":{"line":44,"column":12},"end":{"line":44,"column":36}},"type":"binary-expr","locations":[{"start":{"line":44,"column":12},"end":{"line":44,"column":15}},{"start":{"line":44,"column":19},"end":{"line":44,"column":26}},{"start":{"line":44,"column":30},"end":{"line":44,"column":36}}],"line":44},"7":{"loc":{"start":{"line":46,"column":16},"end":{"line":48,"column":62}},"type":"binary-expr","locations":[{"start":{"line":46,"column":16},"end":{"line":46,"column":69}},{"start":{"line":47,"column":16},"end":{"line":47,"column":64}},{"start":{"line":48,"column":16},"end":{"line":48,"column":62}}],"line":46}},"s":{"0":1,"1":1,"2":1,"3":1,"4":1,"5":1,"6":1,"7":1,"8":0,"9":0,"10":0,"11":0,"12":1,"13":0,"14":0,"15":0,"16":0,"17":0,"18":0,"19":1,"20":0,"21":0,"22":0,"23":0,"24":0,"25":1,"26":0,"27":1,"28":0,"29":1,"30":0,"31":1,"32":0,"33":0,"34":0,"35":0,"36":0,"37":0,"38":0,"39":0,"40":0,"41":0,"42":0,"43":1},"f":{"0":0,"1":0,"2":0,"3":0,"4":0,"5":0,"6":0},"b":{"0":[0,0],"1":[0,0],"2":[0,0],"3":[0,0],"4":[0,0],"5":[0,0],"6":[0,0,0],"7":[0,0,0]},"_coverageSchema":"1a1c01bbd47fc00a2c39e90264f33305004495a9","hash":"9a98b85ca47d6ad326626b8d622f419e48afdf2f","contentHash":"57bc05b30902fa9a2cdbdac240b8a57e611637313d8aac1bc64e7535eb8ac259"},"C:\\Users\\peerf\\OneDrive - Shenkar College\\Documents\\שנקר הנדסת תוכנה\\שנה ג\\שירותי מארג האינטרנט - דויד אביגד\\ABtest\\Service\\route.logic.experiment.js":{"path":"C:\\Users\\peerf\\OneDrive - Shenkar College\\Documents\\שנקר הנדסת תוכנה\\שנה ג\\שירותי מארג האינטרנט - דויד אביגד\\ABtest\\Service\\route.logic.experiment.js","statementMap":{"0":{"start":{"line":1,"column":26},"end":{"line":1,"column":74}},"1":{"start":{"line":2,"column":16},"end":{"line":2,"column":42}},"2":{"start":{"line":3,"column":16},"end":{"line":3,"column":42}},"3":{"start":{"line":4,"column":13},"end":{"line":4,"column":31}},"4":{"start":{"line":6,"column":27},"end":{"line":6,"column":32}},"5":{"start":{"line":8,"column":45},"end":{"line":27,"column":1}},"6":{"start":{"line":12,"column":21},"end":{"line":12,"column":67}},"7":{"start":{"line":13,"column":27},"end":{"line":13,"column":37}},"8":{"start":{"line":15,"column":2},"end":{"line":23,"column":3}},"9":{"start":{"line":17,"column":6},"end":{"line":19,"column":35}},"10":{"start":{"line":21,"column":4},"end":{"line":21,"column":57}},"11":{"start":{"line":22,"column":4},"end":{"line":22,"column":51}},"12":{"start":{"line":24,"column":2},"end":{"line":26,"column":37}},"13":{"start":{"line":29,"column":0},"end":{"line":31,"column":2}}},"fnMap":{"0":{"name":"(anonymous_0)","decl":{"start":{"line":8,"column":45},"end":{"line":8,"column":46}},"loc":{"start":{"line":11,"column":5},"end":{"line":27,"column":1}},"line":11}},"branchMap":{"0":{"loc":{"start":{"line":15,"column":2},"end":{"line":23,"column":3}},"type":"if","locations":[{"start":{"line":15,"column":2},"end":{"line":23,"column":3}},{"start":{"line":15,"column":2},"end":{"line":23,"column":3}}],"line":15},"1":{"loc":{"start":{"line":17,"column":6},"end":{"line":19,"column":35}},"type":"cond-expr","locations":[{"start":{"line":18,"column":10},"end":{"line":18,"column":40}},{"start":{"line":19,"column":10},"end":{"line":19,"column":35}}],"line":17},"2":{"loc":{"start":{"line":24,"column":9},"end":{"line":26,"column":36}},"type":"cond-expr","locations":[{"start":{"line":25,"column":6},"end":{"line":25,"column":20}},{"start":{"line":26,"column":6},"end":{"line":26,"column":36}}],"line":24}},"s":{"0":1,"1":1,"2":1,"3":1,"4":1,"5":1,"6":0,"7":0,"8":0,"9":0,"10":0,"11":0,"12":0,"13":1},"f":{"0":0},"b":{"0":[0,0],"1":[0,0],"2":[0,0]},"_coverageSchema":"1a1c01bbd47fc00a2c39e90264f33305004495a9","hash":"67c19ff1eaa38da922ea1ca0e7f431afc54c8877","contentHash":"dca08d3e5e485de0dc5a174c0d0930b111b78e4fdecc3382e31b7e6e4c03f1e6"},"C:\\Users\\peerf\\OneDrive - Shenkar College\\Documents\\שנקר הנדסת תוכנה\\שנה ג\\שירותי מארג האינטרנט - דויד אביגד\\ABtest\\Service\\feature.logic.js":{"path":"C:\\Users\\peerf\\OneDrive - Shenkar College\\Documents\\שנקר הנדסת תוכנה\\שנה ג\\שירותי מארג האינטרנט - דויד אביגד\\ABtest\\Service\\feature.logic.js","statementMap":{"0":{"start":{"line":1,"column":31},"end":{"line":4,"column":1}},"1":{"start":{"line":2,"column":22},"end":{"line":2,"column":43}},"2":{"start":{"line":3,"column":2},"end":{"line":3,"column":20}},"3":{"start":{"line":6,"column":0},"end":{"line":8,"column":2}}},"fnMap":{"0":{"name":"(anonymous_0)","decl":{"start":{"line":1,"column":31},"end":{"line":1,"column":32}},"loc":{"start":{"line":1,"column":59},"end":{"line":4,"column":1}},"line":1}},"branchMap":{},"s":{"0":1,"1":0,"2":0,"3":1},"f":{"0":0},"b":{},"_coverageSchema":"1a1c01bbd47fc00a2c39e90264f33305004495a9","hash":"05f1c5
[...]
"statementMap":{"0":{"start":{"line":1,"column":26},"end":{"line":4,"column":1}},"1":{"start":{"line":2,"column":22},"end":{"line":2,"column":43}},"2":{"start":{"line":3,"column":2},"end":{"line":3,"column":43}},"3":{"start":{"line":6,"column":22},"end":{"line":8,"column":1}},"4":{"start":{"line":7,"column":2},"end":{"line":7,"column":49}},"5":{"start":{"line":10,"column":0},"end":{"line":13,"column":2}}},"fnMap":{"0":{"name":"(anonymous_0)","decl":{"start":{"line":1,"column":26},"end":{"line":1,"column":27}},"loc":{"start":{"line":1,"column":54},"end":{"line":4,"column":1}},"line":1},"1":{"name":"(anonymous_1)","decl":{"start":{"line":6,"column":22},"end":{"line":6,"column":23}},"loc":{"start":{"line":6,"column":44},"end":{"line":8,"column":1}},"line":6}},"branchMap":{"0":{"loc":{"start":{"line":7,"column":9},"end":{"line":7,"column":48}},"type":"cond-expr","locations":[{"start":{"line":7,"column":31},"end":{"line":7,"column":38}},{"start":{"line":7,"column":41},"end":{"line":7,"column":48}}],"line":7}},"s":{"0":1,"1":0,"2":0,"3":1,"4":0,"5":1},"f":{"0":0,"1":0},"b":{"0":[0,0]},"_coverageSchema":"1a1c01bbd47fc00a2c39e90264f33305004495a9","hash":"54b04c7d02857729250cc6b34510b3e98de0ecd4","contentHash":"4b230294b1acb592bb74c660287991bfdb90a8ecc3ba3e50dc55c55fd7a21443"},"C:\\Users\\peerf\\OneDrive - Shenkar College\\Documents\\שנקר הנדסת תוכנה\\שנה ג\\שירותי מארג האינטרנט - דויד אביגד\\ABtest\\controller\\stats.controller.js":{"path":"C:\\Users\\peerf\\OneDrive - Shenkar College\\Documents\\שנקר הנדסת תוכנה\\שנה ג\\שירותי מארג האינטרנט - דויד אביגד\\ABtest\\controller\\stats.controller.js","statementMap":{"0":{"start":{"line":1,"column":24},"end":{"line":1,"column":62}},"1":{"start":{"line":2,"column":22},"end":{"line":2,"column":58}},"2":{"start":{"line":3,"column":20},"end":{"line":3,"column":56}},"3":{"start":{"line":4,"column":29},"end":{"line":4,"column":77}},"4":{"start":{"line":5,"column":23},"end":{"line":5,"column":65}},"5":{"start":{"line":6,"column":23},"end":{"line":6,"column":65}},"6":{"start":{"line":7,"column":19},"end":{"line":7,"column":38}},"7":{"start":{"line":9,"column":42},"end":{"line":11,"column":1}},"8":{"start":{"line":10,"column":4},"end":{"line":10,"column":156}},"9":{"start":{"line":13,"column":35},"end":{"line":15,"column":1}},"10":{"start":{"line":14,"column":4},"end":{"line":14,"column":55}},"11":{"start":{"line":17,"column":22},"end":{"line":45,"column":1}},"12":{"start":{"line":18,"column":25},"end":{"line":18,"column":38}},"13":{"start":{"line":19,"column":4},"end":{"line":19,"column":113}},"14":{"start":{"line":19,"column":49},"end":{"line":19,"column":113}},"15":{"start":{"line":21,"column":23},"end":{"line":21,"column":72}},"16":{"start":{"line":22,"column":4},"end":{"line":22,"column":92}},"17":{"start":{"line":22,"column":21},"end":{"line":22,"column":92}},"18":{"start":{"line":23,"column":4},"end":{"line":23,"column":106}},"19":{"start":{"line":23,"column":31},"end":{"line":23,"column":106}},"20":{"start":{"line":26,"column":4},"end":{"line":42,"column":5}},"21":{"start":{"line":28,"column":12},"end":{"line":32,"column":14}},"22":{"start":{"line":33,"column":12},"end":{"line":33,"column":18}},"23":{"start":{"line":35,"column":12},"end":{"line":38,"column":14}},"24":{"start":{"line":39,"column":12},"end":{"line":39,"column":18}},"25":{"start":{"line":41,"column":12},"end":{"line":41,"column":105}},"26":{"start":{"line":44,"column":4},"end":{"line":44,"column":33}},"27":{"start":{"line":47,"column":22},"end":{"line":71,"column":1}},"28":{"start":{"line":49,"column":25},"end":{"line":49,"column":38}},"29":{"start":{"line":50,"column":4},"end":{"line":50,"column":113}},"30":{"start":{"line":50,"column":49},"end":{"line":50,"column":113}},"31":{"start":{"line":51,"column":23},"end":{"line":51,"column":72}},"32":{"start":{"line":52,"column":4},"end":{"line":52,"column":92}},"33":{"start":{"line":52,"column":21},"end":{"line":52,"column":92}},"34":{"start":{"line":54,"column":4},"end":{"line":70,"column":5}},"35":{"start":{"line":56,"column":12},"end":{"line":60,"column":15}},"36":{"start":{"line":61,"column":12},"end":{"line":61,"column":18}},"37":{"start":{"line":63,"column":12},"end":{"line":66,"column":14}},"38":{"start":{"line":67,"column":12},"end":{"line":67,"column":18}},"39":{"start":{"line":69,"column":12},"end":{"line":69,"column":105}},"40":{"start":{"line":73,"column":27},"end":{"line":82,"column":1}},"41":{"start":{"line":74,"column":25},"end":{"line":74,"column":48}},"42":{"start":{"line":75,"column":4},"end":{"line":75,"column":113}},"43":{"start":{"line":75,"column":49},"end":{"line":75,"column":113}},"44":{"start":{"line":76,"column":23},"end":{"line":76,"column":72}},"45":{"start":{"line":77,"column":4},"end":{"line":77,"column":92}},"46":{"start":{"line":77,"column":21},"end":{"line":77,"column":92}},"47":{"start":{"line":78,"column":4},"end":{"line":81,"column":7}},"48":{"start":{"line":84,"column":25},"end":{"line":94,"column":1}},"49":{"start":{"line":85,"column":22},"end":{"line":85,"column":42}},"50":{"start":{"line":86,"column":4},"end":{"line":86,"column":107}},"51":{"start":{"line":86,"column":46},"end":{"line":86,"column":107}},"52":{"start":{"line":87,"column":20},"end":{"line":87,"column":73}},"53":{"start":{"line":88,"column":4},"end":{"line":90,"column":5}},"54":{"start":{"line":89,"column":8},"end":{"line":89,"column":83}},"55":{"start":{"line":91,"column":4},"end":{"line":93,"column":6}},"56":{"start":{"line":96,"column":31},"end":{"line":118,"column":1}},"57":{"start":{"line":97,"column":19},"end":{"line":97,"column":36}},"58":{"start":{"line":98,"column":25},"end":{"line":98,"column":48}},"59":{"start":{"line":99,"column":4},"end":{"line":99,"column":101}},"60":{"start":{"line":99,"column":43},"end":{"line":99,"column":101}},"61":{"start":{"line":100,"column":4},"end":{"line":100,"column":113}},"62":{"start":{"line":100,"column":49},"end":{"line":100,"column":113}},"63":{"start":{"line":101,"column":19},"end":{"line":101,"column":70}},"64":{"start":{"line":102,"column":20},"end":{"line":102,"column":73}},"65":{"start":{"line":103,"column":4},"end":{"line":104,"column":22}},"66":{"start":{"line":104,"column":8},"end":{"line":104,"column":22}},"67":{"start":{"line":105,"column":4},"end":{"line":107,"column":5}},"68":{"start":{"line":106,"column":8},"end":{"line":106,"column":83}},"69":{"start":{"line":109,"column":4},"end":{"line":109,"column":40}},"70":{"start":{"line":110,"column":4},"end":{"line":110,"column":40}},"71":{"start":{"line":111,"column":4},"end":{"line":111,"column":40}},"72":{"start":{"line":112,"column":4},"end":{"line":112,"column":42}},"73":{"start":{"line":113,"column":4},"end":{"line":113,"column":44}},"74":{"start":{"line":115,"column":4},"end":{"line":117,"column":6}},"75":{"start":{"line":121,"column":0},"end":{"line":127,"column":1}}},"fnMap":{"0":{"name":"(anonymous_0)","decl":{"start":{"line":9,"column":42},"end":{"line":9,"column":43}},"loc":{"start":{"line":9,"column":75},"end":{"line":11,"column":1}},"line":9},"1":{"name":"(anonymous_1)","decl":{"start":{"line":13,"column":35},"end":{"line":13,"column":36}},"loc":{"start":{"line":13,"column":64},"end":{"line":15,"column":1}},"line":13},"2":{"name":"(anonymous_2)","decl":{"start":{"line":17,"column":22},"end":{"line":17,"column":23}},"loc":{"start":{"line":17,"column":42},"end":{"line":45,"column":1}},"line":17},"3":{"name":"(anonymous_3)","decl":{"start":{"line":47,"column":22},"end":{"line":47,"column":23}},"loc":{"start":{"line":47,"column":42},"end":{"line":71,"column":1}},"line":47},"4":{"name":"(anonymous_4)","decl":{"start":{"line":73,"column":27},"end":{"line":73,"column":28}},"loc":{"start":{"line":73,"column":47},"end":{"line":82,"column":1}},"line":73},"5":{"name":"(anonymous_5)","decl":{"start":{"line":84,"column":25},"end":{"line":84,"column":26}},"loc":{"start":{"line":84,"column":45},"end":{"line":94,"column":1}},"line":84},"6":{"name":"(anonymous_6)","decl":{"start":{"line":96,"column":31},"end":{"line":96,"column":32}},"loc":{"start":{"line":96,"column":51},"end":{"line":118,"column":1}},"line":96}},"branchMap":{"0":{"loc":{"start":{"line":19,"column":4},"end":{"line":19,"column":113}},"type":"if","locations":[{"start":{"line":19,"column":4},"end":{"line":19,"column":113}},{"start":{"line":19,"column":4},"end":{"line":19,"column":113}}],"line":19},"1":{"loc":{"start":{"line":22,"column":4},"end":{"line":22,"column":92}},"type":"if","locations":[{"start":{"line":22,"column":4},"end":{"line":22,"column":92}},{"start":{"line":22,"column":4},"end":{"line":22,"column":92}}],"line":22},"2":{"loc":{"start":{"line":23,"column":4},"end":{"line":23,"column":106}},"type":"if","locations":[{"start":{"line":23,"column":4},"end":{"line":23,"column":106}},{"start":{"line":23,"column":4},"end":{"line":23,"column":106}}],"line":23},"3":{"loc":{"start":{"line":26,"column":4},"end":{"line":42,"column":5}},"type":"switch","locations":[{"start":{"line":27,"column":8},"end":{"line":33,"column":18}},{"start":{"line":34,"column":8},"end":{"line":39,"column":18}},{"start":{"line":40,"column":8},"end":{"line":41,"column":105}}],"line":26},"4":{"loc":{"start":{"line":50,"column":4},"end":{"line":50,"column":113}},"type":"if","locations":[{"start":{"line":50,"column":4},"end":{"line":50,"column":113}},{"start":{"line":50,"column":4},"end":{"line":50,"column":113}}],"line":50},"5":{"loc":{"start":{"line":52,"column":4},"end":{"line":52,"column":92}},"type":"if","locations":[{"start":{"line":52,"column":4},"end":{"line":52,"column":92}},{"start":{"line":52,"column":4},"end":{"line":52,"column":92}}],"line":52},"6":{"loc":{"start":{"line":54,"column":4},"end":{"line":70,"column":5}},"type":"switch","locations":[{"start":{"line":55,"column":8},"end":{"line":61,"column":18}},{"start":{"line":62,"column":8},"end":{"line":67,"column":18}},{"start":{"line":68,"column":8},"end":{"line":69,"column":105}}],"line":54},"7":{"loc":{"start":{"line":75,"column":4},"end":{"line":75,"column":113}},"type":"if","locations":[{"start":{"line":75,"column":4},"end":{"line":75,"column":113}},{"start":{"line":75,"column":4},"end":{"line":75,"column":113}}],"line":75},"8":{"loc":{"start":{"line":77,"column":4},"end":{"line":77,"column":92}},"type":"if","locations":[{"start":{"line":77,"column":4},"end":{"line":77,"column":92}},{"start":{"line":77,"column":4},"end":{"line":77,"column":92}}],"line":77},"9":{"loc":{"start":{"line":86,"column":4},"end":{"line":86,"column":107}},"type":"if","locations":[{"start":{"line":86,"column":4},"end":{"line":86,"column":107}},{"start":{"line":86,"column":4},"end":{"line":86,"column":107}}],"line":86},"10":{"loc":{"start":{"line":88,"column":4},"end":{"line":90,"column":5}},"type":"if","locations":[{"start":{"line":88,"column":4},"end":{"line":90,"column":5}},{"start":{"line":88,"column":4},"end":{"line":90,"column":5}}],"line":88},"11":{"loc":{"start":{"line":99,"column":4},"end":{"line":99,"column":101}},"type":"if","locations":[{"start":{"line":99,"column":4},"end":{"line":99,"column":101}},{"start":{"line":99,"column":4},"end":{"line":99,"column":101}}],"line":99},"12":{"loc":{"start":{"line":100,"column":4},"end":{"line":100,"column":113}},"type":"if","locations":[{"start":{"line":100,"column":4},"end":{"line":100,"column":113}},{"start":{"line":100,"column":4},"end":{"line":100,"column":113}}],"line":100},"13":{"loc":{"start":{"line":103,"column":4},"end":{"line":104,"column":22}},"type":"if","locations":[{"start":{"line":103,"column":4},"end":{"line":104,"column":22}},{"start":{"line":103,"column":4},"end":{"line":104,"column":22}}],"line":103},"14":{"loc":{"start":{"line":105,"column":4},"end":{"line":107,"column":5}},"type":"if","locations":[{"start":{"line":105,"column":4},"end":{"line":107,"column":5}},{"start":{"line":105,"column":4},"end":{"line":107,"column":5}}],"line":105},"15":{"loc":{"start":{"line":109,"column":4},"end":{"line":109,"column":39}},"type":"binary-expr","locations":[{"start":{"line":109,"column":4},"end":{"line":109,"column":12}},{"start":{"line":109,"column":17},"end":{"line":109,"column":38}}],"line":109},"16":{"loc":{"start":{"line":110,"column":4},"end":{"line":110,"column":39}},"type":"binary-expr","locations":[{"start":{"line":110,"column":4},"end":{"line":110,"column":12}},{"start":{"line":110,"column":17},"end":{"line":110,"column":38}}],"line":110},"17":{"loc":{"start":{"line":111,"column":4},"end":{"line":111,"column":39}},"type":"binary-expr","locations":[{"start":{"line":111,"column":4},"end":{"line":111,"column":12}},{"start":{"line":111,"column":17},"end":{"line":111,"column":38}}],"line":111},"18":{"loc":{"start":{"line":112,"column":4},"end":{"line":112,"column":41}},"type":"binary-expr","locations":[{"start":{"line":112,"column":4},"end":{"line":112,"column":13}},{"start":{"line":112,"column":18},"end":{"line":112,"column":40}}],"line":112},"19":{"loc":{"start":{"line":113,"column":4},"end":{"line":113,"column":43}},"type":"binary-expr","locations":[{"start":{"line":113,"column":4},"end":{"line":113,"column":14}},{"start":{"line":113,"column":19},"end":{"line":113,"column":42}}],"line":113}},"s":{"0":1,"1":1,"2":1,"3":1,"4":1,"5":1,"6":1,"7":1,"8":0,"9":1,"10":5,"11":1,"12":4,"13":4,"14":1,"15":3,"16":3,"17":1,"18":2,"19":0,"20":2,"21":1,"22":1,"23":1,"24":1,"25":0,"26":2,"27":1,"28":0,"29":0,"30":0,"31":0,"32":0,"33":0,"34":0,"35":0,"36":0,"37":0,"38":0,"39":0,"40":1,"41":0,"42":0,"43":0,"44":0,"45":0,"46":0,"47":0,"48":1,"49":0,"50":0,"51":0,"52":0,"53":0,"54":0,"55":0,"56":1,"57":0,"58":0,"59":0,"60":0,"61":0,"62":0,"63":0,"64":0,"65":0,"66":0,"67":0,"68":0,"69":0,"70":0,"71":0,"72":0,"73":0,"74":0,"75":1},"f":{"0":0,"1":5,"2":4,"3":0,"4":0,"5":0,"6":0},"b":{"0":[1,3],"1":[1,2],"2":[0,2],"3":[1,1,0],"4":[0,0],"5":[0,0],"6":[0,0,0],"7":[0,0],"8":[0,0],"9":[0,0],"10":[0,0],"11":[0,0],"12":[0,0],"13":[0,0],"14":[0,0],"15":[0,0],"16":[0,0],"17":[0,0],"18":[0,0],"19":[0,0]},"_coverageSchema":"1a1c01bbd47fc00a2c39e90264f33305004495a9","hash":"03216e6899f4c0b84cb835591c6f30354cf8327e","contentHash":"1b5ee3bddaa960a36a2910721ef6f4ec11e232b3b7b944a53a98d0c6d192f47b"},"C:\\Users\\peerf\\OneDrive - Shenkar College\\Documents\\שנקר הנדסת תוכנה\\שנה ג\\שירותי מארג האינטרנט - דויד אביגד\\ABtest\\router\\external.routes.js":{"path":"C:\\Users\\peerf\\OneDrive - Shenkar College\\Documents\\שנקר הנדסת תוכנה\\שנה ג\\שירותי מארג האינטרנט - דויד אביגד\\ABtest\\router\\external.routes.js","statementMap":{"0":{"start":{"line":1,"column":19},"end":{"line":1,"column":37}},"1":{"start":{"line":2,"column":19},"end":{"line":2,"column":31}},"2":{"start":{"line":3,"column":32},"end":{"line":3,"column":76}},"3":{"start":{"line":5,"column":0},"end":{"line":5,"column":33}},"4":{"start":{"line":6,"column":0},"end":{"line":6,"column":43}},"5":{"start":{"line":8,"column":0},"end":{"line":8,"column":32}}},"fnMap":{},"branchMap":{},"s":{"0":1,"1":1,"2":1,"3":1,"4":1,"5":1},"f":{},"b":{},"_coverageSchema":"1a1c01bbd47fc00a2c39e90264f33305004495a9","hash":"39b4980cc631d0f37e44a8097afffdeeab626ffb","contentHash":"8942634d505cd48a8d0196fa185997a652c9200e94edd3988d3a2ee2f21e2900"},"C:\\Users\\peerf\\OneDrive - Shenkar College\\Documents\\שנקר הנדסת תוכנה\\שנה ג\\שירותי מארג האינטרנט - דויד אביגד\\ABtest\\router\\user.routes.js":{"path":"C:\\Users\\peerf\\OneDrive - Shenkar College\\Documents\\שנקר הנדסת תוכנה\\שנה ג\\שירותי מארג האינטרנט - דויד אביגד\\ABtest\\router\\user.routes.js","statementMap":{"0":{"start":{"line":1,"column":19},"end":{"line":1,"column":37}},"1":{"start":{"line":2,"column":19},"end":{"line":2,"column":31}},"2":{"start":{"line":12,"column":4},"end":{"line":12,"column":44}},"3":{"start":{"line":15,"column":0},"end":{"line":15,"column":40}},"4":{"start":{"line":18,"column":0},"end":{"line":18,"column":63}},"5":{"start":{"line":21,"column":0},"end":{"line":21,"column":41}},"6":{"start":{"line":24,"column":0},"end":{"line":24,"column":37}},"7":{"start":{"line":27,"column":0},"end":{"line":27,"column":30}},"8":{"start":{"line":30,"column":0},"end":{"line":30,"column":43}},"9":{"start":{"line":32,"column":0},"end":{"line":32,"column":32}},"10":{"start":{"line":34,"column":0},"end":{"line":34,"column":32}}},"fnMap":{},"branchMap":{},"s":{"0":1,"1":1,"2":1,"3":1,"4":1,"5":1,"6":1,"7":1,"8":1,"9":1,"10":1},"f":{},"b":{},"_coverageSchema":"1a1c01bbd47fc00a2c39e90264f33305004495a9","hash":"28699b047e0c41185bc1a54760b71092ff8ec82b","contentHash":"f8f8cfbd0fe3c597696fe9e4bc64026544d096b741bbc0ae5d5c276ac5740ef7"},"C:\\Users\\peerf\\OneDrive - Shenkar College\\Documents\\שנקר הנדסת תוכנה\\שנה ג\\שירותי מארג האינטרנט - דויד אביגד\\ABtest\\Service\\cron.job.js":{"path":"C:\\Users\\peerf\\OneDrive - Shenkar College\\Documents\\שנקר הנדסת תוכנה\\שנה ג\\שירותי מארג האינטרנט - דויד אביגד\\ABtest\\Service\\cron.job.js","statementMap":{"0":{"start":{"line":1,"column":13},"end":{"line":1,"column":33}},"1":{"start":{"line":2,"column":29},"end":{"line":2,"column":77}},"2":{"start":{"line":3,"column":19},"end":{"line":3,"column":56}},"3":{"start":{"line":4,"column":31},"end":{"line":20,"column":1}},"4":{"start":{"line":5,"column":16},"end":{"line":19,"column":6}},"5":{"start":{"line":6,"column":28},"end":{"line":6,"column":38}},"6":{"start":{"line":7,"column":8},"end":{"line":7,"column":57}},"7":{"start":{"line":8,"column":28},"end":{"line":8,"column":61}},"8":{"start":{"line":9,"column":8},"end":{"line":18,"column":9}},"9":{"start":{"line":10,"column":26},"end":{"line":10,"column":65}},"10":{"start":{"line":11,"column":24},"end":{"line":11,"column":61}},"11":{"start":{"line":13,"column":12},"end":{"line":17,"column":13}},"12":{"start":{"line":14,"column":16},"end":{"line":14,"column":85}},"13":{"start":{"line":15,"column":19},"end":{"line":17,"column":13}},"14":{"start":{"line":16,"column":16},"end":{"line":16,"column":84}},"15":{"start":{"line":22,"column":0},"end":{"line":24,"column":3}},"16":{"start":{"line":23,"column":4},"end":{"line":23,"column":55}},"17":{"start":{"line":26,"column":0},"end":{"line":28,"column":1}}},"fnMap":{"0":{"name":"(anonymous_0)","decl":{"start":{"line":4,"column":31},"end":{"line":4,"column":32}},"loc":{"start":{"line":4,"column":37},"end":{"line":20,"column":1}},"line":4},"1":{"name":"(anonymous_1)","decl":{"start":{"line":5,"column":43},"end":{"line":5,"column":44}},"loc":{"start":{"line":5,"column":55},"end":{"line":19,"column":5}},"line":5},"2":{"name":"(anonymous_2)","decl":{"start":{"line":22,"column":27},"end":{"line":22,"column":28}},"loc":{"start":{"line":22,"column":39},"end":{"line":24,"column":1}},"line":22}},"branchMap":{"0":{"loc":{"start":{"line":13,"column":12},"end":{"line":17,"column":13}},"type":"if","locations":[{"start":{"line":13,"column":12},"end":{"line":17,"column":13}},{"start":{"line":13,"column":12},"end":{"line":17,"column":13}}],"line":13},"1":{"loc":{"start":{"line":13,"column":16},"end":{"line":13,"column":93}},"type":"binary-expr","locations":[{"start":{"line":13,"column":16},"end":{"line":13,"column":47}},{"start":{"line":13,"column":51},"end":{"line":13,"column":71}},{"start":{"line":13,"column":75},"end":{"line":13,"column":93}}],"line":13},"2":{"loc":{"start":{"line":15,"column":19},"end":{"line":17,"column":13}},"type":"if","locations":[{"start":{"line":15,"column":19},"end":{"line":17,"column":13}},{"start":{"line":15,"column":19},"end":{"line":17,"column":13}}],"line":15},"3":{"loc":{"start":{"line":15,"column":23},"end":{"line":15,"column":75}},"type":"binary-expr","locations":[{"start":{"line":15,"column":23},"end":{"line":15,"column":53}},{"start":{"line":15,"column":57},"end":{"line":15,"column":75}}],"line":15}},"s":{"0":1,"1":1,"2":1,"3":1,"4":0,"5":0,"6":0,"7":0,"8":0,"9":0,"10":0,"11":0,"12":0,"13":0,"14":0,"15":1,"16":0,"17":1},"f":{"0":0,"1":0,"2":0},"b":{"0":[0,0],"1":[0,0,0],"2":[0,0],"3":[0,0]},"_coverageSchema":"1a1c01bbd47fc00a2c39e90264f33305004495a9","hash":"5271372304cb1a355950764c9329447294a3748e","contentHash":"bc709059bb396c79c1970b2ae7231a6c9731d428b3d11a42b2ec372f9b4e012e"}}