{"C:\\Users\\peerf\\OneDrive - Shenkar College\\Documents\\שנקר הנדסת תוכנה\\שנה ג\\שירותי מארג האינטרנט - דויד אביגד\\ABtest\\controller\\external.controller.js":{"path":"C:\\Users\\peerf\\OneDrive - Shenkar College\\Documents\\שנקר הנדסת תוכנה\\שנה ג\\שירותי מארג האינטרנט - דויד אביגד\\ABtest\\controller\\external.controller.js","statementMap":{"0":{"start":{"line":6,"column":4},"end":{"line":6,"column":32}},"1":{"start":{"line":7,"column":31},"end":{"line":7,"column":59}},"2":{"start":{"line":8,"column":28},"end":{"line":8,"column":57}},"3":{"start":{"line":9,"column":26},"end":{"line":9,"column":67}},"4":{"start":{"line":10,"column":29},"end":{"line":10,"column":77}},"5":{"start":{"line":11,"column":23},"end":{"line":11,"column":67}},"6":{"start":{"line":15,"column":4},"end":{"line":15,"column":42}},"7":{"start":{"line":16,"column":44},"end":{"line":16,"column":80}},"8":{"start":{"line":17,"column":44},"end":{"line":17,"column":82}},"9":{"start":{"line":20,"column":4},"end":{"line":20,"column":50}},"10":{"start":{"line":21,"column":28},"end":{"line":21,"column":64}},"11":{"start":{"line":23,"column":16},"end":{"line":35,"column":1}},"12":{"start":{"line":24,"column":2},"end":{"line":24,"column":65}},"13":{"start":{"line":25,"column":15},"end":{"line":25,"column":44}},"14":{"start":{"line":26,"column":2},"end":{"line":33,"column":6}},"15":{"start":{"line":27,"column":4},"end":{"line":33,"column":6}},"16":{"start":{"line":34,"column":2},"end":{"line":34,"column":66}},"17":{"start":{"line":37,"column":20},"end":{"line":43,"column":1}},"18":{"start":{"line":38,"column":2},"end":{"line":38,"column":21}},"19":{"start":{"line":39,"column":2},"end":{"line":39,"column":69}},"20":{"start":{"line":39,"column":21},"end":{"line":39,"column":69}},"21":{"start":{"line":40,"column":2},"end":{"line":40,"column":68}},"22":{"start":{"line":40,"column":21},"end":{"line":40,"column":68}},"23":{"start":{"line":41,"column":2},"end":{"line":42,"column":48}},"24":{"start":{"line":42,"column":4},"end":{"line":42,"column":48}},"25":{"start":{"line":45,"column":26},"end":{"line":56,"column":1}},"26":{"start":{"line":46,"column":21},"end":{"line":46,"column":70}},"27":{"start":{"line":47,"column":2},"end":{"line":47,"column":58}},"28":{"start":{"line":47,"column":19},"end":{"line":47,"column":58}},"29":{"start":{"line":48,"column":2},"end":{"line":55,"column":3}},"30":{"start":{"line":49,"column":20},"end":{"line":49,"column":43}},"31":{"start":{"line":50,"column":4},"end":{"line":50,"column":73}},"32":{"start":{"line":51,"column":20},"end":{"line":51,"column":71}},"33":{"start":{"line":52,"column":4},"end":{"line":52,"column":34}},"34":{"start":{"line":54,"column":4},"end":{"line":54,"column":72}},"35":{"start":{"line":58,"column":31},"end":{"line":77,"column":1}},"36":{"start":{"line":65,"column":26},"end":{"line":65,"column":49}},"37":{"start":{"line":66,"column":2},"end":{"line":76,"column":3}},"38":{"start":{"line":67,"column":4},"end":{"line":71,"column":5}},"39":{"start":{"line":68,"column":6},"end":{"line":70,"column":7}},"40":{"start":{"line":69,"column":8},"end":{"line":69,"column":49}},"41":{"start":{"line":72,"column":23},"end":{"line":72,"column":66}},"42":{"start":{"line":73,"column":4},"end":{"line":73,"column":44}},"43":{"start":{"line":75,"column":4},"end":{"line":75,"column":60}},"44":{"start":{"line":79,"column":21},"end":{"line":86,"column":1}},"45":{"start":{"line":80,"column":2},"end":{"line":80,"column":56}},"46":{"start":{"line":81,"column":16},"end":{"line":81,"column":72}},"47":{"start":{"line":82,"column":25},"end":{"line":82,"column":50}},"48":{"start":{"line":83,"column":22},"end":{"line":83,"column":66}},"49":{"start":{"line":84,"column":2},"end":{"line":84,"column":75}},"50":{"start":{"line":84,"column":19},"end":{"line":84,"column":75}},"51":{"start":{"line":85,"column":2},"end":{"line":85,"column":17}},"52":{"start":{"line":88,"column":34},"end":{"line":93,"column":1}},"53":{"start":{"line":89,"column":21},"end":{"line":89,"column":70}},"54":{"start":{"line":90,"column":2},"end":{"line":90,"column":58}},"55":{"start":{"line":90,"column":19},"end":{"line":90,"column":58}},"56":{"start":{"line":91,"column":2},"end":{"line":91,"column":51}},"57":{"start":{"line":91,"column":38},"end":{"line":91,"column":51}},"58":{"start":{"line":92,"column":2},"end":{"line":92,"column":14}},"59":{"start":{"line":95,"column":19},"end":{"line":117,"column":1}},"60":{"start":{"line":96,"column":35},"end":{"line":96,"column":43}},"61":{"start":{"line":97,"column":2},"end":{"line":98,"column":48}},"62":{"start":{"line":98,"column":4},"end":{"line":98,"column":48}},"63":{"start":{"line":99,"column":15},"end":{"line":99,"column":44}},"64":{"start":{"line":100,"column":2},"end":{"line":100,"column":37}},"65":{"start":{"line":100,"column":13},"end":{"line":100,"column":37}},"66":{"start":{"line":101,"column":26},"end":{"line":101,"column":49}},"67":{"start":{"line":102,"column":2},"end":{"line":113,"column":3}},"68":{"start":{"line":103,"column":4},"end":{"line":112,"column":5}},"69":{"start":{"line":104,"column":22},"end":{"line":104,"column":45}},"70":{"start":{"line":105,"column":23},"end":{"line":108,"column":7}},"71":{"start":{"line":109,"column":6},"end":{"line":111,"column":9}},"72":{"start":{"line":114,"column":2},"end":{"line":116,"column":5}},"73":{"start":{"line":119,"column":34},"end":{"line":129,"column":1}},"74":{"start":{"line":120,"column":2},"end":{"line":120,"column":51}},"75":{"start":{"line":120,"column":27},"end":{"line":120,"column":51}},"76":{"start":{"line":121,"column":30},"end":{"line":121,"column":38}},"77":{"start":{"line":122,"column":2},"end":{"line":122,"column":108}},"78":{"start":{"line":122,"column":29},"end":{"line":122,"column":108}},"79":{"start":{"line":123,"column":20},"end":{"line":123,"column":58}},"80":{"start":{"line":124,"column":2},"end":{"line":124,"column":65}},"81":{"start":{"line":124,"column":16},"end":{"line":124,"column":65}},"82":{"start":{"line":125,"column":2},"end":{"line":125,"column":52}},"83":{"start":{"line":125,"column":42},"end":{"line":125,"column":50}},"84":{"start":{"line":126,"column":24},"end":{"line":126,"column":69}},"85":{"start":{"line":127,"column":2},"end":{"line":127,"column":73}},"86":{"start":{"line":127,"column":22},"end":{"line":127,"column":73}},"87":{"start":{"line":128,"column":2},"end":{"line":128,"column":38}},"88":{"start":{"line":131,"column":41},"end":{"line":142,"column":1}},"89":{"start":{"line":132,"column":2},"end":{"line":132,"column":75}},"90":{"start":{"line":132,"column":32},"end":{"line":132,"column":75}},"91":{"start":{"line":133,"column":23},"end":{"line":133,"column":46}},"92":{"start":{"line":134,"column":29},"end":{"line":134,"column":37}},"93":{"start":{"line":135,"column":2},"end":{"line":135,"column":103}},"94":{"start":{"line":135,"column":29},"end":{"line":135,"column":103}},"95":{"start":{"line":136,"column":23},"end":{"line":136,"column":140}},"96":{"start":{"line":136,"column":89},"end":{"line":136,"column":138}},"97":{"start":{"line":137,"column":2},"end":{"line":137,"column":27}},"98":{"start":{"line":138,"column":2},"end":{"line":138,"column":89}},"99":{"start":{"line":138,"column":34},"end":{"line":138,"column":40}},"100":{"start":{"line":138,"column":43},"end":{"line":138,"column":89}},"101":{"start":{"line":139,"column":28},"end":{"line":139,"column":87}},"102":{"start":{"line":140,"column":2},"end":{"line":140,"column":78}},"103":{"start":{"line":140,"column":26},"end":{"line":140,"column":78}},"104":{"start":{"line":141,"column":2},"end":{"line":141,"column":42}},"105":{"start":{"line":146,"column":0},"end":{"line":146,"column":101}}},"fnMap":{"0":{"name":"(anonymous_0)","decl":{"start":{"line":23,"column":16},"end":{"line":23,"column":17}},"loc":{"start":{"line":23,"column":42},"end":{"line":35,"column":1}},"line":23},"1":{"name":"(anonymous_1)","decl":{"start":{"line":37,"column":20},"end":{"line":37,"column":21}},"loc":{"start":{"line":37,"column":63},"end":{"line":43,"column":1}},"line":37},"2":{"name":"(anonymous_2)","decl":{"start":{"line":45,"column":26},"end":{"line":45,"column":27}},"loc":{"start":{"line":45,"column":66},"end":{"line":56,"column":1}},"line":45},"3":{"name":"(anonymous_3)","decl":{"start":{"line":58,"column":31},"end":{"line":58,"column":32}},"loc":{"start":{"line":64,"column":5},"end":{"line":77,"column":1}},"line":64},"4":{"name":"(anonymous_4)","decl":{"start":{"line":79,"column":21},"end":{"line":79,"column":22}},"loc":{"start":{"line":79,"column":51},"end":{"line":86,"column":1}},"line":79},"5":{"name":"(anonymous_5)","decl":{"start":{"line":88,"column":34},"end":{"line":88,"column":35}},"loc":{"start":{"line":88,"column":58},"end":{"line":93,"column":1}},"line":88},"6":{"name":"(anonymous_6)","decl":{"start":{"line":95,"column":19},"end":{"line":95,"column":20}},"loc":{"start":{"line":95,"column":39},"end":{"line":117,"column":1}},"line":95},"7":{"name":"(anonymous_7)","decl":{"start":{"line":119,"column":34},"end":{"line":119,"column":35}},"loc":{"start":{"line":119,"column":54},"end":{"line":129,"column":1}},"line":119},"8":{"name":"(anonymous_8)","decl":{"start":{"line":125,"column":34},"end":{"line":125,"column":35}},"loc":{"start":{"line":125,"column":42},"end":{"line":125,"column":50}},"line":125},"9":{"name":"(anonymous_9)","decl":{"start":{"line":131,"column":41},"end":{"line":131,"column":42}},"loc":{"start":{"line":131,"column":61},"end":{"line":142,"column":1}},"line":131},"10":{"name":"(anonymous_10)","decl":{"start":{"line":136,"column":52},"end":{"line":136,"column":53}},"loc":{"start":{"line":136,"column":89},"end":{"line":136,"column":138}},"line":136},"11":{"name":"(anonymous_11)","decl":{"start":{"line":138,"column":25},"end":{"line":138,"column":26}},"loc":{"start":{"line":138,"column":34},"end":{"line":138,"column":40}},"line":138}},"branchMap":{"0":{"loc":{"start":{"line":26,"column":2},"end":{"line":33,"column":6}},"type":"if","locations":[{"start":{"line":26,"column":2},"end":{"line":33,"column":6}},{"start":{"line":26,"column":2},"end":{"line":33,"column":6}}],"line":26},"1":{"loc":{"start":{"line":39,"column":2},"end":{"line":39,"column":69}},"type":"if","locations":[{"start":{"line":39,"column":2},"end":{"line":39,"column":69}},{"start":{"line":39,"column":2},"end":{"line":39,"column":69}}],"line":39},"2":{"loc":{"start":{"line":40,"column":2},"end":{"line":40,"column":68}},"type":"if","locations":[{"start":{"line":40,"column":2},"end":{"line":40,"column":68}},{"start":{"line":40,"column":2},"end":{"line":40,"column":68}}],"line":40},"3":{"loc":{"start":{"line":41,"column":2},"end":{"line":42,"column":48}},"type":"if","locations":[{"start":{"line":41,"column":2},"end":{"line":42,"column":48}},{"start":{"line":41,"column":2},"end":{"line":42,"column":48}}],"line":41},"4":{"loc":{"start":{"line":47,"column":2},"end":{"line":47,"column":58}},"type":"if","locations":[{"start":{"line":47,"column":2},"end":{"line":47,"column":58}},{"start":{"line":47,"column":2},"end":{"line":47,"column":58}}],"line":47},"5":{"loc":{"start":{"line":48,"column":2},"end":{"line":55,"column":3}},"type":"if","locations":[{"start":{"line":48,"column":2},"end":{"line":55,"column":3}},{"start":{"line":48,"column":2},"end":{"line":55,"column":3}}],"line":48},"6":{"loc":{"start":{"line":66,"column":2},"end":{"line":76,"column":3}},"type":"if","locations":[{"start":{"line":66,"column":2},"end":{"line":76,"column":3}},{"start":{"line":66,"column":2},"end":{"line":76,"column":3}}],"line":66},"7":{"loc":{"start":{"line":68,"column":6},"end":{"line":70,"column":7}},"type":"if","locations":[{"start":{"line":68,"column":6},"end":{"line":70,"column":7}},{"start":{"line":68,"column":6},"end":{"line":70,"column":7}}],"line":68},"8":{"loc":{"start":{"line":84,"column":2},"end":{"line":84,"column":75}},"type":"if","locations":[{"start":{"line":84,"column":2},"end":{"line":84,"column":75}},{"start":{"line":84,"column":2},"end":{"line":84,"column":75}}],"line":84},"9":{"loc":{"start":{"line":90,"column":2},"end":{"line":90,"column":58}},"type":"if","locations":[{"start":{"line":90,"column":2},"end":{"line":90,"column":58}},{"start":{"line":90,"column":2},"end":{"line":90,"column":58}}],"line":90},"10":{"loc":{"start":{"line":91,"column":2},"end":{"line":91,"column":51}},"type":"if","locations":[{"start":{"line":91,"column":2},"end":{"line":91,"column":51}},{"start":{"line":91,"column":2},"end":{"line":91,"column":51}}],"line":91},"11":{"loc":{"start":{"line":97,"column":2},"end":{"line":98,"column":48}},"type":"if","locations":[{"start":{"line":97,"column":2},"end":{"line":98,"column":48}},{"start":{"line":97,"column":2},"end":{"line":98,"column":48}}],"line":97},"12":{"loc":{"start":{"line":100,"column":2},"end":{"line":100,"column":37}},"type":"if","locations":[{"start":{"line":100,"column":2},"end":{"line":100,"column":37}},{"start":{"line":100,"column":2},"end":{"line":100,"column":37}}],"line":100},"13":{"loc":{"start":{"line":103,"column":4},"end":{"line":112,"column":5}},"type":"if","locations":[{"start":{"line":103,"column":4},"end":{"line":112,"column":5}},{"start":{"line":103,"column":4},"end":{"line":112,"column":5}}],"line":103},"14":{"loc":{"start":{"line":120,"column":2},"end":{"line":120,"column":51}},"type":"if","locations":[{"start":{"line":120,"column":2},"end":{"line":120,"column":51}},{"start":{"line":120,"column":2},"end":{"line":120,"column":51}}],"line":120},"15":{"loc":{"start":{"line":122,"column":2},"end":{"line":122,"column":108}},"type":"if","locations":[{"start":{"line":122,"column":2},"end":{"line":122,"column":108}},{"start":{"line":122,"column":2},"end":{"line":122,"column":108}}],"line":122},"16":{"loc":{"start":{"line":122,"column":6},"end":{"line":122,"column":27}},"type":"binary-expr","locations":[{"start":{"line":122,"column":6},"end":{"line":122,"column":17}},{"start":{"line":122,"column":21},"end":{"line":122,"column":27}}],"line":122},"17":{"loc":{"start":{"line":124,"column":2},"end":{"line":124,"column":65}},"type":"if","locations":[{"start":{"line":124,"column":2},"end":{"line":124,"column":65}},{"start":{"line":124,"column":2},"end":{"line":124,"column":65}}],"line":124},"18":{"loc":{"start":{"line":127,"column":2},"end":{"line":127,"column":73}},"type":"if","locations":[{"start":{"line":127,"column":2},"end":{"line":127,"column":73}},{"start":{"line":127,"column":2},"end":{"line":127,"column":73}}],"line":127},"19":{"loc":{"start":{"line":132,"column":2},"end":{"line":132,"column":75}},"type":"if","locations":[{"start":{"line":132,"column":2},"end":{"line":132,"column":75}},{"start":{"line":132,"column":2},"end":{"line":132,"column":75}}],"line":132},"20":{"loc":{"start":{"line":135,"column":2},"end":{"line":135,"column":103}},"type":"if","locations":[{"start":{"line":135,"column":2},"end":{"line":135,"column":103}},{"start":{"line":135,"column":2},"end":{"line":135,"column":103}}],"line":135},"21":{"loc":{"start":{"line":135,"column":6},"end":{"line":135,"column":27}},"type":"binary-expr","locations":[{"start":{"line":135,"column":6},"end":{"line":135,"column":17}},{"start":{"line":135,"column":21},"end":{"line":135,"column":27}}],"line":135},"22":{"loc":{"start":{"line":138,"column":2},"end":{"line":138,"column":89}},"type":"if","locations":[{"start":{"line":138,"column":2},"end":{"line":138,"column":89}},{"start":{"line":138,"column":2},"end":{"line":138,"column":89}}],"line":138},"23":{"loc":{"start":{"line":140,"column":2},"end":{"line":140,"column":78}},"type":"if","locations":[{"start":{"line":140,"column":2},"end":{"line":140,"column":78}},{"start":{"line":140,"column":2},"end":{"line":140,"column":78}}],"line":140}},"s":{"0":1,"1":1,"2":1,"3":1,"4":1,"5":1,"6":1,"7":1,"8":1,"9":1,"10":1,"11":1,"12":0,"13":0,"14":0,"15":0,"16":0,"17":1,"18":0,"19":0,"20":0,"21":0,"22":0,"23":0,"24":0,"25":1,"26":0,"27":0,"28":0,"29":0,"30":0,"31":0,"32":0,"33":0,"34":0,"35":1,"36":0,"37":0,"38":0,"39":0,"40":0,"41":0,"42":0,"43":0,"44":1,"45":0,"46":0,"47":0,"48":0,"49":0,"50":0,"51":0,"52":1,"53":0,"54":0,"55":0,"56":0,"57":0,"58":0,"59":1,"60":0,"61":0,"62":0,"63":0,"64":0,"65":0,"66":0,"67":0,"68":0,"69":0,"70":0,"71":0,"72":0,"73":1,"74":4,"75":0,"76":3,"77":3,"78":1,"79":2,"80":2,"81":1,"82":1,"83":2,"84":1,"85":1,"86":0,"87":1,"88":1,"89":0,"90":0,"91":0,"92":0,"93":0,"94":0,"95":0,"96":0,"97":0,"98":0,"99":0,"100":0,"101":0,"102":0,"103":0,"104":0,"105":1},"f":{"0":0,"1":0,"2":0,"3":0,"4":0,"5":0,"6":0,"7":4,"8":2,"9":0,"10":0,"11":0},"b":{"0":[0,0],"1":[0,0],"2":[0,0],"3":[0,0],"4":[0,0],"5":[0,0],"6":[0,0],"7":[0,0],"8":[0,0],"9":[0,0],"10":[0,0],"11":[0,0],"12":[0,0],"13":[0,0],"14":[0,3],"15":[1,2],"16":[3,3],"17":[1,1],"18":[0,1],"19":[0,0],"20":[0,0],"21":[0,0],"22":[0,0],"23":[0,0]},"_coverageSchema":"1a1c01bbd47fc00a2c39e90264f33305004495a9","hash":"47384e681bc7bb35e43fc60d7409039d8e44e2ca","contentHash":"fec942c862d05ae5743b90e66d38b0ee5abec4e3ae340b4f5ba527b6a967fc6d"},"C:\\Users\\peerf\\OneDrive - Shenkar College\\Documents\\שנקר הנדסת תוכנה\\שנה ג\\שירותי מארג האינטרנט - דויד אביגד\\ABtest\\controller\\user.controller.js":{"path":"C:\\Users\\peerf\\OneDrive - Shenkar College\\Documents\\שנקר הנדסת תוכנה\\שנה ג\\שירותי מארג האינטרנט - דויד אביגד\\ABtest\\controller\\user.controller.js","statementMap":{"0":{"start":{"line":1,"column":48},"end":{"line":1,"column":63}},"1":{"start":{"line":5,"column":4},"end":{"line":5,"column":40}},"2":{"start":{"line":6,"column":28},"end":{"line":6,"column":66}},"3":{"start":{"line":7,"column":30},"end":{"line":7,"column":66}},"4":{"start":{"line":9,"column":23},"end":{"line":9,"column":65}},"5":{"start":{"line":11,"column":22},"end":{"line":17,"column":1}},"6":{"start":{"line":12,"column":15},"end":{"line":12,"column":34}},"7":{"start":{"line":13,"column":2},"end":{"line":13,"column":26}},"8":{"start":{"line":13,"column":13},"end":{"line":13,"column":26}},"9":{"start":{"line":14,"column":17},"end":{"line":14,"column":58}},"10":{"start":{"line":15,"column":2},"end":{"line":15,"column":46}},"11":{"start":{"line":15,"column":13},"end":{"line":15,"column":46}},"12":{"start":{"line":16,"column":2},"end":{"line":16,"column":14}},"13":{"start":{"line":19,"column":16},"end":{"line":26,"column":1}},"14":{"start":{"line":20,"column":15},"end":{"line":20,"column":29}},"15":{"start":{"line":21,"column":2},"end":{"line":21,"column":62}},"16":{"start":{"line":21,"column":28},"end":{"line":21,"column":62}},"17":{"start":{"line":22,"column":15},"end":{"line":22,"column":23}},"18":{"start":{"line":23,"column":18},"end":{"line":23,"column":55}},"19":{"start":{"line":24,"column":2},"end":{"line":24,"column":54}},"20":{"start":{"line":24,"column":16},"end":{"line":24,"column":54}},"21":{"start":{"line":25,"column":2},"end":{"line":25,"column":17}},"22":{"start":{"line":28,"column":25},"end":{"line":40,"column":1}},"23":{"start":{"line":29,"column":2},"end":{"line":29,"column":48}},"24":{"start":{"line":29,"column":13},"end":{"line":29,"column":48}},"25":{"start":{"line":30,"column":2},"end":{"line":30,"column":65}},"26":{"start":{"line":30,"column":27},"end":{"line":30,"column":65}},"27":{"start":{"line":31,"column":19},"end":{"line":31,"column":60}},"28":{"start":{"line":32,"column":15},"end":{"line":32,"column":26}},"29":{"start":{"line":33,"column":2},"end":{"line":33,"column":51}},"30":{"start":{"line":33,"column":13},"end":{"line":33,"column":51}},"31":{"start":{"line":34,"column":2},"end":{"line":36,"column":3}},"32":{"start":{"line":35,"column":4},"end":{"line":35,"column":26}},"33":{"start":{"line":37,"column":2},"end":{"line":37,"column":36}},"34":{"start":{"line":38,"column":22},"end":{"line":38,"column":69}},"35":{"start":{"line":39,"column":2},"end":{"line":39,"column":21}},"36":{"start":{"line":42,"column":26},"end":{"line":47,"column":1}},"37":{"start":{"line":43,"column":2},"end":{"line":45,"column":3}},"38":{"start":{"line":44,"column":4},"end":{"line":44,"column":17}},"39":{"start":{"line":46,"column":2},"end":{"line":46,"column":26}},"40":{"start":{"line":49,"column":18},"end":{"line":51,"column":1}},"41":{"start":{"line":50,"column":2},"end":{"line":50,"column":53}},"42":{"start":{"line":53,"column":21},"end":{"line":55,"column":1}},"43":{"start":{"line":54,"column":2},"end":{"line":54,"column":18}},"44":{"start":{"line":57,"column":20},"end":{"line":59,"column":1}},"45":{"start":{"line":58,"column":2},"end":{"line":58,"column":52}},"46":{"start":{"line":61,"column":0},"end":{"line":68,"column":2}}},"fnMap":{"0":{"name":"(anonymous_0)","decl":{"start":{"line":11,"column":22},"end":{"line":11,"column":23}},"loc":{"start":{"line":11,"column":42},"end":{"line":17,"column":1}},"line":11},"1":{"name":"(anonymous_1)","decl":{"start":{"line":19,"column":16},"end":{"line":19,"column":17}},"loc":{"start":{"line":19,"column":36},"end":{"line":26,"column":1}},"line":19},"2":{"name":"(anonymous_2)","decl":{"start":{"line":28,"column":25},"end":{"line":28,"column":26}},"loc":{"start":{"line":28,"column":53},"end":{"line":40,"column":1}},"line":28},"3":{"name":"(anonymous_3)","decl":{"start":{"line":42,"column":26},"end":{"line":42,"column":27}},"loc":{"start":{"line":42,"column":36},"end":{"line":47,"column":1}},"line":42},"4":{"name":"(anonymous_4)","decl":{"start":{"line":49,"column":18},"end":{"line":49,"column":19}},"loc":{"start":{"line":49,"column":32},"end":{"line":51,"column":1}},"line":49},"5":{"name":"(anonymous_5)","decl":{"start":{"line":53,"column":21},"end":{"line":53,"column":22}},"loc":{"start":{"line":53,"column":27},"end":{"line":55,"column":1}},"line":53},"6":{"name":"(anonymous_6)","decl":{"start":{"line":57,"column":20},"end":{"line":57,"column":21}},"loc":{"start":{"line":57,"column":40},"end":{"line":59,"column":1}},"line":57}},"branchMap":{"0":{"loc":{"start":{"line":13,"column":2},"end":{"line":13,"column":26}},"type":"if","locations":[{"start":{"line":13,"column":2},"end":{"line":13,"column":26}},{"start":{"line":13,"column":2},"end":{"line":13,"column":26}}],"line":13},"1":{"loc":{"start":{"line":15,"column":2},"end":{"line":15,"column":46}},"type":"if","locations":[{"start":{"line":15,"column":2},"end":{"line":15,"column":46}},{"start":{"line":15,"column":2},"end":{"line":15,"column":46}}],"line":15},"2":{"loc":{"start":{"line":21,"column":2},"end":{"line":21,"column":62}},"type":"if","locations":[{"start":{"line":21,"column":2},"end":{"line":21,"column":62}},{"start":{"line":21,"column":2},"end":{"line":21,"column":62}}],"line":21},"3":{"loc":{"start":{"line":24,"column":2},"end":{"line":24,"column":54}},"type":"if","locations":[{"start":{"line":24,"column":2},"end":{"line":24,"column":54}},{"start":{"line":24,"column":2},"end":{"line":24,"column":54}}],"line":24},"4":{"loc":{"start":{"line":29,"column":2},"end":{"line":29,"column":48}},"type":"if","locations":[{"start":{"line":29,"column":2},"end":{"line":29,"column":48}},{"start":{"line":29,"column":2},"end":{"line":29,"column":48}}],"line":29},"5":{"loc":{"start":{"line":30,"column":2},"end":{"line":30,"column":65}},"type":"if","locations":[{"start":{"line":30,"column":2},"end":{"line":30,"column":65}},{"start":{"line":30,"column":2},"end":{"line":30,"column":65}}],"line":30},"6":{"loc":{"start":{"line":33,"column":2},"end":{"line":33,"column":51}},"type":"if","locations":[{"start":{"line":33,"column":2},"end":{"line":33,"column":51}},{"start":{"line":33,"column":2},"end":{"line":33,"column":51}}],"line":33},"7":{"loc":{"start":{"line":34,"column":2},"end":{"line":36,"column":3}},"type":"if","locations":[{"start":{"line":34,"column":2},"end":{"line":36,"column":3}},{"start":{"line":34,"column":2},"end":{"line":36,"column":3}}],"line":34},"8":{"loc":{"start":{"line":43,"column":2},"end":{"line":45,"column":3}},"type":"if","locations":[{"start":{"line":43,"column":2},"end":{"line":45,"column":3}},{"start":{"line":43,"column":2},"end":{"line":45,"column":3}}],"line":43},"9":{"loc":{"start":{"line":43,"column":6},"end":{"line":43,"column":56}},"type":"binary-expr","locations":[{"start":{"line":43,"column":6},"end":{"line":43,"column":23}},{"start":{"line":43,"column":27},"end":{"line":43,"column":56}}],"line":43},"10":{"loc":{"start":{"line":50,"column":9},"end":{"line":50,"column":52}},"type":"cond-expr","locations":[{"start":{"line":50,"column":28},"end":{"line":50,"column":44}},{"start":{"line":50,"column":47},"end":{"line":50,"column":52}}],"line":50}},"s":{"0":1,"1":1,"2":1,"3":1,"4":1,"5":1,"6":0,"7":0,"8":0,"9":0,"10":0,"11":0,"12":0,"13":1,"14":0,"15":0,"16":0,"17":0,"18":0,"19":0,"20":0,"21":0,"22":1,"23":0,"24":0,"25":0,"26":0,"27":0,"28":0,"29":0,"30":0,"31":0,"32":0,"33":0,"34":0,"35":0,"36":1,"37":0,"38":0,"39":0,"40":1,"41":0,"42":1,"43":0,"44":1,"45":0,"46":1},"f":{"0":0,"1":0,"2":0,"3":0,"4":0,"5":0,"6":0},"b":{"0":[0,0],"1":[0,0],"2":[0,0],"3":[0,0],"4":[0,0],"5":[0,0],"6":[0,0],"7":[0,0],"8":[0,0],"9":[0,0],"10":[0,0]},"_coverageSchema":"1a1c01bbd47fc00a2c39e90264f33305004495a9","hash":"81cb9da9f49aa6aa197d39b5b582bebd6655a4da","contentHash":"01e1add964eacbbf67033fb9e54e2c4860eed14144a2ce26455631e6cae835f7"},"C:\\Users\\peerf\\OneDrive - Shenkar College\\Documents\\שנקר הנדסת תוכנה\\שנה ג\\שירותי מארג האינטרנט - דויד אביגד\\ABtest\\errors\\NotFound.errors.js":{"path":"C:\\Users\\peerf\\OneDrive - Shenkar College\\Documents\\שנקר הנדסת תוכנה\\שנה ג\\שירותי מארג האינטרנט - דויד אביגד\\ABtest\\errors\\NotFound.errors.js","statementMap":{"0":{"start":{"line":3,"column":4},"end":{"line":3,"column":19}},"1":{"start":{"line":4,"column":4},"end":{"line":4,"column":38}},"2":{"start":{"line":5,"column":4},"end":{"line":5,"column":22}},"3":{"start":{"line":11,"column":4},"end":{"line":11,"column":36}},"4":{"start":{"line":12,"column":4},"end":{"line":12,"column":38}},"5":{"start":{"line":13,"column":4},"end":{"line":13,"column":25}},"6":{"start":{"line":19,"column":4},"end":{"line":19,"column":48}},"7":{"start":{"line":20,"column":4},"end":{"line":20,"column":38}},"8":{"start":{"line":21,"column":4},"end":{"line":21,"column":29}},"9":{"start":{"line":25,"column":0},"end":{"line":25,"column":54}}},"fnMap":{"0":{"name":"(anonymous_0)","decl":{"start":{"line":2,"column":2},"end":{"line":2,"column":3}},"loc":{"start":{"line":2,"column":23},"end":{"line":6,"column":3}},"line":2},"1":{"name":"(anonymous_1)","decl":{"start":{"line":10,"column":2},"end":{"line":10,"column":3}},"loc":{"start":{"line":10,"column":22},"end":{"line":14,"column":3}},"line":10},"2":{"name":"(anonymous_2)","decl":{"start":{"line":18,"column":2},"end":{"line":18,"column":3}},"loc":{"start":{"line":18,"column":24},"end":{"line":22,"column":3}},"line":18}},"branchMap":{},"s":{"0":2,"1":2,"2":2,"3":1,"4":1,"5":1,"6":1,"7":1,"8":1,"9":1},"f":{"0":2,"1":1,"2":1},"b":{},"_coverageSchema":"1a1c01bbd47fc00a2c39e90264f33305004495a9","hash":"605d9018cae7c8e37142ce632613f8ac3a602c1a","contentHash":"864df9cd830d3347fa2e27545b7b77171ab11d286bb7ac7d5e8f94f5e7458012"},"C:\\Users\\peerf\\OneDrive - Shenkar College\\Documents\\שנקר הנדסת תוכנה\\שנה ג\\שירותי מארג האינטרנט - דויד אביגד\\ABtest\\errors\\validation.errors.js":{"path":"C:\\Users\\peerf\\OneDrive - Shenkar College\\Documents\\שנקר הנדסת תוכנה\\שנה ג\\שירותי מארג האינטרנט - דויד אביגד\\ABtest\\errors\\validation.errors.js","statementMap":{"0":{"start":{"line":3,"column":4},"end":{"line":3,"column":19}},"1":{"start":{"line":4,"column":4},"end":{"line":4,"column":38}},"2":{"start":{"line":5,"column":4},"end":{"line":5,"column":22}},"3":{"start":{"line":11,"column":4},"end":{"line":11,"column":49}},"4":{"start":{"line":12,"column":4},"end":{"line":12,"column":38}},"5":{"start":{"line":13,"column":4},"end":{"line":13,"column":29}},"6":{"start":{"line":19,"column":4},"end":{"line":19,"column":48}},"7":{"start":{"line":20,"column":4},"end":{"line":20,"column":38}},"8":{"start":{"line":21,"column":4},"end":{"line":21,"column":29}},"9":{"start":{"line":27,"column":4},"end":{"line":27,"column":37}},"10":{"start":{"line":33,"column":4},"end":{"line":33,"column":54}},"11":{"start":{"line":34,"column":4},"end":{"line":34,"column":38}},"12":{"start":{"line":38,"column":0},"end":{"line":44,"column":2}}},"fnMap":{"0":{"name":"(anonymous_0)","decl":{"start":{"line":2,"column":2},"end":{"line":2,"column":3}},"loc":{"start":{"line":2,"column":23},"end":{"line":6,"column":3}},"line":2},"1":{"name":"(anonymous_1)","decl":{"start":{"line":10,"column":2},"end":{"line":10,"column":3}},"loc":{"start":{"line":10,"column":24},"end":{"line":14,"column":3}},"line":10},"2":{"name":"(anonymous_2)","decl":{"start":{"line":18,"column":2},"end":{"line":18,"column":3}},"loc":{"start":{"line":18,"column":24},"end":{"line":22,"column":3}},"line":18},"3":{"name":"(anonymous_3)","decl":{"start":{"line":26,"column":2},"end":{"line":26,"column":3}},"loc":{"start":{"line":26,"column":16},"end":{"line":28,"column":3}},"line":26},"4":{"name":"(anonymous_4)","decl":{"start":{"line":32,"column":2},"end":{"line":32,"column":3}},"loc":{"start":{"line":32,"column":16},"end":{"line":35,"column":3}},"line":32}},"branchMap":{},"s":{"0":1,"1":1,"2":1,"3":1,"4":1,"5":1,"6":0,"7":0,"8":0,"9":0,"10":0,"11":0,"12":1},"f":{"0":1,"1":1,"2":0,"3":0,"4":0},"b":{},"_coverageSchema":"1a1c01bbd47fc00a2c39e90264f33305004495a9","hash":"3d3012e2d0159e45ec8a6164e7a6b6fa84443ae2","contentHash":"cddf93e0c80b791eb2ea6b259d799933aa695c699ae0fb35a8625b06150f5cb0"},"C:\\Users\\peerf\\OneDrive - Shenkar College\\Documents\\שנקר הנדסת תוכנה\\שנה ג\\שירותי מארג האינטרנט - דויד אביגד\\ABtest\\errors\\internal.errors.js":{"path":"C:\\Users\\peerf\\OneDrive - Shenkar College\\Documents\\שנקר הנדסת תוכנה\\שנה ג\\שירותי מארג האינטרנט - דויד אביגד\\ABtest\\errors\\internal.errors.js","statementMap":{"0":{"start":{"line":3,"column":4},"end":{"line":3,"column":19}},"1":{"start":{"line":4,"column":4},"end":{"line":4,"column":38}},"2":{"start":{"line":5,"column":4},"end":{"line":5,"column":22}},"3":{"start":{"line":11,"column":4},"end":{"line":11,"column":65}},"4":{"start":{"line":12,"column":4},"end":{"line":12,"column":38}},"5":{"start":{"line":13,"column":4},"end":{"line":13,"column":25}},"6":{"start":{"line":17,"column":0},"end":{"line":17,"column":39}}},"fnMap":{"0":{"name":"(anonymous_0)","decl":{"start":{"line":2,"column":2},"end":{"line":2,"column":3}},"loc":{"start":{"line":2,"column":23},"end":{"line":6,"column":3}},"line":2},"1":{"name":"(anonymous_1)","decl":{"start":{"line":10,"column":2},"end":{"line":10,"column":3}},"loc":{"start":{"line":10,"column":22},"end":{"line":14,"column":3}},"line":10}},"branchMap":{},"s":{"0":1,"1":1,"2":1,"3":1,"4":1,"5":1,"6":1},"f":{"0":1,"1":1},"b":{},"_coverageSchema":"1a1c01bbd47fc00a2c39e90264f33305004495a9","hash":"8b7e797ac0312f7cf595fa981dd0dd9b41e73f89","contentHash":"1f6dbe6df6fa64e956670747b069733020fa731bd639fc042b57a7fb2c238661"},"C:\\Users\\peerf\\OneDrive - Shenkar College\\Documents\\שנקר הנדסת תוכנה\\שנה ג\\שירותי מארג האינטרנט - דויד אביגד\\ABtest\\repositories\\user.repository.js":{"path":"C:\\Users\\peerf\\OneDrive - Shenkar College\\Documents\\שנקר הנדסת תוכנה\\שנה ג\\שירותי מארג האינטרנט - דויד אביגד\\ABtest\\repositories\\user.repository.js","statementMap":{"0":{"start":{"line":1,"column":21},"end":{"line":1,"column":51}},"1":{"start":{"line":3,"column":0},"end":{"line":27,"column":5}},"2":{"start":{"line":5,"column":4},"end":{"line":5,"column":18}},"3":{"start":{"line":8,"column":4},"end":{"line":8,"column":46}},"4":{"start":{"line":12,"column":4},"end":{"line":12,"column":92}},"5":{"start":{"line":16,"column":4},"end":{"line":16,"column":73}},"6":{"start":{"line":20,"column":17},"end":{"line":20,"column":34}},"7":{"start":{"line":21,"column":4},"end":{"line":21,"column":16}},"8":{"start":{"line":25,"column":4},"end":{"line":25,"column":36}}},"fnMap":{"0":{"name":"(anonymous_0)","decl":{"start":{"line":4,"column":2},"end":{"line":4,"column":3}},"loc":{"start":{"line":4,"column":16},"end":{"line":6,"column":3}},"line":4},"1":{"name":"(anonymous_1)","decl":{"start":{"line":7,"column":2},"end":{"line":7,"column":3}},"loc":{"start":{"line":7,"column":23},"end":{"line":9,"column":3}},"line":7},"2":{"name":"(anonymous_2)","decl":{"start":{"line":11,"column":2},"end":{"line":11,"column":3}},"loc":{"start":{"line":11,"column":48},"end":{"line":13,"column":3}},"line":11},"3":{"name":"(anonymous_3)","decl":{"start":{"line":15,"column":2},"end":{"line":15,"column":3}},"loc":{"start":{"line":15,"column":29},"end":{"line":17,"column":3}},"line":15},"4":{"name":"(anonymous_4)","decl":{"start":{"line":19,"column":2},"end":{"line":19,"column":3}},"loc":{"start":{"line":19,"column":19},"end":{"line":22,"column":3}},"line":19},"5":{"name":"(anonymous_5)","decl":{"start":{"line":24,"column":2},"end":{"line":24,"column":3}},"loc":{"start":{"line":24,"column":26},"end":{"line":26,"column":3}},"line":24}},"branchMap":{},"s":{"0":1,"1":1,"2":1,"3":0,"4":0,"5":0,"6":0,"7":0,"8":0},"f":{"0":1,"1":0,"2":0,"3":0,"4":0,"5":0},"b":{},"_coverageSchema":"1a1c01bbd47fc00a2c39e90264f33305004495a9","hash":"8ffa40ab6d9ddaaac4efa5fdabbcdf6be3c797a2","contentHash":"add7f2b295e656d0ab617c34452c4f440382030d444bbe304c0cdc37f424ee78"},"C:\\Users\\peerf\\OneDrive - Shenkar College\\Documents\\שנקר הנדסת תוכנה\\שנה ג\\שירותי מארג האינטרנט - דויד אביגד\\ABtest\\db\\mongo.storage.js":{"path":"C:\\Users\\peerf\\OneDrive - Shenkar College\\Documents\\שנקר הנדסת תוכנה\\שנה ג\\שירותי מארג האינטרנט - דויד אביגד\\ABtest\\db\\mongo.storage.js","statementMap":{"0":{"start":{"line":1,"column":17},"end":{"line":1,"column":36}},"1":{"start":{"line":2,"column":0},"end":{"line":2,"column":35}},"2":{"start":{"line":3,"column":13},"end":{"line":3,"column":28}},"3":{"start":{"line":5,"column":0},"end":{"line":70,"column":2}},"4":{"start":{"line":8,"column":8},"end":{"line":8,"column":75}},"5":{"start":{"line":9,"column":8},"end":{"line":12,"column":11}},"6":{"start":{"line":13,"column":8},"end":{"line":13,"column":23}},"7":{"start":{"line":17,"column":30},"end":{"line":17,"column":180}},"8":{"start":{"line":18,"column":8},"end":{"line":21,"column":69}},"9":{"start":{"line":20,"column":24},"end":{"line":20,"column":81}},"10":{"start":{"line":21,"column":28},"end":{"line":21,"column":67}},"11":{"start":{"line":25,"column":8},"end":{"line":25,"column":35}},"12":{"start":{"line":29,"column":20},"end":{"line":29,"column":22}},"13":{"start":{"line":30,"column":8},"end":{"line":30,"column":25}},"14":{"start":{"line":31,"column":8},"end":{"line":33,"column":9}},"15":{"start":{"line":32,"column":12},"end":{"line":32,"column":31}},"16":{"start":{"line":34,"column":8},"end":{"line":34,"column":36}},"17":{"start":{"line":38,"column":20},"end":{"line":38,"column":22}},"18":{"start":{"line":39,"column":8},"end":{"line":39,"column":25}},"19":{"start":{"line":40,"column":8},"end":{"line":40,"column":36}},"20":{"start":{"line":44,"column":8},"end":{"line":44,"column":39}},"21":{"start":{"line":48,"column":23},"end":{"line":48,"column":43}},"22":{"start":{"line":49,"column":8},"end":{"line":49,"column":29}},"23":{"start":{"line":53,"column":8},"end":{"line":53,"column":38}},"24":{"start":{"line":57,"column":8},"end":{"line":57,"column":48}},"25":{"start":{"line":61,"column":8},"end":{"line":64,"column":11}},"26":{"start":{"line":68,"column":8},"end":{"line":68,"column":61}}},"fnMap":{"0":{"name":"(anonymous_0)","decl":{"start":{"line":6,"column":4},"end":{"line":6,"column":5}},"loc":{"start":{"line":6,"column":24},"end":{"line":14,"column":5}},"line":6},"1":{"name":"(anonymous_1)","decl":{"start":{"line":16,"column":4},"end":{"line":16,"column":5}},"loc":{"start":{"line":16,"column":14},"end":{"line":22,"column":5}},"line":16},"2":{"name":"(anonymous_2)","decl":{"start":{"line":20,"column":18},"end":{"line":20,"column":19}},"loc":{"start":{"line":20,"column":24},"end":{"line":20,"column":81}},"line":20},"3":{"name":"(anonymous_3)","decl":{"start":{"line":21,"column":19},"end":{"line":21,"column":20}},"loc":{"start":{"line":21,"column":28},"end":{"line":21,"column":67}},"line":21},"4":{"name":"(anonymous_4)","decl":{"start":{"line":24,"column":4},"end":{"line":24,"column":5}},"loc":{"start":{"line":24,"column":11},"end":{"line":26,"column":5}},"line":24},"5":{"name":"(anonymous_5)","decl":{"start":{"line":28,"column":4},"end":{"line":28,"column":5}},"loc":{"start":{"line":28,"column":50},"end":{"line":35,"column":5}},"line":28},"6":{"name":"(anonymous_6)","decl":{"start":{"line":37,"column":4},"end":{"line":37,"column":5}},"loc":{"start":{"line":37,"column":32},"end":{"line":41,"column":5}},"line":37},"7":{"name":"(anonymous_7)","decl":{"start":{"line":43,"column":4},"end":{"line":43,"column":5}},"loc":{"start":{"line":43,"column":17},"end":{"line":45,"column":5}},"line":43},"8":{"name":"(anonymous_8)","decl":{"start":{"line":47,"column":4},"end":{"line":47,"column":5}},"loc":{"start":{"line":47,"column":17},"end":{"line":50,"column":5}},"line":47},"9":{"name":"(anonymous_9)","decl":{"start":{"line":52,"column":4},"end":{"line":52,"column":5}},"loc":{"start":{"line":52,"column":21},"end":{"line":54,"column":5}},"line":52},"10":{"name":"(anonymous_10)","decl":{"start":{"line":56,"column":4},"end":{"line":56,"column":5}},"loc":{"start":{"line":56,"column":15},"end":{"line":58,"column":5}},"line":56},"11":{"name":"(anonymous_11)","decl":{"start":{"line":60,"column":4},"end":{"line":60,"column":5}},"loc":{"start":{"line":60,"column":21},"end":{"line":65,"column":5}},"line":60},"12":{"name":"(anonymous_12)","decl":{"start":{"line":67,"column":4},"end":{"line":67,"column":5}},"loc":{"start":{"line":67,"column":38},"end":{"line":69,"column":5}},"line":67}},"branchMap":{"0":{"loc":{"start":{"line":31,"column":8},"end":{"line":33,"column":9}},"type":"if","locations":[{"start":{"line":31,"column":8},"end":{"line":33,"column":9}},{"start":{"line":31,"column":8},"end":{"line":33,"column":9}}],"line":31},"1":{"loc":{"start":{"line":31,"column":12},"end":{"line":31,"column":26}},"type":"binary-expr","locations":[{"start":{"line":31,"column":12},"end":{"line":31,"column":16}},{"start":{"line":31,"column":20},"end":{"line":31,"column":26}}],"line":31}},"s":{"0":1,"1":1,"2":1,"3":1,"4":3,"5":3,"6":3,"7":3,"8":3,"9":0,"10":0,"11":0,"12":0,"13":0,"14":0,"15":0,"16":0,"17":0,"18":0,"19":0,"20":0,"21":0,"22":0,"23":0,"24":0,"25":0,"26":0},"f":{"0":3,"1":3,"2":0,"3":0,"4":0,"5":0,"6":0,"7":0,"8":0,"9":0,"10":0,"11":0,"12":0},"b":{"0":[0,0],"1":[0,0]},"_coverageSchema":"1a1c01bbd47fc00a2c39e90264f33305004495a9","hash":"0fa5be198fb1fb7d4da1045d150401239a8ea642","contentHash":"312b10cb1677a01b1f530bf919df69355f4545413ac771cac597c99c850081e6"},"C:\\Users\\peerf\\OneDrive - Shenkar College\\Documents\\שנקר הנדסת תוכנה\\שנה ג\\שירותי מארג האינטרנט - דויד אביגד\\ABtest\\models\\User.model.js":{"path":"C:\\Users\\peerf\\OneDrive - Shenkar College\\Documents\\שנקר הנדסת תוכנה\\שנה ג\\שירותי מארג האינטרנט - דויד אביגד\\ABtest\\models\\User.model.js","statementMap":{"0":{"start":{"line":1,"column":21},"end":{"line":1,"column":36}},"1":{"start":{"line":2,"column":26},"end":{"line":2,"column":45}},"2":{"start":{"line":4,"column":19},"end":{"line":18,"column":1}},"3":{"start":{"line":20,"column":0},"end":{"line":20,"column":43}}},"fnMap":{},"branchMap":{},"s":{"0":1,"1":1,"2":1,"3":1},"f":{},"b":{},"_coverageSchema":"1a1c01bbd47fc00a2c39e90264f33305004495a9","hash":"addc19246d2b63f836d8acf487db9727f57905fe","contentHash":"66c67b6387f4ef041dc3382f7405275f3f5e50dc77edc4c3c26e29884365f666"},"C:\\Users\\peerf\\OneDrive - Shenkar College\\Documents\\שנקר הנדסת תוכנה\\שנה ג\\שירותי מארג האינטרנט - דויד אביגד\\ABtest\\controller\\goal.controller.js":{"path":"C:\\Users\\peerf\\OneDrive - Shenkar College\\Documents\\שנקר הנדסת תוכנה\\שנה ג\\שירותי מארג האינטרנט - דויד אביגד\\ABtest\\controller\\goal.controller.js","statementMap":{"0":{"start":{"line":1,"column":29},"end":{"line":1,"column":77}},"1":{"start":{"line":2,"column":23},"end":{"line":2,"column":65}},"2":{"start":{"line":3,"column":27},"end":{"line":3,"column":63}},"3":{"start":{"line":4,"column":28},"end":{"line":4,"column":64}},"4":{"start":{"line":5,"column":24},"end":{"line":5,"column":63}},"5":{"start":{"line":6,"column":22},"end":{"line":6,"column":60}},"6":{"start":{"line":8,"column":0},"end":{"line":78,"column":1}},"7":{"start":{"line":10,"column":19},"end":{"line":10,"column":32}},"8":{"start":{"line":11,"column":26},"end":{"line":11,"column":34}},"9":{"start":{"line":12,"column":8},"end":{"line":15,"column":67}},"10":{"start":{"line":13,"column":12},"end":{"line":13,"column":91}},"11":{"start":{"line":15,"column":12},"end":{"line":15,"column":67}},"12":{"start":{"line":19,"column":19},"end":{"line":19,"column":32}},"13":{"start":{"line":20,"column":8},"end":{"line":23,"column":69}},"14":{"start":{"line":21,"column":12},"end":{"line":21,"column":96}},"15":{"start":{"line":23,"column":12},"end":{"line":23,"column":69}},"16":{"start":{"line":27,"column":19},"end":{"line":27,"column":32}},"17":{"start":{"line":28,"column":8},"end":{"line":31,"column":79}},"18":{"start":{"line":29,"column":12},"end":{"line":29,"column":82}},"19":{"start":{"line":31,"column":12},"end":{"line":31,"column":79}},"20":{"start":{"line":35,"column":19},"end":{"line":35,"column":32}},"21":{"start":{"line":36,"column":8},"end":{"line":39,"column":59}},"22":{"start":{"line":37,"column":12},"end":{"line":37,"column":68}},"23":{"start":{"line":39,"column":12},"end":{"line":39,"column":59}},"24":{"start":{"line":42,"column":24},"end":{"line":42,"column":32}},"25":{"start":{"line":43,"column":8},"end":{"line":46,"column":48}},"26":{"start":{"line":44,"column":12},"end":{"line":44,"column":71}},"27":{"start":{"line":46,"column":12},"end":{"line":46,"column":48}},"28":{"start":{"line":49,"column":23},"end":{"line":49,"column":36}},"29":{"start":{"line":50,"column":24},"end":{"line":50,"column":32}},"30":{"start":{"line":52,"column":8},"end":{"line":55,"column":53}},"31":{"start":{"line":53,"column":12},"end":{"line":53,"column":79}},"32":{"start":{"line":55,"column":12},"end":{"line":55,"column":53}},"33":{"start":{"line":59,"column":24},"end":{"line":59,"column":37}},"34":{"start":{"line":60,"column":8},"end":{"line":60,"column":72}},"35":{"start":{"line":60,"column":21},"end":{"line":60,"column":72}},"36":{"start":{"line":61,"column":23},"end":{"line":61,"column":58}},"37":{"start":{"line":62,"column":8},"end":{"line":62,"column":80}},"38":{"start":{"line":62,"column":21},"end":{"line":62,"column":80}},"39":{"start":{"line":63,"column":8},"end":{"line":63,"column":37}},"40":{"start":{"line":66,"column":24},"end":{"line":66,"column":37}},"41":{"start":{"line":67,"column":8},"end":{"line":67,"column":85}},"42":{"start":{"line":67,"column":21},"end":{"line":67,"column":85}},"43":{"start":{"line":68,"column":8},"end":{"line":68,"column":83}},"44":{"start":{"line":71,"column":24},"end":{"line":71,"column":37}},"45":{"start":{"line":72,"column":8},"end":{"line":72,"column":85}},"46":{"start":{"line":72,"column":21},"end":{"line":72,"column":85}},"47":{"start":{"line":73,"column":8},"end":{"line":73,"column":79}}},"fnMap":{"0":{"name":"(anonymous_0)","decl":{"start":{"line":9,"column":24},"end":{"line":9,"column":25}},"loc":{"start":{"line":9,"column":44},"end":{"line":16,"column":5}},"line":9},"1":{"name":"(anonymous_1)","decl":{"start":{"line":18,"column":32},"end":{"line":18,"column":33}},"loc":{"start":{"line":18,"column":52},"end":{"line":24,"column":5}},"line":18},"2":{"name":"(anonymous_2)","decl":{"start":{"line":26,"column":36},"end":{"line":26,"column":37}},"loc":{"start":{"line":26,"column":56},"end":{"line":32,"column":5}},"line":26},"3":{"name":"(anonymous_3)","decl":{"start":{"line":34,"column":22},"end":{"line":34,"column":23}},"loc":{"start":{"line":34,"column":42},"end":{"line":40,"column":5}},"line":34},"4":{"name":"(anonymous_4)","decl":{"start":{"line":41,"column":16},"end":{"line":41,"column":17}},"loc":{"start":{"line":41,"column":35},"end":{"line":47,"column":5}},"line":41},"5":{"name":"(anonymous_5)","decl":{"start":{"line":48,"column":16},"end":{"line":48,"column":17}},"loc":{"start":{"line":48,"column":35},"end":{"line":56,"column":5}},"line":48},"6":{"name":"(anonymous_6)","decl":{"start":{"line":58,"column":16},"end":{"line":58,"column":17}},"loc":{"start":{"line":58,"column":34},"end":{"line":64,"column":5}},"line":58},"7":{"name":"(anonymous_7)","decl":{"start":{"line":65,"column":29},"end":{"line":65,"column":30}},"loc":{"start":{"line":65,"column":47},"end":{"line":69,"column":5}},"line":65},"8":{"name":"(anonymous_8)","decl":{"start":{"line":70,"column":25},"end":{"line":70,"column":26}},"loc":{"start":{"line":70,"column":44},"end":{"line":74,"column":5}},"line":70}},"branchMap":{"0":{"loc":{"start":{"line":12,"column":8},"end":{"line":15,"column":67}},"type":"if","locations":[{"start":{"line":12,"column":8},"end":{"line":15,"column":67}},{"start":{"line":12,"column":8},"end":{"line":15,"column":67}}],"line":12},"1":{"loc":{"start":{"line":12,"column":12},"end":{"line":12,"column":25}},"type":"binary-expr","locations":[{"start":{"line":12,"column":12},"end":{"line":12,"column":14}},{"start":{"line":12,"column":18},"end":{"line":12,"column":25}}],"line":12},"2":{"loc":{"start":{"line":20,"column":8},"end":{"line":23,"column":69}},"type":"if","locations":[{"start":{"line":20,"column":8},"end":{"line":23,"column":69}},{"start":{"line":20,"column":8},"end":{"line":23,"column":69}}],"line":20},"3":{"loc":{"start":{"line":21,"column":45},"end":{"line":21,"column":93}},"type":"binary-expr","locations":[{"start":{"line":21,"column":45},"end":{"line":21,"column":88}},{"start":{"line":21,"column":92},"end":{"line":21,"column":93}}],"line":21},"4":{"loc":{"start":{"line":28,"column":8},"end":{"line":31,"column":79}},"type":"if","locations":[{"start":{"line":28,"column":8},"end":{"line":31,"column":79}},{"start":{"line":28,"column":8},"end":{"line":31,"column":79}}],"line":28},"5":{"loc":{"start":{"line":36,"column":8},"end":{"line":39,"column":59}},"type":"if","locations":[{"start":{"line":36,"column":8},"end":{"line":39,"column":59}},{"start":{"line":36,"column":8},"end":{"line":39,"column":59}}],"line":36},"6":{"loc":{"start":{"line":43,"column":8},"end":{"line":46,"column":48}},"type":"if","locations":[{"start":{"line":43,"column":8},"end":{"line":46,"column":48}},{"start":{"line":43,"column":8},"end":{"line":46,"column":48}}],"line":43},"7":{"loc":{"start":{"line":52,"column":8},"end":{"line":55,"column":53}},"type":"if","locations":[{"start":{"line":52,"column":8},"end":{"line":55,"column":53}},{"start":{"line":52,"column":8},"end":{"line":55,"column":53}}],"line":52},"8":{"loc":{"start":{"line":52,"column":11},"end":{"line":52,"column":28}},"type":"binary-expr","locations":[{"start":{"line":52,"column":11},"end":{"line":52,"column":17}},{"start":{"line":52,"column":21},"end":{"line":52,"column":28}}],"line":52},"9":{"loc":{"start":{"line":60,"column":8},"end":{"line":60,"column":72}},"type":"if","locations":[{"start":{"line":60,"column":8},"end":{"line":60,"column":72}},{"start":{"line":60,"column":8},"end":{"line":60,"column":72}}],"line":60},"10":{"loc":{"start":{"line":62,"column":8},"end":{"line":62,"column":80}},"type":"if","locations":[{"start":{"line":62,"column":8},"end":{"line":62,"column":80}},{"start":{"line":62,"column":8},"end":{"line":62,"column":80}}],"line":62},"11":{"loc":{"start":{"line":67,"column":8},"end":{"line":67,"column":85}},"type":"if","locations":[{"start":{"line":67,"column":8},"end":{"line":67,"column":85}},{"start":{"line":67,"column":8},"end":{"line":67,"column":85}}],"line":67},"12":{"loc":{"start":{"line":72,"column":8},"end":{"line":72,"column":85}},"type":"if","locations":[{"start":{"line":72,"column":8},"end":{"line":72,"column":85}},{"start":{"line":72,"column":8},"end":{"line":72,"column":85}}],"line":72}},"s":{"0":1,"1":1,"2":1,"3":1,"4":1,"5":1,"6":1,"7":0,"8":0,"9":0,"10":0,"11":0,"12":0,"13":0,"14":0,"15":0,"16":0,"17":0,"18":0,"19":0,"20":0,"21":0,"22":0,"23":0,"24":0,"25":0,"26":0,"27":0,"28":0,"29":0,"30":0,"31":0,"32":0,"33":0,"34":0,"35":0,"36":0,"37":0,"38":0,"39":0,"40":0,"41":0,"42":0,"43":0,"44":0,"45":0,"46":0,"47":0},"f":{"0":0,"1":0,"2":0,"3":0,"4":0,"5":0,"6":0,"7":0,"8":0},"b":{"0":[0,0],"1":[0,0],"2":[0,0],"3":[0,0],"4":[0,0],"5":[0,0],"6":[0,0],"7":[0,0],"8":[0,0],"9":[0,0],"10":[0,0],"11":[0,0],"12":[0,0]},"_coverageSchema":"1a1c01bbd47fc00a2c39e90264f33305004495a9","hash":"cc0293e88a7cbe4a6a841f7bf375a5108531a995","contentHash":"de18e9f6f0fd3534556e55c4ac2a57d7d9e2f06d5cc6351949f4a7e633cc88a2"},"C:\\Users\\peerf\\OneDrive - Shenkar College\\Documents\\שנקר הנדסת תוכנה\\שנה ג\\שירותי מארג האינטרנט - דויד אביגד\\ABtest\\repositories\\experiment.repository.js":{"path":"C:\\Users\\peerf\\OneDrive - Shenkar College\\Documents\\שנקר הנדסת תוכנה\\שנה ג\\שירותי מארג האינטרנט - דויד אביגד\\ABtest\\repositories\\experiment.repository.js","statementMap":{"0":{"start":{"line":1,"column":21},"end":{"line":1,"column":51}},"1":{"start":{"line":2,"column":21},"end":{"line":2,"column":45}},"2":{"start":{"line":3,"column":19},"end":{"line":3,"column":38}},"3":{"start":{"line":4,"column":14},"end":{"line":4,"column":32}},"4":{"start":{"line":5,"column":28},"end":{"line":5,"column":64}},"5":{"start":{"line":6,"column":15},"end":{"line":6,"column":32}},"6":{"start":{"line":8,"column":0},"end":{"line":203,"column":5}},"7":{"start":{"line":10,"column":8},"end":{"line":10,"column":28}},"8":{"start":{"line":14,"column":8},"end":{"line":14,"column":61}},"9":{"start":{"line":18,"column":20},"end":{"line":18,"column":22}},"10":{"start":{"line":19,"column":8},"end":{"line":19,"column":25}},"11":{"start":{"line":20,"column":8},"end":{"line":22,"column":9}},"12":{"start":{"line":21,"column":12},"end":{"line":21,"column":31}},"13":{"start":{"line":23,"column":8},"end":{"line":23,"column":62}},"14":{"start":{"line":27,"column":20},"end":{"line":27,"column":22}},"15":{"start":{"line":28,"column":8},"end":{"line":28,"column":25}},"16":{"start":{"line":29,"column":8},"end":{"line":29,"column":62}},"17":{"start":{"line":33,"column":8},"end":{"line":33,"column":65}},"18":{"start":{"line":37,"column":30},"end":{"line":37,"column":47}},"19":{"start":{"line":38,"column":8},"end":{"line":48,"column":9}},"20":{"start":{"line":39,"column":26},"end":{"line":39,"column":58}},"21":{"start":{"line":40,"column":24},"end":{"line":40,"column":57}},"22":{"start":{"line":41,"column":27},"end":{"line":46,"column":40}},"23":{"start":{"line":47,"column":12},"end":{"line":47,"column":26}},"24":{"start":{"line":55,"column":8},"end":{"line":55,"column":108}},"25":{"start":{"line":60,"column":23},"end":{"line":69,"column":20}},"26":{"start":{"line":62,"column":16},"end":{"line":67,"column":17}},"27":{"start":{"line":64,"column":20},"end":{"line":64,"column":89}},"28":{"start":{"line":66,"column":20},"end":{"line":66,"column":91}},"29":{"start":{"line":68,"column":16},"end":{"line":68,"column":27}},"30":{"start":{"line":72,"column":23},"end":{"line":82,"column":9}},"31":{"start":{"line":74,"column":20},"end":{"line":78,"column":21}},"32":{"start":{"line":75,"column":24},"end":{"line":75,"column":78}},"33":{"start":{"line":77,"column":24},"end":{"line":77,"column":80}},"34":{"start":{"line":79,"column":20},"end":{"line":79,"column":31}},"35":{"start":{"line":83,"column":24},"end":{"line":88,"column":9}},"36":{"start":{"line":85,"column":24},"end":{"line":85,"column":39}},"37":{"start":{"line":86,"column":24},"end":{"line":86,"column":35}},"38":{"start":{"line":91,"column":8},"end":{"line":91,"column":62}},"39":{"start":{"line":96,"column":27},"end":{"line":96,"column":50}},"40":{"start":{"line":98,"column":8},"end":{"line":99,"column":25}},"41":{"start":{"line":98,"column":24},"end":{"line":98,"column":52}},"42":{"start":{"line":99,"column":13},"end":{"line":99,"column":25}},"43":{"start":{"line":103,"column":8},"end":{"line":103,"column":84}},"44":{"start":{"line":107,"column":8},"end":{"line":107,"column":99}},"45":{"start":{"line":111,"column":8},"end":{"line":111,"column":99}},"46":{"start":{"line":115,"column":8},"end":{"line":118,"column":10}},"47":{"start":{"line":122,"column":4},"end":{"line":122,"column":78}},"48":{"start":{"line":126,"column":18},"end":{"line":126,"column":67}},"49":{"start":{"line":127,"column":16},"end":{"line":127,"column":63}},"50":{"start":{"line":128,"column":4},"end":{"line":140,"column":5}},"51":{"start":{"line":129,"column":23},"end":{"line":136,"column":10}},"52":{"start":{"line":137,"column":8},"end":{"line":137,"column":22}},"53":{"start":{"line":139,"column":4},"end":{"line":139,"column":15}},"54":{"start":{"line":144,"column":19},"end":{"line":168,"column":13}},"55":{"start":{"line":169,"column":27},"end":{"line":193,"column":13}},"56":{"start":{"line":194,"column":4},"end":{"line":194,"column":58}}},"fnMap":{"0":{"name":"(anonymous_0)","decl":{"start":{"line":9,"column":4},"end":{"line":9,"column":5}},"loc":{"start":{"line":9,"column":18},"end":{"line":11,"column":5}},"line":9},"1":{"name":"(anonymous_1)","decl":{"start":{"line":13,"column":4},"end":{"line":13,"column":5}},"loc":{"start":{"line":13,"column":11},"end":{"line":15,"column":5}},"line":13},"2":{"name":"(anonymous_2)","decl":{"start":{"line":17,"column":4},"end":{"line":17,"column":5}},"loc":{"start":{"line":17,"column":50},"end":{"line":24,"column":5}},"line":17},"3":{"name":"(anonymous_3)","decl":{"start":{"line":26,"column":4},"end":{"line":26,"column":5}},"loc":{"start":{"line":26,"column":32},"end":{"line":30,"column":5}},"line":26},"4":{"name":"(anonymous_4)","decl":{"start":{"line":32,"column":4},"end":{"line":32,"column":5}},"loc":{"start":{"line":32,"column":17},"end":{"line":34,"column":5}},"line":32},"5":{"name":"(anonymous_5)","decl":{"start":{"line":36,"column":4},"end":{"line":36,"column":5}},"loc":{"start":{"line":36,"column":34},"end":{"line":49,"column":5}},"line":36},"6":{"name":"(anonymous_6)","decl":{"start":{"line":54,"column":4},"end":{"line":54,"column":5}},"loc":{"start":{"line":54,"column":27},"end":{"line":56,"column":5}},"line":54},"7":{"name":"(anonymous_7)","decl":{"start":{"line":58,"column":4},"end":{"line":58,"column":5}},"loc":{"start":{"line":58,"column":47},"end":{"line":93,"column":5}},"line":58},"8":{"name":"(anonymous_8)","decl":{"start":{"line":60,"column":72},"end":{"line":60,"column":73}},"loc":{"start":{"line":60,"column":91},"end":{"line":69,"column":13}},"line":60},"9":{"name":"(anonymous_9)","decl":{"start":{"line":73,"column":52},"end":{"line":73,"column":53}},"loc":{"start":{"line":73,"column":75},"end":{"line":80,"column":17}},"line":73},"10":{"name":"(anonymous_10)","decl":{"start":{"line":84,"column":83},"end":{"line":84,"column":84}},"loc":{"start":{"line":84,"column":106},"end":{"line":87,"column":21}},"line":84},"11":{"name":"(anonymous_11)","decl":{"start":{"line":95,"column":4},"end":{"line":95,"column":5}},"loc":{"start":{"line":95,"column":27},"end":{"line":100,"column":5}},"line":95},"12":{"name":"(anonymous_12)","decl":{"start":{"line":102,"column":4},"end":{"line":102,"column":5}},"loc":{"start":{"line":102,"column":48},"end":{"line":104,"column":5}},"line":102},"13":{"name":"(anonymous_13)","decl":{"start":{"line":106,"column":4},"end":{"line":106,"column":5}},"loc":{"start":{"line":106,"column":40},"end":{"line":108,"column":5}},"line":106},"14":{"name":"(anonymous_14)","decl":{"start":{"line":110,"column":4},"end":{"line":110,"column":5}},"loc":{"start":{"line":110,"column":43},"end":{"line":112,"column":5}},"line":110},"15":{"name":"(anonymous_15)","decl":{"start":{"line":114,"column":4},"end":{"line":114,"column":5}},"loc":{"start":{"line":114,"column":37},"end":{"line":119,"column":5}},"line":114},"16":{"name":"(anonymous_16)","decl":{"start":{"line":121,"column":2},"end":{"line":121,"column":3}},"loc":{"start":{"line":121,"column":32},"end":{"line":123,"column":3}},"line":121},"17":{"name":"(anonymous_17)","decl":{"start":{"line":125,"column":2},"end":{"line":125,"column":3}},"loc":{"start":{"line":125,"column":47},"end":{"line":141,"column":3}},"line":125},"18":{"name":"(anonymous_18)","decl":{"start":{"line":143,"column":2},"end":{"line":143,"column":3}},"loc":{"start":{"line":143,"column":42},"end":{"line":195,"column":3}},"line":143}},"branchMap":{"0":{"loc":{"start":{"line":20,"column":8},"end":{"line":22,"column":9}},"type":"if","locations":[{"start":{"line":20,"column":8},"end":{"line":22,"column":9}},{"start":{"line":20,"column":8},"end":{"line":22,"column":9}}],"line":20},"1":{"loc":{"start":{"line":20,"column":12},"end":{"line":20,"column":26}},"type":"binary-expr","locations":[{"start":{"line":20,"column":12},"end":{"line":20,"column":16}},{"start":{"line":20,"column":20},"end":{"line":20,"column":26}}],"line":20},"2":{"loc":{"start":{"line":38,"column":8},"end":{"line":48,"column":9}},"type":"if","locations":[{"start":{"line":38,"column":8},"end":{"line":48,"column":9}},{"start":{"line":38,"column":8},"end":{"line":48,"column":9}}],"line":38},"3":{"loc":{"start":{"line":62,"column":16},"end":{"line":67,"column":17}},"type":"if","locations":[{"start":{"line":62,"column":16},"end":{"line":67,"column":17}},{"start":{"line":62,"column":16},"end":{"line":67,"column":17}}],"line":62},"4":{"loc":{"start":{"line":74,"column":20},"end":{"line":78,"column":21}},"type":"if","locations":[{"start":{"line":74,"column":20},"end":{"line":78,"column":21}},{"start":{"line":74,"column":20},"end":{"line":78,"column":21}}],"line":74},"5":{"loc":{"start":{"line":98,"column":8},"end":{"line":99,"column":25}},"type":"if","locations":[{"start":{"line":98,"column":8},"end":{"line":99,"column":25}},{"start":{"line":98,"column":8},"end":{"line":99,"column":25}}],"line":98}},"s":{"0":1,"1":1,"2":1,"3":1,"4":1,"5":1,"6":1,"7":1,"8":0,"9":0,"10":0,"11":0,"12":0,"13":0,"14":0,"15":0,"16":0,"17":0,"18":0,"19":0,"20":0,"21":0,"22":0,"23":0,"24":0,"25":0,"26":0,"27":0,"28":0,"29":0,"30":0,"31":0,"32":0,"33":0,"34":0,"35":0,"36":0,"37":0,"38":0,"39":0,"40":0,"41":0,"42":0,"43":0,"44":0,"45":0,"46":0,"47":0,"48":0,"49":0,"50":0,"51":0,"52":0,"53":0,"54":0,"55":0,"56":0},"f":{"0":1,"1":0,"2":0,"3":0,"4":0,"5":0,"6":0,"7":0,"8":0,"9":0,"10":0,"11":0,"12":0,"13":0,"14":0,"15":0,"16":0,"17":0,"18":0},"b":{"0":[0,0],"1":[0,0],"2":[0,0],"3":[0,0],"4":[0,0],"5":[0,0]},"_coverageSchema":"1a1c01bbd47fc00a2c39e90264f33305004495a9","hash":"9f1a8e0c9da73127ab6a390e35219d6606dae9be","contentHash":"4fd681d28b44f7cb0bcabdd80cbbc69045bc0ae9995b61916d1c577fc37a3e31"},"C:\\Users\\peerf\\OneDrive - Shenkar College\\Documents\\שנקר הנדסת תוכנה\\שנה ג\\שירותי מארג האינטרנט - דויד אביגד\\ABtest\\models\\Experiment.model.js":{"path":"C:\\Users\\peerf\\OneDrive - Shenkar College\\Documents\\שנקר הנדסת תוכנה\\שנה ג\\שירותי מארג האינטרנט - דויד אביגד\\ABtest\\models\\Experiment.model.js","statementMap":{"0":{"start":{"line":1,"column":51},"end":{"line":1,"column":70}},"1":{"start":{"line":2,"column":12},"end":{"line":2,"column":33}},"2":{"start":{"line":4,"column":24},"end":{"line":12,"column":19}},"3":{"start":{"line":8,"column":37},"end":{"line":8,"column":55}},"4":{"start":{"line":14,"column":25},"end":{"line":119,"column":1}},"5":{"start":{"line":28,"column":35},"end":{"line":28,"column":57}},"6":{"start":{"line":35,"column":35},"end":{"line":35,"column":51}},"7":{"start":{"line":67,"column":20},"end":{"line":67,"column":65}},"8":{"start":{"line":80,"column":16},"end":{"line":80,"column":43}},"9":{"start":{"line":90,"column":43},"end":{"line":90,"column":45}},"10":{"start":{"line":98,"column":44},"end":{"line":98,"column":48}},"11":{"start":{"line":104,"column":16},"end":{"line":104,"column":43}},"12":{"start":{"line":110,"column":38},"end":{"line":110,"column":86}},"13":{"start":{"line":122,"column":23},"end":{"line":130,"column":6}},"14":{"start":{"line":131,"column":4},"end":{"line":131,"column":81}},"15":{"start":{"line":131,"column":37},"end":{"line":131,"column":79}},"16":{"start":{"line":135,"column":4},"end":{"line":135,"column":74}},"17":{"start":{"line":135,"column":40},"end":{"line":135,"column":72}},"18":{"start":{"line":138,"column":0},"end":{"line":138,"column":55}}},"fnMap":{"0":{"name":"(anonymous_0)","decl":{"start":{"line":8,"column":23},"end":{"line":8,"column":24}},"loc":{"start":{"line":8,"column":37},"end":{"line":8,"column":55}},"line":8},"1":{"name":"(anonymous_1)","decl":{"start":{"line":28,"column":29},"end":{"line":28,"column":30}},"loc":{"start":{"line":28,"column":35},"end":{"line":28,"column":57}},"line":28},"2":{"name":"(anonymous_2)","decl":{"start":{"line":35,"column":29},"end":{"line":35,"column":30}},"loc":{"start":{"line":35,"column":35},"end":{"line":35,"column":51}},"line":35},"3":{"name":"(anonymous_3)","decl":{"start":{"line":66,"column":27},"end":{"line":66,"column":28}},"loc":{"start":{"line":66,"column":41},"end":{"line":68,"column":17}},"line":66},"4":{"name":"(anonymous_4)","decl":{"start":{"line":79,"column":22},"end":{"line":79,"column":23}},"loc":{"start":{"line":79,"column":34},"end":{"line":81,"column":13}},"line":79},"5":{"name":"(anonymous_5)","decl":{"start":{"line":90,"column":35},"end":{"line":90,"column":36}},"loc":{"start":{"line":90,"column":43},"end":{"line":90,"column":45}},"line":90},"6":{"name":"(anonymous_6)","decl":{"start":{"line":98,"column":35},"end":{"line":98,"column":36}},"loc":{"start":{"line":98,"column":44},"end":{"line":98,"column":48}},"line":98},"7":{"name":"(anonymous_7)","decl":{"start":{"line":103,"column":22},"end":{"line":103,"column":23}},"loc":{"start":{"line":103,"column":34},"end":{"line":105,"column":13}},"line":103},"8":{"name":"(anonymous_8)","decl":{"start":{"line":110,"column":27},"end":{"line":110,"column":28}},"loc":{"start":{"line":110,"column":38},"end":{"line":110,"column":86}},"line":110},"9":{"name":"deviceValidator","decl":{"start":{"line":121,"column":9},"end":{"line":121,"column":24}},"loc":{"start":{"line":121,"column":34},"end":{"line":132,"column":1}},"line":121},"10":{"name":"(anonymous_10)","decl":{"start":{"line":131,"column":25},"end":{"line":131,"column":26}},"loc":{"start":{"line":131,"column":37},"end":{"line":131,"column":79}},"line":131},"11":{"name":"countryValidator","decl":{"start":{"line":134,"column":9},"end":{"line":134,"column":25}},"loc":{"start":{"line":134,"column":37},"end":{"line":136,"column":1}},"line":134},"12":{"name":"(anonymous_12)","decl":{"start":{"line":135,"column":27},"end":{"line":135,"column":28}},"loc":{"start":{"line":135,"column":40},"end":{"line":135,"column":72}},"line":135}},"branchMap":{"0":{"loc":{"start":{"line":110,"column":38},"end":{"line":110,"column":86}},"type":"binary-expr","locations":[{"start":{"line":110,"column":38},"end":{"line":110,"column":54}},{"start":{"line":110,"column":58},"end":{"line":110,"column":86}}],"line":110}},"s":{"0":1,"1":1,"2":1,"3":0,"4":1,"5":0,"6":0,"7":0,"8":0,"9":0,"10":0,"11":0,"12":0,"13":0,"14":0,"15":0,"16":0,"17":0,"18":1},"f":{"0":0,"1":0,"2":0,"3":0,"4":0,"5":0,"6":0,"7":0,"8":0,"9":0,"10":0,"11":0,"12":0},"b":{"0":[0,0]},"_coverageSchema":"1a1c01bbd47fc00a2c39e90264f33305004495a9","hash":"873193406a4f4a4fb417d81e87915814a8915a3b","contentHash":"ce2a2d0daf5bd43daca1dd5368ca268cc6724cda1f9301ab6bcd478c1bd68a25"},"C:\\Users\\peerf\\OneDrive - Shenkar College\\Documents\\שנקר הנדסת תוכנה\\שנה ג\\שירותי מארג האינטרנט - דויד אביגד\\ABtest\\repositories\\goal.repository.js":{"path":"C:\\Users\\peerf\\OneDrive - Shenkar College\\Documents\\שנקר הנדסת תוכנה\\שנה ג\\שירותי מארג האינטרנט - דויד אביגד\\ABtest\\repositories\\goal.repository.js","statementMap":{"0":{"start":{"line":1,"column":21},"end":{"line":1,"column":51}},"1":{"start":{"line":3,"column":0},"end":{"line":26,"column":5}},"2":{"start":{"line":5,"column":4},"end":{"line":5,"column":18}},"3":{"start":{"line":9,"column":4},"end":{"line":9,"column":55}},"4":{"start":{"line":13,"column":4},"end":{"line":13,"column":63}},"5":{"start":{"line":17,"column":4},"end":{"line":19,"column":7}},"6":{"start":{"line":22,"column":23},"end":{"line":22,"column":46}},"7":{"start":{"line":23,"column":4},"end":{"line":24,"column":21}},"8":{"start":{"line":23,"column":20},"end":{"line":23,"column":58}},"9":{"start":{"line":24,"column":9},"end":{"line":24,"column":21}}},"fnMap":{"0":{"name":"(anonymous_0)","decl":{"start":{"line":4,"column":2},"end":{"line":4,"column":3}},"loc":{"start":{"line":4,"column":16},"end":{"line":6,"column":3}},"line":4},"1":{"name":"(anonymous_1)","decl":{"start":{"line":8,"column":2},"end":{"line":8,"column":3}},"loc":{"start":{"line":8,"column":34},"end":{"line":10,"column":3}},"line":8},"2":{"name":"(anonymous_2)","decl":{"start":{"line":12,"column":2},"end":{"line":12,"column":3}},"loc":{"start":{"line":12,"column":30},"end":{"line":14,"column":3}},"line":12},"3":{"name":"(anonymous_3)","decl":{"start":{"line":16,"column":2},"end":{"line":16,"column":3}},"loc":{"start":{"line":16,"column":44},"end":{"line":20,"column":3}},"line":16},"4":{"name":"(anonymous_4)","decl":{"start":{"line":21,"column":2},"end":{"line":21,"column":3}},"loc":{"start":{"line":21,"column":35},"end":{"line":25,"column":3}},"line":21}},"branchMap":{"0":{"loc":{"start":{"line":9,"column":11},"end":{"line":9,"column":54}},"type":"binary-expr","locations":[{"start":{"line":9,"column":11},"end":{"line":9,"column":46}},{"start":{"line":9,"column":50},"end":{"line":9,"column":54}}],"line":9},"1":{"loc":{"start":{"line":23,"column":4},"end":{"line":24,"column":21}},"type":"if","locations":[{"start":{"line":23,"column":4},"end":{"line":24,"column":21}},{"start":{"line":23,"column":4},"end":{"line":24,"column":21}}],"line":23}},"s":{"0":1,"1":1,"2":1,"3":0,"4":0,"5":0,"6":0,"7":0,"8":0,"9":0},"f":{"0":1,"1":0,"2":0,"3":0,"4":0},"b":{"0":[0,0],"1":[0,0]},"_coverageSchema":"1a1c01bbd47fc00a2c39e90264f33305004495a9","hash":"c77963884fd3db717bc597cbfb20b920aac82531","contentHash":"9d6953cab377a6c1071d3d3527c0c8942b9dfc833473adc2dde7b21fb6c3e245"},"C:\\Users\\peerf\\OneDrive - Shenkar College\\Documents\\שנקר הנדסת תוכנה\\שנה ג\\שירותי מארג האינטרנט - דויד אביגד\\ABtest\\models\\Goal.model.js":{"path":"C:\\Users\\peerf\\OneDrive - Shenkar College\\Documents\\שנקר הנדסת תוכנה\\שנה ג\\שירותי מארג האינטרנט - דויד אביגד\\ABtest\\models\\Goal.model.js","statementMap":{"0":{"start":{"line":1,"column":24},"end":{"line":1,"column":43}},"1":{"start":{"line":3,"column":19},"end":{"line":30,"column":5}},"2":{"start":{"line":33,"column":0},"end":{"line":33,"column":43}}},"fnMap":{},"branchMap":{},"s":{"0":1,"1":1,"2":1},"f":{},"b":{},"_coverageSchema":"1a1c01bbd47fc00a2c39e90264f33305004495a9","hash":"79eba9eea991ced7d1de13280b3129b1492843d0","contentHash":"74f51efe9c77a707b06ab5a6681f53ce8e64f15e81baeb9368fb6034bf6826cd"},"C:\\Users\\peerf\\OneDrive - Shenkar College\\Documents\\שנקר הנדסת תוכנה\\שנה ג\\שירותי מארג האינטרנט - דויד אביגד\\ABtest\\validators\\body.validator.js":{"path":"C:\\Users\\peerf\\OneDrive - Shenkar College\\Documents\\שנקר הנדסת תוכנה\\שנה ג\\שירותי מארג האינטרנט - דויד אביגד\\ABtest\\validators\\body.validator.js","statementMap":{"0":{"start":{"line":1,"column":24},"end":{"line":1,"column":64}},"1":{"start":{"line":2,"column":0},"end":{"line":6,"column":2}},"2":{"start":{"line":3,"column":2},"end":{"line":4,"column":28}},"3":{"start":{"line":4,"column":4},"end":{"line":4,"column":28}},"4":{"start":{"line":5,"column":2},"end":{"line":5,"column":14}}},"fnMap":{"0":{"name":"(anonymous_0)","decl":{"start":{"line":2,"column":24},"end":{"line":2,"column":25}},"loc":{"start":{"line":2,"column":33},"end":{"line":6,"column":1}},"line":2}},"branchMap":{"0":{"loc":{"start":{"line":3,"column":2},"end":{"line":4,"column":28}},"type":"if","locations":[{"start":{"line":3,"column":2},"end":{"line":4,"column":28}},{"start":{"line":3,"column":2},"end":{"line":4,"column":28}}],"line":3},"1":{"loc":{"start":{"line":3,"column":6},"end":{"line":3,"column":75}},"type":"binary-expr","locations":[{"start":{"line":3,"column":6},"end":{"line":3,"column":37}},{"start":{"line":3,"column":41},"end":{"line":3,"column":75}}],"line":3}},"s":{"0":1,"1":1,"2":4,"3":1,"4":3},"f":{"0":4},"b":{"0":[1,3],"1":[4,4]},"_coverageSchema":"1a1c01bbd47fc00a2c39e90264f33305004495a9","hash":"aa03ba53c70f0fed5ab5d5fd2ef6f92bc204b593","contentHash":"03098781f4a278dd39f5999cc3acccb89517006ea1713deaa0d1a058ba0872a9"},"C:\\Users\\peerf\\OneDrive - Shenkar College\\Documents\\שנקר הנדסת תוכנה\\שנה ג\\שירותי מארג האינטרנט - דויד אביגד\\ABtest\\errors\\BadRequest.errors.js":{"path":"C:\\Users\\peerf\\OneDrive - Shenkar College\\Documents\\שנקר הנדסת תוכנה\\שנה ג\\שירותי מארג האינטרנט - דויד אביגד\\ABtest\\errors\\BadRequest.errors.js","statementMap":{"0":{"start":{"line":3,"column":4},"end":{"line":3,"column":19}},"1":{"start":{"line":4,"column":4},"end":{"line":4,"column":38}},"2":{"start":{"line":5,"column":4},"end":{"line":5,"column":22}},"3":{"start":{"line":11,"column":4},"end":{"line":11,"column":39}},"4":{"start":{"line":12,"column":4},"end":{"line":12,"column":38}},"5":{"start":{"line":13,"column":4},"end":{"line":13,"column":29}},"6":{"start":{"line":19,"column":4},"end":{"line":19,"column":32}},"7":{"start":{"line":20,"column":4},"end":{"line":20,"column":38}},"8":{"start":{"line":26,"column":4},"end":{"line":26,"column":62}},"9":{"start":{"line":27,"column":4},"end":{"line":27,"column":38}},"10":{"start":{"line":31,"column":0},"end":{"line":31,"column":69}}},"fnMap":{"0":{"name":"(anonymous_0)","decl":{"start":{"line":2,"column":2},"end":{"line":2,"column":3}},"loc":{"start":{"line":2,"column":23},"end":{"line":6,"column":3}},"line":2},"1":{"name":"(anonymous_1)","decl":{"start":{"line":10,"column":2},"end":{"line":10,"column":3}},"loc":{"start":{"line":10,"column":24},"end":{"line":14,"column":3}},"line":10},"2":{"name":"(anonymous_2)","decl":{"start":{"line":18,"column":2},"end":{"line":18,"column":3}},"loc":{"start":{"line":18,"column":16},"end":{"line":21,"column":3}},"line":18},"3":{"name":"(anonymous_3)","decl":{"start":{"line":25,"column":2},"end":{"line":25,"column":3}},"loc":{"start":{"line":25,"column":28},"end":{"line":28,"column":3}},"line":25}},"branchMap":{},"s":{"0":1,"1":1,"2":1,"3":0,"4":0,"5":0,"6":1,"7":1,"8":0,"9":0,"10":1},"f":{"0":1,"1":0,"2":1,"3":0},"b":{},"_coverageSchema":"1a1c01bbd47fc00a2c39e90264f33305004495a9","hash":"b77fa7a1eba825d272c98c360cfbf16b89bf283a","contentHash":"9040e8743fa9f74d751b6171290eb7cf80f906e3e84691246a21a4344cf0e507"},"C:\\Users\\peerf\\OneDrive - Shenkar College\\Documents\\שנקר הנדסת תוכנה\\שנה ג\\שירותי מארג האינטרנט - דויד אביגד\\ABtest\\Service\\utils.js":{"path":"C:\\Users\\peerf\\OneDrive - Shenkar College\\Documents\\שנקר הנדסת תוכנה\\שנה ג\\שירותי מארג האינטרנט - דויד אביגד\\ABtest\\Service\\utils.js","statementMap":{"0":{"start":{"line":1,"column":14},"end":{"line":1,"column":35}},"1":{"start":{"line":2,"column":15},"end":{"line":2,"column":38}},"2":{"start":{"line":3,"column":31},"end":{"line":3,"column":79}},"3":{"start":{"line":4,"column":27},"end":{"line":4,"column":63}},"4":{"start":{"line":5,"column":28},"end":{"line":5,"column":64}},"5":{"start":{"line":6,"column":46},"end":{"line":6,"column":61}},"6":{"start":{"line":7,"column":10},"end":{"line":7,"column":27}},"7":{"start":{"line":9,"column":20},"end":{"line":13,"column":1}},"8":{"start":{"line":10,"column":19},"end":{"line":10,"column":34}},"9":{"start":{"line":11,"column":4},"end":{"line":11,"column":60}},"10":{"start":{"line":11,"column":17},"end":{"line":11,"column":60}},"11":{"start":{"line":12,"column":4},"end":{"line":12,"column":18}},"12":{"start":{"line":15,"column":20},"end":{"line":20,"column":1}},"13":{"start":{"line":16,"column":4},"end":{"line":16,"column":56}},"14":{"start":{"line":16,"column":14},"end":{"line":16,"column":56}},"15":{"start":{"line":17,"column":19},"end":{"line":17,"column":36}},"16":{"start":{"line":18,"column":4},"end":{"line":18,"column":60}},"17":{"start":{"line":18,"column":17},"end":{"line":18,"column":60}},"18":{"start":{"line":19,"column":4},"end":{"line":19,"column":18}},"19":{"start":{"line":22,"column":25},"end":{"line":30,"column":1}},"20":{"start":{"line":23,"column":26},"end":{"line":23,"column":59}},"21":{"start":{"line":24,"column":19},"end":{"line":27,"column":5}},"22":{"start":{"line":28,"column":4},"end":{"line":28,"column":65}},"23":{"start":{"line":28,"column":17},"end":{"line":28,"column":65}},"24":{"start":{"line":29,"column":4},"end":{"line":29,"column":18}},"25":{"start":{"line":32,"column":21},"end":{"line":34,"column":1}},"26":{"start":{"line":33,"column":4},"end":{"line":33,"column":20}},"27":{"start":{"line":36,"column":20},"end":{"line":36,"column":57}},"28":{"start":{"line":36,"column":31},"end":{"line":36,"column":57}},"29":{"start":{"line":38,"column":22},"end":{"line":38,"column":68}},"30":{"start":{"line":38,"column":38},"end":{"line":38,"column":68}},"31":{"start":{"line":40,"column":24},"end":{"line":63,"column":1}},"32":{"start":{"line":41,"column":4},"end":{"line":62,"column":5}},"33":{"start":{"line":42,"column":20},"end":{"line":42,"column":56}},"34":{"start":{"line":43,"column":34},"end":{"line":43,"column":62}},"35":{"start":{"line":44,"column":33},"end":{"line":44,"column":60}},"36":{"start":{"line":45,"column":8},"end":{"line":59,"column":28}},"37":{"start":{"line":47,"column":16},"end":{"line":49,"column":65}},"38":{"start":{"line":50,"column":29},"end":{"line":50,"column":92}},"39":{"start":{"line":52,"column":12},"end":{"line":55,"column":13}},"40":{"start":{"line":53,"column":16},"end":{"line":53,"column":91}},"41":{"start":{"line":54,"column":16},"end":{"line":54,"column":66}},"42":{"start":{"line":56,"column":38},"end":{"line":56,"column":95}},"43":{"start":{"line":57,"column":12},"end":{"line":57,"column":85}},"44":{"start":{"line":57,"column":36},"end":{"line":57,"column":85}},"45":{"start":{"line":58,"column":12},"end":{"line":58,"column":89}},"46":{"start":{"line":59,"column":15},"end":{"line":59,"column":28}},"47":{"start":{"line":61,"column":8},"end":{"line":61,"column":20}},"48":{"start":{"line":65,"column":0},"end":{"line":70,"column":2}}},"fnMap":{"0":{"name":"(anonymous_0)","decl":{"start":{"line":9,"column":20},"end":{"line":9,"column":21}},"loc":{"start":{"line":9,"column":36},"end":{"line":13,"column":1}},"line":9},"1":{"name":"(anonymous_1)","decl":{"start":{"line":15,"column":20},"end":{"line":15,"column":21}},"loc":{"start":{"line":15,"column":29},"end":{"line":20,"column":1}},"line":15},"2":{"name":"(anonymous_2)","decl":{"start":{"line":22,"column":25},"end":{"line":22,"column":26}},"loc":{"start":{"line":22,"column":34},"end":{"line":30,"column":1}},"line":22},"3":{"name":"(anonymous_3)","decl":{"start":{"line":32,"column":21},"end":{"line":32,"column":22}},"loc":{"start":{"line":32,"column":27},"end":{"line":34,"column":1}},"line":32},"4":{"name":"(anonymous_4)","decl":{"start":{"line":36,"column":20},"end":{"line":36,"column":21}},"loc":{"start":{"line":36,"column":31},"end":{"line":36,"column":57}},"line":36},"5":{"name":"(anonymous_5)","decl":{"start":{"line":38,"column":22},"end":{"line":38,"column":23}},"loc":{"start":{"line":38,"column":38},"end":{"line":38,"column":68}},"line":38},"6":{"name":"(anonymous_6)","decl":{"start":{"line":40,"column":24},"end":{"line":40,"column":25}},"loc":{"start":{"line":40,"column":58},"end":{"line":63,"column":1}},"line":40}},"branchMap":{"0":{"loc":{"start":{"line":11,"column":4},"end":{"line":11,"column":60}},"type":"if","locations":[{"start":{"line":11,"column":4},"end":{"line":11,"column":60}},{"start":{"line":11,"column":4},"end":{"line":11,"column":60}}],"line":11},"1":{"loc":{"start":{"line":16,"column":4},"end":{"line":16,"column":56}},"type":"if","locations":[{"start":{"line":16,"column":4},"end":{"line":16,"column":56}},{"start":{"line":16,"column":4},"end":{"line":16,"column":56}}],"line":16},"2":{"loc":{"start":{"line":18,"column":4},"end":{"line":18,"column":60}},"type":"if","locations":[{"start":{"line":18,"column":4},"end":{"line":18,"column":60}},{"start":{"line":18,"column":4},"end":{"line":18,"column":60}}],"line":18},"3":{"loc":{"start":{"line":26,"column":16},"end":{"line":26,"column":54}},"type":"binary-expr","locations":[{"start":{"line":26,"column":16},"end":{"line":26,"column":41}},{"start":{"line":26,"column":45},"end":{"line":26,"column":54}}],"line":26},"4":{"loc":{"start":{"line":28,"column":4},"end":{"line":28,"column":65}},"type":"if","locations":[{"start":{"line":28,"column":4},"end":{"line":28,"column":65}},{"start":{"line":28,"column":4},"end":{"line":28,"column":65}}],"line":28},"5":{"loc":{"start":{"line":45,"column":8},"end":{"line":59,"column":28}},"type":"if","locations":[{"start":{"line":45,"column":8},"end":{"line":59,"column":28}},{"start":{"line":45,"column":8},"end":{"line":59,"column":28}}],"line":45},"6":{"loc":{"start":{"line":45,"column":12},"end":{"line":45,"column":36}},"type":"binary-expr","locations":[{"start":{"line":45,"column":12},"end":{"line":45,"column":15}},{"start":{"line":45,"column":19},"end":{"line":45,"column":26}},{"start":{"line":45,"column":30},"end":{"line":45,"column":36}}],"line":45},"7":{"loc":{"start":{"line":47,"column":16},"end":{"line":49,"column":65}},"type":"binary-expr","locations":[{"start":{"line":47,"column":16},"end":{"line":47,"column":72}},{"start":{"line":48,"column":16},"end":{"line":48,"column":67}},{"start":{"line":49,"column":16},"end":{"line":49,"column":65}}],"line":47},"8":{"loc":{"start":{"line":52,"column":12},"end":{"line":55,"column":13}},"type":"if","locations":[{"start":{"line":52,"column":12},"end":{"line":55,"column":13}},{"start":{"line":52,"column":12},"end":{"line":55,"column":13}}],"line":52},"9":{"loc":{"start":{"line":57,"column":12},"end":{"line":57,"column":85}},"type":"if","locations":[{"start":{"line":57,"column":12},"end":{"line":57,"column":85}},{"start":{"line":57,"column":12},"end":{"line":57,"column":85}}],"line":57},"10":{"loc":{"start":{"line":58,"column":20},"end":{"line":58,"column":87}},"type":"cond-expr","locations":[{"start":{"line":58,"column":40},"end":{"line":58,"column":71}},{"start":{"line":58,"column":75},"end":{"line":58,"column":87}}],"line":58},"11":{"loc":{"start":{"line":58,"column":40},"end":{"line":58,"column":71}},"type":"binary-expr","locations":[{"start":{"line":58,"column":40},"end":{"line":58,"column":52}},{"start":{"line":58,"column":56},"end":{"line":58,"column":71}}],"line":58}},"s":{"0":1,"1":1,"2":1,"3":1,"4":1,"5":1,"6":1,"7":1,"8":0,"9":0,"10":0,"11":0,"12":1,"13":0,"14":0,"15":0,"16":0,"17":0,"18":0,"19":1,"20":0,"21":0,"22":0,"23":0,"24":0,"25":1,"26":0,"27":1,"28":0,"29":1,"30":0,"31":1,"32":0,"33":0,"34":0,"35":0,"36":0,"37":0,"38":0,"39":0,"40":0,"41":0,"42":0,"43":0,"44":0,"45":0,"46":0,"47":0,"48":1},"f":{"0":0,"1":0,"2":0,"3":0,"4":0,"5":0,"6":0},"b":{"0":[0,0],"1":[0,0],"2":[0,0],"3":[0,0],"4":[0,0],"5":[0,0],"6":[0,0,0],"7":[0,0,0],"8":[0,0],"9":[0,0],"10":[0,0],"11":[0,0]},"_coverageSchema":"1a1c01bbd47fc00a2c39e90264f33305004495a9","hash":"3bd3f8645c55c8a1b37c8ddfb363f881fe70008c","contentHash":"5c84f4475835e032d5cb2b482895f29c36f1f2c2f83d31a5440f836c9157c81f"},"C:\\Users\\peerf\\OneDrive - Shenkar College\\Documents\\שנקר הנדסת תוכנה\\שנה ג\\שירותי מארג האינטרנט - דויד אביגד\\ABtest\\Service\\route.logic.experiment.js":{"path":"C:\\Users\\peerf\\OneDrive - Shenkar College\\Documents\\שנקר הנדסת תוכנה\\שנה ג\\שירותי מארג האינטרנט - דויד אביגד\\ABtest\\Service\\route.logic.experiment.js","statementMap":{"0":{"start":{"line":1,"column":26},"end":{"line":1,"column":74}},"1":{"start":{"line":2,"column":16},"end":{"line":2,"column":42}},"2":{"start":{"line":3,"column":16},"end":{"line":3,"column":42}},"3":{"start":{"line":4,"column":13},"end":{"line":4,"column":31}},"4":{"start":{"line":6,"column":27},"end":{"line":6,"column":32}},"5":{"start":{"line":8,"column":45},"end":{"line":27,"column":1}},"6":{"start":{"line":12,"column":21},"end":{"line":12,"column":67}},"7":{"start":{"line":13,"column":27},"end":{"line":13,"column":37}},"8":{"start":{"line":15,"column":2},"end":{"line":23,"column":3}},"9":{"start":{"line":17,"column":6},"end":{"line":19,
[...]
14}},"24":{"start":{"line":39,"column":12},"end":{"line":39,"column":18}},"25":{"start":{"line":41,"column":12},"end":{"line":41,"column":105}},"26":{"start":{"line":44,"column":4},"end":{"line":44,"column":33}},"27":{"start":{"line":47,"column":22},"end":{"line":71,"column":1}},"28":{"start":{"line":49,"column":25},"end":{"line":49,"column":38}},"29":{"start":{"line":50,"column":4},"end":{"line":50,"column":113}},"30":{"start":{"line":50,"column":49},"end":{"line":50,"column":113}},"31":{"start":{"line":51,"column":23},"end":{"line":51,"column":72}},"32":{"start":{"line":52,"column":4},"end":{"line":52,"column":92}},"33":{"start":{"line":52,"column":21},"end":{"line":52,"column":92}},"34":{"start":{"line":54,"column":4},"end":{"line":70,"column":5}},"35":{"start":{"line":56,"column":12},"end":{"line":60,"column":15}},"36":{"start":{"line":61,"column":12},"end":{"line":61,"column":18}},"37":{"start":{"line":63,"column":12},"end":{"line":66,"column":14}},"38":{"start":{"line":67,"column":12},"end":{"line":67,"column":18}},"39":{"start":{"line":69,"column":12},"end":{"line":69,"column":105}},"40":{"start":{"line":73,"column":27},"end":{"line":82,"column":1}},"41":{"start":{"line":74,"column":25},"end":{"line":74,"column":48}},"42":{"start":{"line":75,"column":4},"end":{"line":75,"column":113}},"43":{"start":{"line":75,"column":49},"end":{"line":75,"column":113}},"44":{"start":{"line":76,"column":23},"end":{"line":76,"column":72}},"45":{"start":{"line":77,"column":4},"end":{"line":77,"column":92}},"46":{"start":{"line":77,"column":21},"end":{"line":77,"column":92}},"47":{"start":{"line":78,"column":4},"end":{"line":81,"column":7}},"48":{"start":{"line":84,"column":25},"end":{"line":94,"column":1}},"49":{"start":{"line":85,"column":22},"end":{"line":85,"column":42}},"50":{"start":{"line":86,"column":4},"end":{"line":86,"column":107}},"51":{"start":{"line":86,"column":46},"end":{"line":86,"column":107}},"52":{"start":{"line":87,"column":20},"end":{"line":87,"column":73}},"53":{"start":{"line":88,"column":4},"end":{"line":90,"column":5}},"54":{"start":{"line":89,"column":8},"end":{"line":89,"column":83}},"55":{"start":{"line":91,"column":4},"end":{"line":93,"column":6}},"56":{"start":{"line":96,"column":31},"end":{"line":118,"column":1}},"57":{"start":{"line":97,"column":19},"end":{"line":97,"column":36}},"58":{"start":{"line":98,"column":25},"end":{"line":98,"column":48}},"59":{"start":{"line":99,"column":4},"end":{"line":99,"column":101}},"60":{"start":{"line":99,"column":43},"end":{"line":99,"column":101}},"61":{"start":{"line":100,"column":4},"end":{"line":100,"column":113}},"62":{"start":{"line":100,"column":49},"end":{"line":100,"column":113}},"63":{"start":{"line":101,"column":19},"end":{"line":101,"column":70}},"64":{"start":{"line":102,"column":20},"end":{"line":102,"column":73}},"65":{"start":{"line":103,"column":4},"end":{"line":104,"column":22}},"66":{"start":{"line":104,"column":8},"end":{"line":104,"column":22}},"67":{"start":{"line":105,"column":4},"end":{"line":107,"column":5}},"68":{"start":{"line":106,"column":8},"end":{"line":106,"column":83}},"69":{"start":{"line":109,"column":4},"end":{"line":109,"column":40}},"70":{"start":{"line":110,"column":4},"end":{"line":110,"column":40}},"71":{"start":{"line":111,"column":4},"end":{"line":111,"column":40}},"72":{"start":{"line":112,"column":4},"end":{"line":112,"column":42}},"73":{"start":{"line":113,"column":4},"end":{"line":113,"column":44}},"74":{"start":{"line":115,"column":4},"end":{"line":117,"column":6}},"75":{"start":{"line":120,"column":29},"end":{"line":136,"column":1}},"76":{"start":{"line":122,"column":18},"end":{"line":122,"column":34}},"77":{"start":{"line":123,"column":17},"end":{"line":123,"column":32}},"78":{"start":{"line":124,"column":4},"end":{"line":124,"column":84}},"79":{"start":{"line":124,"column":33},"end":{"line":124,"column":84}},"80":{"start":{"line":125,"column":22},"end":{"line":125,"column":50}},"81":{"start":{"line":126,"column":24},"end":{"line":126,"column":34}},"82":{"start":{"line":127,"column":4},"end":{"line":127,"column":106}},"83":{"start":{"line":127,"column":33},"end":{"line":127,"column":106}},"84":{"start":{"line":128,"column":19},"end":{"line":128,"column":85}},"85":{"start":{"line":129,"column":4},"end":{"line":135,"column":5}},"86":{"start":{"line":130,"column":8},"end":{"line":130,"column":87}},"87":{"start":{"line":132,"column":8},"end":{"line":134,"column":10}},"88":{"start":{"line":138,"column":45},"end":{"line":148,"column":1}},"89":{"start":{"line":140,"column":19},"end":{"line":140,"column":79}},"90":{"start":{"line":141,"column":4},"end":{"line":147,"column":5}},"91":{"start":{"line":142,"column":8},"end":{"line":142,"column":96}},"92":{"start":{"line":144,"column":8},"end":{"line":146,"column":10}},"93":{"start":{"line":151,"column":0},"end":{"line":159,"column":1}}},"fnMap":{"0":{"name":"(anonymous_0)","decl":{"start":{"line":9,"column":42},"end":{"line":9,"column":43}},"loc":{"start":{"line":9,"column":75},"end":{"line":11,"column":1}},"line":9},"1":{"name":"(anonymous_1)","decl":{"start":{"line":13,"column":35},"end":{"line":13,"column":36}},"loc":{"start":{"line":13,"column":64},"end":{"line":15,"column":1}},"line":13},"2":{"name":"(anonymous_2)","decl":{"start":{"line":17,"column":22},"end":{"line":17,"column":23}},"loc":{"start":{"line":17,"column":42},"end":{"line":45,"column":1}},"line":17},"3":{"name":"(anonymous_3)","decl":{"start":{"line":47,"column":22},"end":{"line":47,"column":23}},"loc":{"start":{"line":47,"column":42},"end":{"line":71,"column":1}},"line":47},"4":{"name":"(anonymous_4)","decl":{"start":{"line":73,"column":27},"end":{"line":73,"column":28}},"loc":{"start":{"line":73,"column":47},"end":{"line":82,"column":1}},"line":73},"5":{"name":"(anonymous_5)","decl":{"start":{"line":84,"column":25},"end":{"line":84,"column":26}},"loc":{"start":{"line":84,"column":45},"end":{"line":94,"column":1}},"line":84},"6":{"name":"(anonymous_6)","decl":{"start":{"line":96,"column":31},"end":{"line":96,"column":32}},"loc":{"start":{"line":96,"column":51},"end":{"line":118,"column":1}},"line":96},"7":{"name":"(anonymous_7)","decl":{"start":{"line":120,"column":29},"end":{"line":120,"column":30}},"loc":{"start":{"line":120,"column":49},"end":{"line":136,"column":1}},"line":120},"8":{"name":"(anonymous_8)","decl":{"start":{"line":138,"column":45},"end":{"line":138,"column":46}},"loc":{"start":{"line":138,"column":65},"end":{"line":148,"column":1}},"line":138}},"branchMap":{"0":{"loc":{"start":{"line":19,"column":4},"end":{"line":19,"column":113}},"type":"if","locations":[{"start":{"line":19,"column":4},"end":{"line":19,"column":113}},{"start":{"line":19,"column":4},"end":{"line":19,"column":113}}],"line":19},"1":{"loc":{"start":{"line":22,"column":4},"end":{"line":22,"column":92}},"type":"if","locations":[{"start":{"line":22,"column":4},"end":{"line":22,"column":92}},{"start":{"line":22,"column":4},"end":{"line":22,"column":92}}],"line":22},"2":{"loc":{"start":{"line":23,"column":4},"end":{"line":23,"column":106}},"type":"if","locations":[{"start":{"line":23,"column":4},"end":{"line":23,"column":106}},{"start":{"line":23,"column":4},"end":{"line":23,"column":106}}],"line":23},"3":{"loc":{"start":{"line":26,"column":4},"end":{"line":42,"column":5}},"type":"switch","locations":[{"start":{"line":27,"column":8},"end":{"line":33,"column":18}},{"start":{"line":34,"column":8},"end":{"line":39,"column":18}},{"start":{"line":40,"column":8},"end":{"line":41,"column":105}}],"line":26},"4":{"loc":{"start":{"line":50,"column":4},"end":{"line":50,"column":113}},"type":"if","locations":[{"start":{"line":50,"column":4},"end":{"line":50,"column":113}},{"start":{"line":50,"column":4},"end":{"line":50,"column":113}}],"line":50},"5":{"loc":{"start":{"line":52,"column":4},"end":{"line":52,"column":92}},"type":"if","locations":[{"start":{"line":52,"column":4},"end":{"line":52,"column":92}},{"start":{"line":52,"column":4},"end":{"line":52,"column":92}}],"line":52},"6":{"loc":{"start":{"line":54,"column":4},"end":{"line":70,"column":5}},"type":"switch","locations":[{"start":{"line":55,"column":8},"end":{"line":61,"column":18}},{"start":{"line":62,"column":8},"end":{"line":67,"column":18}},{"start":{"line":68,"column":8},"end":{"line":69,"column":105}}],"line":54},"7":{"loc":{"start":{"line":75,"column":4},"end":{"line":75,"column":113}},"type":"if","locations":[{"start":{"line":75,"column":4},"end":{"line":75,"column":113}},{"start":{"line":75,"column":4},"end":{"line":75,"column":113}}],"line":75},"8":{"loc":{"start":{"line":77,"column":4},"end":{"line":77,"column":92}},"type":"if","locations":[{"start":{"line":77,"column":4},"end":{"line":77,"column":92}},{"start":{"line":77,"column":4},"end":{"line":77,"column":92}}],"line":77},"9":{"loc":{"start":{"line":86,"column":4},"end":{"line":86,"column":107}},"type":"if","locations":[{"start":{"line":86,"column":4},"end":{"line":86,"column":107}},{"start":{"line":86,"column":4},"end":{"line":86,"column":107}}],"line":86},"10":{"loc":{"start":{"line":88,"column":4},"end":{"line":90,"column":5}},"type":"if","locations":[{"start":{"line":88,"column":4},"end":{"line":90,"column":5}},{"start":{"line":88,"column":4},"end":{"line":90,"column":5}}],"line":88},"11":{"loc":{"start":{"line":99,"column":4},"end":{"line":99,"column":101}},"type":"if","locations":[{"start":{"line":99,"column":4},"end":{"line":99,"column":101}},{"start":{"line":99,"column":4},"end":{"line":99,"column":101}}],"line":99},"12":{"loc":{"start":{"line":100,"column":4},"end":{"line":100,"column":113}},"type":"if","locations":[{"start":{"line":100,"column":4},"end":{"line":100,"column":113}},{"start":{"line":100,"column":4},"end":{"line":100,"column":113}}],"line":100},"13":{"loc":{"start":{"line":103,"column":4},"end":{"line":104,"column":22}},"type":"if","locations":[{"start":{"line":103,"column":4},"end":{"line":104,"column":22}},{"start":{"line":103,"column":4},"end":{"line":104,"column":22}}],"line":103},"14":{"loc":{"start":{"line":105,"column":4},"end":{"line":107,"column":5}},"type":"if","locations":[{"start":{"line":105,"column":4},"end":{"line":107,"column":5}},{"start":{"line":105,"column":4},"end":{"line":107,"column":5}}],"line":105},"15":{"loc":{"start":{"line":109,"column":4},"end":{"line":109,"column":39}},"type":"binary-expr","locations":[{"start":{"line":109,"column":4},"end":{"line":109,"column":12}},{"start":{"line":109,"column":17},"end":{"line":109,"column":38}}],"line":109},"16":{"loc":{"start":{"line":110,"column":4},"end":{"line":110,"column":39}},"type":"binary-expr","locations":[{"start":{"line":110,"column":4},"end":{"line":110,"column":12}},{"start":{"line":110,"column":17},"end":{"line":110,"column":38}}],"line":110},"17":{"loc":{"start":{"line":111,"column":4},"end":{"line":111,"column":39}},"type":"binary-expr","locations":[{"start":{"line":111,"column":4},"end":{"line":111,"column":12}},{"start":{"line":111,"column":17},"end":{"line":111,"column":38}}],"line":111},"18":{"loc":{"start":{"line":112,"column":4},"end":{"line":112,"column":41}},"type":"binary-expr","locations":[{"start":{"line":112,"column":4},"end":{"line":112,"column":13}},{"start":{"line":112,"column":18},"end":{"line":112,"column":40}}],"line":112},"19":{"loc":{"start":{"line":113,"column":4},"end":{"line":113,"column":43}},"type":"binary-expr","locations":[{"start":{"line":113,"column":4},"end":{"line":113,"column":14}},{"start":{"line":113,"column":19},"end":{"line":113,"column":42}}],"line":113},"20":{"loc":{"start":{"line":124,"column":4},"end":{"line":124,"column":84}},"type":"if","locations":[{"start":{"line":124,"column":4},"end":{"line":124,"column":84}},{"start":{"line":124,"column":4},"end":{"line":124,"column":84}}],"line":124},"21":{"loc":{"start":{"line":124,"column":8},"end":{"line":124,"column":31}},"type":"binary-expr","locations":[{"start":{"line":124,"column":8},"end":{"line":124,"column":18}},{"start":{"line":124,"column":22},"end":{"line":124,"column":31}}],"line":124},"22":{"loc":{"start":{"line":127,"column":4},"end":{"line":127,"column":106}},"type":"if","locations":[{"start":{"line":127,"column":4},"end":{"line":127,"column":106}},{"start":{"line":127,"column":4},"end":{"line":127,"column":106}}],"line":127},"23":{"loc":{"start":{"line":129,"column":4},"end":{"line":135,"column":5}},"type":"if","locations":[{"start":{"line":129,"column":4},"end":{"line":135,"column":5}},{"start":{"line":129,"column":4},"end":{"line":135,"column":5}}],"line":129},"24":{"loc":{"start":{"line":129,"column":8},"end":{"line":129,"column":47}},"type":"binary-expr","locations":[{"start":{"line":129,"column":8},"end":{"line":129,"column":28}},{"start":{"line":129,"column":32},"end":{"line":129,"column":47}}],"line":129},"25":{"loc":{"start":{"line":141,"column":4},"end":{"line":147,"column":5}},"type":"if","locations":[{"start":{"line":141,"column":4},"end":{"line":147,"column":5}},{"start":{"line":141,"column":4},"end":{"line":147,"column":5}}],"line":141}},"s":{"0":1,"1":1,"2":1,"3":1,"4":1,"5":1,"6":1,"7":1,"8":0,"9":1,"10":5,"11":1,"12":4,"13":4,"14":1,"15":3,"16":3,"17":1,"18":2,"19":0,"20":2,"21":1,"22":1,"23":1,"24":1,"25":0,"26":2,"27":1,"28":0,"29":0,"30":0,"31":0,"32":0,"33":0,"34":0,"35":0,"36":0,"37":0,"38":0,"39":0,"40":1,"41":0,"42":0,"43":0,"44":0,"45":0,"46":0,"47":0,"48":1,"49":0,"50":0,"51":0,"52":0,"53":0,"54":0,"55":0,"56":1,"57":0,"58":0,"59":0,"60":0,"61":0,"62":0,"63":0,"64":0,"65":0,"66":0,"67":0,"68":0,"69":0,"70":0,"71":0,"72":0,"73":0,"74":0,"75":1,"76":0,"77":0,"78":0,"79":0,"80":0,"81":0,"82":0,"83":0,"84":0,"85":0,"86":0,"87":0,"88":1,"89":0,"90":0,"91":0,"92":0,"93":1},"f":{"0":0,"1":5,"2":4,"3":0,"4":0,"5":0,"6":0,"7":0,"8":0},"b":{"0":[1,3],"1":[1,2],"2":[0,2],"3":[1,1,0],"4":[0,0],"5":[0,0],"6":[0,0,0],"7":[0,0],"8":[0,0],"9":[0,0],"10":[0,0],"11":[0,0],"12":[0,0],"13":[0,0],"14":[0,0],"15":[0,0],"16":[0,0],"17":[0,0],"18":[0,0],"19":[0,0],"20":[0,0],"21":[0,0],"22":[0,0],"23":[0,0],"24":[0,0],"25":[0,0]},"_coverageSchema":"1a1c01bbd47fc00a2c39e90264f33305004495a9","hash":"447aa11934deabfec0917c3004901ffac211d229","contentHash":"8125df51e3979d4bcfd23205e442975b34e3331fa31d91007c8e86cd0c8077ff"},"C:\\Users\\peerf\\OneDrive - Shenkar College\\Documents\\שנקר הנדסת תוכנה\\שנה ג\\שירותי מארג האינטרנט - דויד אביגד\\ABtest\\router\\external.routes.js":{"path":"C:\\Users\\peerf\\OneDrive - Shenkar College\\Documents\\שנקר הנדסת תוכנה\\שנה ג\\שירותי מארג האינטרנט - דויד אביגד\\ABtest\\router\\external.routes.js","statementMap":{"0":{"start":{"line":1,"column":19},"end":{"line":1,"column":37}},"1":{"start":{"line":2,"column":19},"end":{"line":2,"column":31}},"2":{"start":{"line":3,"column":32},"end":{"line":3,"column":76}},"3":{"start":{"line":5,"column":0},"end":{"line":5,"column":33}},"4":{"start":{"line":6,"column":0},"end":{"line":6,"column":43}},"5":{"start":{"line":8,"column":0},"end":{"line":8,"column":32}}},"fnMap":{},"branchMap":{},"s":{"0":1,"1":1,"2":1,"3":1,"4":1,"5":1},"f":{},"b":{},"_coverageSchema":"1a1c01bbd47fc00a2c39e90264f33305004495a9","hash":"39b4980cc631d0f37e44a8097afffdeeab626ffb","contentHash":"8942634d505cd48a8d0196fa185997a652c9200e94edd3988d3a2ee2f21e2900"},"C:\\Users\\peerf\\OneDrive - Shenkar College\\Documents\\שנקר הנדסת תוכנה\\שנה ג\\שירותי מארג האינטרנט - דויד אביגד\\ABtest\\router\\user.routes.js":{"path":"C:\\Users\\peerf\\OneDrive - Shenkar College\\Documents\\שנקר הנדסת תוכנה\\שנה ג\\שירותי מארג האינטרנט - דויד אביגד\\ABtest\\router\\user.routes.js","statementMap":{"0":{"start":{"line":1,"column":19},"end":{"line":1,"column":37}},"1":{"start":{"line":2,"column":19},"end":{"line":2,"column":31}},"2":{"start":{"line":12,"column":4},"end":{"line":12,"column":44}},"3":{"start":{"line":15,"column":0},"end":{"line":15,"column":40}},"4":{"start":{"line":18,"column":0},"end":{"line":18,"column":63}},"5":{"start":{"line":21,"column":0},"end":{"line":21,"column":37}},"6":{"start":{"line":24,"column":0},"end":{"line":24,"column":30}},"7":{"start":{"line":27,"column":0},"end":{"line":27,"column":43}},"8":{"start":{"line":29,"column":0},"end":{"line":29,"column":32}},"9":{"start":{"line":31,"column":0},"end":{"line":31,"column":32}}},"fnMap":{},"branchMap":{},"s":{"0":1,"1":1,"2":1,"3":1,"4":1,"5":1,"6":1,"7":1,"8":1,"9":1},"f":{},"b":{},"_coverageSchema":"1a1c01bbd47fc00a2c39e90264f33305004495a9","hash":"05449f758f74ab5a814cb9b52cdae90842493f2b","contentHash":"1b0539075dac4fc9a29a56644c8ed6f8821e2d463e000d2d32eafa090bbd2958"},"C:\\Users\\peerf\\OneDrive - Shenkar College\\Documents\\שנקר הנדסת תוכנה\\שנה ג\\שירותי מארג האינטרנט - דויד אביגד\\ABtest\\Service\\cron.job.js":{"path":"C:\\Users\\peerf\\OneDrive - Shenkar College\\Documents\\שנקר הנדסת תוכנה\\שנה ג\\שירותי מארג האינטרנט - דויד אביגד\\ABtest\\Service\\cron.job.js","statementMap":{"0":{"start":{"line":1,"column":13},"end":{"line":1,"column":33}},"1":{"start":{"line":2,"column":29},"end":{"line":2,"column":77}},"2":{"start":{"line":3,"column":19},"end":{"line":3,"column":56}},"3":{"start":{"line":4,"column":31},"end":{"line":20,"column":1}},"4":{"start":{"line":5,"column":16},"end":{"line":19,"column":6}},"5":{"start":{"line":6,"column":28},"end":{"line":6,"column":38}},"6":{"start":{"line":7,"column":8},"end":{"line":7,"column":57}},"7":{"start":{"line":8,"column":28},"end":{"line":8,"column":61}},"8":{"start":{"line":9,"column":8},"end":{"line":18,"column":9}},"9":{"start":{"line":10,"column":26},"end":{"line":10,"column":65}},"10":{"start":{"line":11,"column":24},"end":{"line":11,"column":61}},"11":{"start":{"line":13,"column":12},"end":{"line":17,"column":13}},"12":{"start":{"line":14,"column":16},"end":{"line":14,"column":85}},"13":{"start":{"line":15,"column":19},"end":{"line":17,"column":13}},"14":{"start":{"line":16,"column":16},"end":{"line":16,"column":84}},"15":{"start":{"line":22,"column":0},"end":{"line":24,"column":3}},"16":{"start":{"line":23,"column":4},"end":{"line":23,"column":55}},"17":{"start":{"line":26,"column":0},"end":{"line":28,"column":1}}},"fnMap":{"0":{"name":"(anonymous_0)","decl":{"start":{"line":4,"column":31},"end":{"line":4,"column":32}},"loc":{"start":{"line":4,"column":37},"end":{"line":20,"column":1}},"line":4},"1":{"name":"(anonymous_1)","decl":{"start":{"line":5,"column":43},"end":{"line":5,"column":44}},"loc":{"start":{"line":5,"column":55},"end":{"line":19,"column":5}},"line":5},"2":{"name":"(anonymous_2)","decl":{"start":{"line":22,"column":27},"end":{"line":22,"column":28}},"loc":{"start":{"line":22,"column":39},"end":{"line":24,"column":1}},"line":22}},"branchMap":{"0":{"loc":{"start":{"line":13,"column":12},"end":{"line":17,"column":13}},"type":"if","locations":[{"start":{"line":13,"column":12},"end":{"line":17,"column":13}},{"start":{"line":13,"column":12},"end":{"line":17,"column":13}}],"line":13},"1":{"loc":{"start":{"line":13,"column":16},"end":{"line":13,"column":93}},"type":"binary-expr","locations":[{"start":{"line":13,"column":16},"end":{"line":13,"column":47}},{"start":{"line":13,"column":51},"end":{"line":13,"column":71}},{"start":{"line":13,"column":75},"end":{"line":13,"column":93}}],"line":13},"2":{"loc":{"start":{"line":15,"column":19},"end":{"line":17,"column":13}},"type":"if","locations":[{"start":{"line":15,"column":19},"end":{"line":17,"column":13}},{"start":{"line":15,"column":19},"end":{"line":17,"column":13}}],"line":15},"3":{"loc":{"start":{"line":15,"column":23},"end":{"line":15,"column":75}},"type":"binary-expr","locations":[{"start":{"line":15,"column":23},"end":{"line":15,"column":53}},{"start":{"line":15,"column":57},"end":{"line":15,"column":75}}],"line":15}},"s":{"0":1,"1":1,"2":1,"3":1,"4":0,"5":0,"6":0,"7":0,"8":0,"9":0,"10":0,"11":0,"12":0,"13":0,"14":0,"15":1,"16":0,"17":1},"f":{"0":0,"1":0,"2":0},"b":{"0":[0,0],"1":[0,0,0],"2":[0,0],"3":[0,0]},"_coverageSchema":"1a1c01bbd47fc00a2c39e90264f33305004495a9","hash":"5271372304cb1a355950764c9329447294a3748e","contentHash":"bc709059bb396c79c1970b2ae7231a6c9731d428b3d11a42b2ec372f9b4e012e"}}